2026-05-25T12:44:20.629646Z  INFO mistralrs::commands::quant: quant: --quant 8 -> UQFF q8_0 from `mistralrs-community/gemma-4-E4B-it-UQFF`
2026-05-25T12:44:20.629746Z  INFO mistralrs::commands::bench: Loading model for benchmarking...
2026-05-25T12:44:21.290634Z  INFO mistralrs_quant::utils::log: DType selected is BF16.
2026-05-25T12:44:21.416969Z  INFO mistralrs_core::pipeline::loaders::auto_device_map: Using automatic device mapping parameters: multimodal[max_seq_len: 20000, max_batch_size: 1, max_image_shape: (1024, 1024), max_num_images: 1].
2026-05-25T12:44:21.417009Z  INFO mistralrs_core::pipeline::loaders::auto_device_map: The following sub-models will not be device mapped and will be loaded on cuda[0]: vision, audio
2026-05-25T12:44:21.417048Z  INFO mistralrs_quant::utils::log: Model has 42 repeating layers.
2026-05-25T12:44:21.417094Z  INFO mistralrs_quant::utils::log: Loading model according to the following repeating layer mappings:
2026-05-25T12:44:21.457601Z  INFO mistralrs_quant::utils::log: Layers 0-41: cuda[0] (90 GB)
2026-05-25T12:44:21.514746Z  INFO mistralrs_quant::utils::log: FlashAttention is enabled.
2026-05-25T12:44:21.514790Z  INFO mistralrs_core::pipeline::multimodal: Loading residual weights and preparing UQFF placeholders.
2026-05-25T12:44:48.416533Z  INFO mistralrs_core::pipeline::isq: Loading UQFF artifacts into 379 quantized tensors.
2026-05-25T12:44:48.716949Z  INFO mistralrs_core::pipeline::isq: Loaded UQFF artifacts into 379 quantized tensors. Took 0.30s
2026-05-25T12:44:48.814650Z  INFO mistralrs_core::paged_attention: Allocating 1912 MB for PagedAttention KV cache per GPU
2026-05-25T12:44:48.814671Z  INFO mistralrs_core::paged_attention: PagedAttention KV cache type is BF16
2026-05-25T12:44:48.814673Z  INFO mistralrs_core::paged_attention: Using PagedAttention with block size 32 and 624 GPU blocks: available context length is 19968 tokens
2026-05-25T12:44:50.286588Z  INFO mistralrs_server_core::mistralrs_for_server_builder: Model loaded.
2026-05-25T12:44:50.286629Z  INFO mistralrs_core: git revision: b5ba77b7bb8027c0284ff07fda9c9d5c290109ce
2026-05-25T12:44:50.288056Z  INFO mistralrs_core: Pipeline input modalities are [📝 Text, 🖼️ Vision, 🎬 Video, 🔊 Audio]
2026-05-25T12:44:50.288079Z  INFO mistralrs_core: Pipeline output modalities are [📝 Text]
2026-05-25T12:44:50.385726Z  INFO mistralrs::commands::bench: Model loaded.
2026-05-25T12:44:50.385761Z  INFO mistralrs::commands::bench: Running 1 iteration(s) with prompt lengths [16384], 0 generation tokens, decode depths [1]...
2026-05-25T12:44:50.385766Z  INFO mistralrs::commands::bench: Iteration 1/1...

Benchmark Results
=================

Model: google/gemma-4-E4B-it
Iterations: 1

┌────────────────────────┬──────────────┬───────────────────┐
│ Test                   ┆ T/s          ┆ Latency           │
╞════════════════════════╪══════════════╪═══════════════════╡
│ Prefill (16384 tokens) ┆ 4773.9 ± 0.0 ┆ 3432.00 ms (TTFT) │
└────────────────────────┴──────────────┴───────────────────┘

