2026-05-25T12:41:29.172246Z  INFO mistralrs::commands::quant: quant: --quant 8 -> UQFF q8_0 from `mistralrs-community/gemma-4-E4B-it-UQFF`
2026-05-25T12:41:29.172324Z  INFO mistralrs::commands::bench: Loading model for benchmarking...
2026-05-25T12:41:29.825652Z  INFO mistralrs_quant::utils::log: DType selected is BF16.
2026-05-25T12:41:29.943470Z  INFO mistralrs_core::pipeline::loaders::auto_device_map: Using automatic device mapping parameters: multimodal[max_seq_len: 10000, max_batch_size: 1, max_image_shape: (1024, 1024), max_num_images: 1].
2026-05-25T12:41:29.943514Z  INFO mistralrs_core::pipeline::loaders::auto_device_map: The following sub-models will not be device mapped and will be loaded on cuda[0]: vision, audio
2026-05-25T12:41:29.943558Z  INFO mistralrs_quant::utils::log: Model has 42 repeating layers.
2026-05-25T12:41:29.943607Z  INFO mistralrs_quant::utils::log: Loading model according to the following repeating layer mappings:
2026-05-25T12:41:29.982472Z  INFO mistralrs_quant::utils::log: Layers 0-41: cuda[0] (90 GB)
2026-05-25T12:41:30.038262Z  INFO mistralrs_quant::utils::log: FlashAttention is enabled.
2026-05-25T12:41:30.038309Z  INFO mistralrs_core::pipeline::multimodal: Loading residual weights and preparing UQFF placeholders.
2026-05-25T12:41:57.058610Z  INFO mistralrs_core::pipeline::isq: Loading UQFF artifacts into 379 quantized tensors.
2026-05-25T12:41:57.357013Z  INFO mistralrs_core::pipeline::isq: Loaded UQFF artifacts into 379 quantized tensors. Took 0.30s
2026-05-25T12:41:57.448641Z  INFO mistralrs_core::paged_attention: Allocating 956 MB for PagedAttention KV cache per GPU
2026-05-25T12:41:57.448666Z  INFO mistralrs_core::paged_attention: PagedAttention KV cache type is BF16
2026-05-25T12:41:57.448669Z  INFO mistralrs_core::paged_attention: Using PagedAttention with block size 32 and 312 GPU blocks: available context length is 9984 tokens
2026-05-25T12:41:58.907485Z  INFO mistralrs_server_core::mistralrs_for_server_builder: Model loaded.
2026-05-25T12:41:58.907527Z  INFO mistralrs_core: git revision: b5ba77b7bb8027c0284ff07fda9c9d5c290109ce
2026-05-25T12:41:58.908968Z  INFO mistralrs_core: Pipeline input modalities are [📝 Text, 🖼️ Vision, 🎬 Video, 🔊 Audio]
2026-05-25T12:41:58.908989Z  INFO mistralrs_core: Pipeline output modalities are [📝 Text]
2026-05-25T12:41:58.995815Z  INFO mistralrs::commands::bench: Model loaded.
2026-05-25T12:41:58.995849Z  INFO mistralrs::commands::bench: Running 1 iteration(s) with prompt lengths [8192], 0 generation tokens, decode depths [1]...
2026-05-25T12:41:58.995853Z  INFO mistralrs::commands::bench: Iteration 1/1...
