2026-05-25T12:40:18.521246Z  INFO mistralrs::commands::quant: quant: --quant 8 -> UQFF q8_0 from `mistralrs-community/gemma-4-E4B-it-UQFF`
2026-05-25T12:40:18.521353Z  INFO mistralrs::commands::bench: Loading model for benchmarking...
2026-05-25T12:40:19.194517Z  INFO mistralrs_quant::utils::log: DType selected is BF16.
2026-05-25T12:40:19.330224Z  INFO mistralrs_core::pipeline::loaders::auto_device_map: Using automatic device mapping parameters: multimodal[max_seq_len: 4096, max_batch_size: 1, max_image_shape: (1024, 1024), max_num_images: 1].
2026-05-25T12:40:19.330266Z  INFO mistralrs_core::pipeline::loaders::auto_device_map: The following sub-models will not be device mapped and will be loaded on cuda[0]: vision, audio
2026-05-25T12:40:19.330344Z  INFO mistralrs_quant::utils::log: Model has 42 repeating layers.
2026-05-25T12:40:19.330355Z  INFO mistralrs_quant::utils::log: Loading model according to the following repeating layer mappings:
2026-05-25T12:40:19.368379Z  INFO mistralrs_quant::utils::log: Layers 0-41: cuda[0] (90 GB)
2026-05-25T12:40:19.425915Z  INFO mistralrs_quant::utils::log: FlashAttention is enabled.
2026-05-25T12:40:19.425953Z  INFO mistralrs_core::pipeline::multimodal: Loading residual weights and preparing UQFF placeholders.
2026-05-25T12:40:46.311587Z  INFO mistralrs_core::pipeline::isq: Loading UQFF artifacts into 379 quantized tensors.
2026-05-25T12:40:46.604306Z  INFO mistralrs_core::pipeline::isq: Loaded UQFF artifacts into 379 quantized tensors. Took 0.29s
2026-05-25T12:40:46.704931Z  INFO mistralrs_core::paged_attention: Allocating 391 MB for PagedAttention KV cache per GPU
2026-05-25T12:40:46.704952Z  INFO mistralrs_core::paged_attention: PagedAttention KV cache type is BF16
2026-05-25T12:40:46.704955Z  INFO mistralrs_core::paged_attention: Using PagedAttention with block size 32 and 127 GPU blocks: available context length is 4064 tokens
2026-05-25T12:40:48.124150Z  INFO mistralrs_server_core::mistralrs_for_server_builder: Model loaded.
2026-05-25T12:40:48.124193Z  INFO mistralrs_core: git revision: b5ba77b7bb8027c0284ff07fda9c9d5c290109ce
2026-05-25T12:40:48.125891Z  INFO mistralrs_core: Pipeline input modalities are [📝 Text, 🖼️ Vision, 🎬 Video, 🔊 Audio]
2026-05-25T12:40:48.125913Z  INFO mistralrs_core: Pipeline output modalities are [📝 Text]
2026-05-25T12:40:48.229942Z  INFO mistralrs::commands::bench: Model loaded.
2026-05-25T12:40:48.229979Z  INFO mistralrs::commands::bench: Running 1 iteration(s) with prompt lengths [128], 0 generation tokens, decode depths [1]...
2026-05-25T12:40:48.229983Z  INFO mistralrs::commands::bench: Iteration 1/1...

Benchmark Results
=================

Model: google/gemma-4-E4B-it
Iterations: 1

┌──────────────────────┬──────────────┬─────────────────┐
│ Test                 ┆ T/s          ┆ Latency         │
╞══════════════════════╪══════════════╪═════════════════╡
│ Prefill (128 tokens) ┆ 2976.7 ± 0.0 ┆ 43.00 ms (TTFT) │
└──────────────────────┴──────────────┴─────────────────┘

