2026-05-25T12:25:35.602277Z  INFO mistralrs::commands::quant: quant: --quant 8 -> UQFF q8_0 from `mistralrs-community/gemma-4-E4B-it-UQFF`
2026-05-25T12:25:35.602338Z  INFO mistralrs::commands::bench: Loading model for benchmarking...
2026-05-25T12:25:36.259894Z  INFO mistralrs_quant::utils::log: DType selected is BF16.
2026-05-25T12:25:36.396530Z  INFO mistralrs_core::pipeline::loaders::auto_device_map: Using automatic device mapping parameters: multimodal[max_seq_len: 20000, max_batch_size: 1, max_image_shape: (1024, 1024), max_num_images: 1].
2026-05-25T12:25:36.396561Z  INFO mistralrs_core::pipeline::loaders::auto_device_map: The following sub-models will not be device mapped and will be loaded on cuda[0]: vision, audio
2026-05-25T12:25:36.396648Z  INFO mistralrs_quant::utils::log: Model has 42 repeating layers.
2026-05-25T12:25:36.396661Z  INFO mistralrs_quant::utils::log: Loading model according to the following repeating layer mappings:
2026-05-25T12:25:36.435789Z  INFO mistralrs_quant::utils::log: Layers 0-41: cuda[0] (90 GB)
2026-05-25T12:25:36.492703Z  INFO mistralrs_quant::utils::log: FlashAttention is enabled.
2026-05-25T12:25:36.492739Z  INFO mistralrs_core::pipeline::multimodal: Loading residual weights and preparing UQFF placeholders.
2026-05-25T12:26:03.536428Z  INFO mistralrs_core::pipeline::isq: Loading UQFF artifacts into 379 quantized tensors.
2026-05-25T12:26:03.824658Z  INFO mistralrs_core::pipeline::isq: Loaded UQFF artifacts into 379 quantized tensors. Took 0.29s
2026-05-25T12:26:03.914950Z  INFO mistralrs_core::paged_attention: Allocating 1912 MB for PagedAttention KV cache per GPU
2026-05-25T12:26:03.914969Z  INFO mistralrs_core::paged_attention: PagedAttention KV cache type is BF16
2026-05-25T12:26:03.914972Z  INFO mistralrs_core::paged_attention: Using PagedAttention with block size 32 and 624 GPU blocks: available context length is 19968 tokens
2026-05-25T12:26:05.399555Z  INFO mistralrs_server_core::mistralrs_for_server_builder: Model loaded.
2026-05-25T12:26:05.399593Z  INFO mistralrs_core: git revision: b5ba77b7bb8027c0284ff07fda9c9d5c290109ce
2026-05-25T12:26:05.401018Z  INFO mistralrs_core: Pipeline input modalities are [📝 Text, 🖼️ Vision, 🎬 Video, 🔊 Audio]
2026-05-25T12:26:05.401038Z  INFO mistralrs_core: Pipeline output modalities are [📝 Text]
gemma4-profile phase=compute_ple 19.027ms
gemma4-profile phase=paged_regular_sdpa seq_len=1 heads=8 1.703ms
gemma4-profile phase=paged_cache_write path=regular seq_len=1 heads=2 27.366ms
gemma4-profile phase=layer layer=0 kind=sliding reduced=false 31.052ms
gemma4-profile phase=paged_regular_sdpa seq_len=1 heads=8 0.022ms
gemma4-profile phase=paged_cache_write path=regular seq_len=1 heads=2 0.010ms
gemma4-profile phase=layer layer=1 kind=sliding reduced=false 0.569ms
gemma4-profile phase=paged_regular_sdpa seq_len=1 heads=8 0.012ms
gemma4-profile phase=paged_cache_write path=regular seq_len=1 heads=2 0.009ms
gemma4-profile phase=layer layer=2 kind=sliding reduced=false 0.551ms
gemma4-profile phase=paged_regular_sdpa seq_len=1 heads=8 0.012ms
gemma4-profile phase=paged_cache_write path=regular seq_len=1 heads=2 0.009ms
gemma4-profile phase=layer layer=3 kind=sliding reduced=false 0.536ms
gemma4-profile phase=paged_regular_sdpa seq_len=1 heads=8 0.012ms
gemma4-profile phase=paged_cache_write path=regular seq_len=1 heads=2 0.009ms
gemma4-profile phase=layer layer=4 kind=sliding reduced=false 0.555ms
gemma4-profile phase=paged_regular_sdpa seq_len=1 heads=8 2.285ms
gemma4-profile phase=paged_cache_write path=regular seq_len=1 heads=2 0.011ms
gemma4-profile phase=layer layer=5 kind=global reduced=false 2.916ms
gemma4-profile phase=paged_regular_sdpa seq_len=1 heads=8 0.017ms
gemma4-profile phase=paged_cache_write path=regular seq_len=1 heads=2 0.009ms
gemma4-profile phase=layer layer=6 kind=sliding reduced=false 0.557ms
gemma4-profile phase=paged_regular_sdpa seq_len=1 heads=8 0.012ms
gemma4-profile phase=paged_cache_write path=regular seq_len=1 heads=2 0.009ms
gemma4-profile phase=layer layer=7 kind=sliding reduced=false 0.549ms
gemma4-profile phase=paged_regular_sdpa seq_len=1 heads=8 0.012ms
gemma4-profile phase=paged_cache_write path=regular seq_len=1 heads=2 0.009ms
gemma4-profile phase=layer layer=8 kind=sliding reduced=false 0.563ms
gemma4-profile phase=paged_regular_sdpa seq_len=1 heads=8 0.012ms
gemma4-profile phase=paged_cache_write path=regular seq_len=1 heads=2 0.009ms
gemma4-profile phase=layer layer=9 kind=sliding reduced=false 0.544ms
gemma4-profile phase=paged_regular_sdpa seq_len=1 heads=8 0.012ms
gemma4-profile phase=paged_cache_write path=regular seq_len=1 heads=2 0.009ms
gemma4-profile phase=layer layer=10 kind=sliding reduced=false 0.549ms
gemma4-profile phase=paged_regular_sdpa seq_len=1 heads=8 0.016ms
gemma4-profile phase=paged_cache_write path=regular seq_len=1 heads=2 0.009ms
gemma4-profile phase=layer layer=11 kind=global reduced=false 0.622ms
gemma4-profile phase=paged_regular_sdpa seq_len=1 heads=8 0.012ms
gemma4-profile phase=paged_cache_write path=regular seq_len=1 heads=2 0.009ms
gemma4-profile phase=layer layer=12 kind=sliding reduced=false 0.542ms
gemma4-profile phase=paged_regular_sdpa seq_len=1 heads=8 0.012ms
gemma4-profile phase=paged_cache_write path=regular seq_len=1 heads=2 0.009ms
gemma4-profile phase=layer layer=13 kind=sliding reduced=false 0.561ms
gemma4-profile phase=paged_regular_sdpa seq_len=1 heads=8 0.011ms
gemma4-profile phase=paged_cache_write path=regular seq_len=1 heads=2 0.009ms
gemma4-profile phase=layer layer=14 kind=sliding reduced=false 0.555ms
gemma4-profile phase=paged_regular_sdpa seq_len=1 heads=8 0.012ms
gemma4-profile phase=paged_cache_write path=regular seq_len=1 heads=2 0.009ms
gemma4-profile phase=layer layer=15 kind=sliding reduced=false 0.547ms
gemma4-profile phase=paged_regular_sdpa seq_len=1 heads=8 0.012ms
gemma4-profile phase=paged_cache_write path=regular seq_len=1 heads=2 0.009ms
gemma4-profile phase=layer layer=16 kind=sliding reduced=false 0.537ms
gemma4-profile phase=paged_regular_sdpa seq_len=1 heads=8 0.016ms
gemma4-profile phase=paged_cache_write path=regular seq_len=1 heads=2 0.009ms
gemma4-profile phase=layer layer=17 kind=global reduced=false 0.618ms
gemma4-profile phase=paged_regular_sdpa seq_len=1 heads=8 0.012ms
gemma4-profile phase=paged_cache_write path=regular seq_len=1 heads=2 0.009ms
gemma4-profile phase=layer layer=18 kind=sliding reduced=false 0.520ms
gemma4-profile phase=paged_regular_sdpa seq_len=1 heads=8 0.012ms
gemma4-profile phase=paged_cache_write path=regular seq_len=1 heads=2 0.009ms
gemma4-profile phase=layer layer=19 kind=sliding reduced=false 0.538ms
gemma4-profile phase=paged_regular_sdpa seq_len=1 heads=8 0.014ms
gemma4-profile phase=paged_cache_write path=regular seq_len=1 heads=2 0.009ms
gemma4-profile phase=layer layer=20 kind=sliding reduced=false 0.531ms
gemma4-profile phase=paged_regular_sdpa seq_len=1 heads=8 0.012ms
gemma4-profile phase=paged_cache_write path=regular seq_len=1 heads=2 0.009ms
gemma4-profile phase=layer layer=21 kind=sliding reduced=false 0.548ms
gemma4-profile phase=paged_regular_sdpa seq_len=1 heads=8 0.012ms
gemma4-profile phase=paged_cache_write path=regular seq_len=1 heads=2 0.009ms
gemma4-profile phase=layer layer=22 kind=sliding reduced=false 0.559ms
gemma4-profile phase=paged_regular_sdpa seq_len=1 heads=8 0.015ms
gemma4-profile phase=paged_cache_write path=regular seq_len=1 heads=2 0.009ms
gemma4-profile phase=layer layer=23 kind=global reduced=false 0.623ms
gemma4-profile phase=paged_gather seq_len=1 max_kv=1 write_cache=false 0.043ms
gemma4-profile phase=paged_prefix_sdpa packed=true seq_len=1 max_q=1 max_k=1 0.013ms
gemma4-profile phase=layer layer=24 kind=shared reduced=false 0.594ms
gemma4-profile phase=paged_gather seq_len=1 max_kv=1 write_cache=false 0.018ms
gemma4-profile phase=paged_prefix_sdpa packed=true seq_len=1 max_q=1 max_k=1 0.012ms
gemma4-profile phase=layer layer=25 kind=shared reduced=false 0.548ms
gemma4-profile phase=paged_gather seq_len=1 max_kv=1 write_cache=false 0.018ms
gemma4-profile phase=paged_prefix_sdpa packed=true seq_len=1 max_q=1 max_k=1 0.012ms
gemma4-profile phase=layer layer=26 kind=shared reduced=false 0.549ms
gemma4-profile phase=paged_gather seq_len=1 max_kv=1 write_cache=false 0.019ms
gemma4-profile phase=paged_prefix_sdpa packed=true seq_len=1 max_q=1 max_k=1 0.012ms
gemma4-profile phase=layer layer=27 kind=shared reduced=false 0.554ms
gemma4-profile phase=paged_gather seq_len=1 max_kv=1 write_cache=false 0.017ms
gemma4-profile phase=paged_prefix_sdpa packed=true seq_len=1 max_q=1 max_k=1 0.012ms
gemma4-profile phase=layer layer=28 kind=shared reduced=false 0.536ms
gemma4-profile phase=paged_gather seq_len=1 max_kv=1 write_cache=false 0.018ms
gemma4-profile phase=paged_prefix_sdpa packed=true seq_len=1 max_q=1 max_k=1 0.016ms
gemma4-profile phase=layer layer=29 kind=shared reduced=false 0.612ms
gemma4-profile phase=paged_gather seq_len=1 max_kv=1 write_cache=false 0.017ms
gemma4-profile phase=paged_prefix_sdpa packed=true seq_len=1 max_q=1 max_k=1 0.012ms
gemma4-profile phase=layer layer=30 kind=shared reduced=false 0.548ms
gemma4-profile phase=paged_gather seq_len=1 max_kv=1 write_cache=false 0.017ms
gemma4-profile phase=paged_prefix_sdpa packed=true seq_len=1 max_q=1 max_k=1 0.012ms
gemma4-profile phase=layer layer=31 kind=shared reduced=false 0.548ms
gemma4-profile phase=paged_gather seq_len=1 max_kv=1 write_cache=false 0.017ms
gemma4-profile phase=paged_prefix_sdpa packed=true seq_len=1 max_q=1 max_k=1 0.012ms
gemma4-profile phase=layer layer=32 kind=shared reduced=false 0.555ms
gemma4-profile phase=paged_gather seq_len=1 max_kv=1 write_cache=false 0.017ms
gemma4-profile phase=paged_prefix_sdpa packed=true seq_len=1 max_q=1 max_k=1 0.012ms
gemma4-profile phase=layer layer=33 kind=shared reduced=false 0.531ms
gemma4-profile phase=paged_gather seq_len=1 max_kv=1 write_cache=false 0.017ms
gemma4-profile phase=paged_prefix_sdpa packed=true seq_len=1 max_q=1 max_k=1 0.013ms
gemma4-profile phase=layer layer=34 kind=shared reduced=false 0.541ms
gemma4-profile phase=paged_gather seq_len=1 max_kv=1 write_cache=false 0.018ms
gemma4-profile phase=paged_prefix_sdpa packed=true seq_len=1 max_q=1 max_k=1 0.016ms
gemma4-profile phase=layer layer=35 kind=shared reduced=false 0.605ms
gemma4-profile phase=paged_gather seq_len=1 max_kv=1 write_cache=false 0.018ms
gemma4-profile phase=paged_prefix_sdpa packed=true seq_len=1 max_q=1 max_k=1 0.012ms
gemma4-profile phase=layer layer=36 kind=shared reduced=false 0.546ms
gemma4-profile phase=paged_gather seq_len=1 max_kv=1 write_cache=false 0.019ms
gemma4-profile phase=paged_prefix_sdpa packed=true seq_len=1 max_q=1 max_k=1 0.012ms
gemma4-profile phase=layer layer=37 kind=shared reduced=false 0.556ms
gemma4-profile phase=paged_gather seq_len=1 max_kv=1 write_cache=false 0.017ms
gemma4-profile phase=paged_prefix_sdpa packed=true seq_len=1 max_q=1 max_k=1 0.012ms
gemma4-profile phase=layer layer=38 kind=shared reduced=false 0.530ms
gemma4-profile phase=paged_gather seq_len=1 max_kv=1 write_cache=false 0.019ms
gemma4-profile phase=paged_prefix_sdpa packed=true seq_len=1 max_q=1 max_k=1 0.012ms
gemma4-profile phase=layer layer=39 kind=shared reduced=false 0.554ms
gemma4-profile phase=paged_gather seq_len=1 max_kv=1 write_cache=false 0.017ms
gemma4-profile phase=paged_prefix_sdpa packed=true seq_len=1 max_q=1 max_k=1 0.012ms
gemma4-profile phase=layer layer=40 kind=shared reduced=false 0.538ms
gemma4-profile phase=paged_gather seq_len=1 max_kv=1 write_cache=false 0.017ms
gemma4-profile phase=paged_prefix_sdpa packed=true seq_len=1 max_q=1 max_k=1 0.015ms
gemma4-profile phase=layer layer=41 kind=shared reduced=false 0.597ms
gemma4-profile phase=final_norm_logits 0.009ms
gemma4-profile phase=lm_head 3.298ms
gemma4-profile phase=softcap 0.057ms
2026-05-25T12:26:05.501515Z  INFO mistralrs::commands::bench: Model loaded.
2026-05-25T12:26:05.501550Z  INFO mistralrs::commands::bench: Running 1 iteration(s) with prompt lengths [16384], 0 generation tokens, decode depths [1]...
2026-05-25T12:26:05.501554Z  INFO mistralrs::commands::bench: Iteration 1/1...
gemma4-profile phase=compute_ple 113.379ms
gemma4-profile phase=paged_regular_sdpa seq_len=16384 heads=8 10.682ms
gemma4-profile phase=paged_cache_write path=regular seq_len=16384 heads=2 0.283ms
gemma4-profile phase=layer layer=0 kind=sliding reduced=false 180.992ms
gemma4-profile phase=paged_regular_sdpa seq_len=16384 heads=8 6.842ms
gemma4-profile phase=paged_cache_write path=regular seq_len=16384 heads=2 0.308ms
gemma4-profile phase=layer layer=1 kind=sliding reduced=false 174.624ms
gemma4-profile phase=paged_regular_sdpa seq_len=16384 heads=8 7.132ms
gemma4-profile phase=paged_cache_write path=regular seq_len=16384 heads=2 0.300ms
gemma4-profile phase=layer layer=2 kind=sliding reduced=false 177.133ms
gemma4-profile phase=paged_regular_sdpa seq_len=16384 heads=8 7.336ms
gemma4-profile phase=paged_cache_write path=regular seq_len=16384 heads=2 0.315ms
gemma4-profile phase=layer layer=3 kind=sliding reduced=false 176.501ms
gemma4-profile phase=paged_regular_sdpa seq_len=16384 heads=8 6.720ms
gemma4-profile phase=paged_cache_write path=regular seq_len=16384 heads=2 0.320ms
gemma4-profile phase=layer layer=4 kind=sliding reduced=false 174.247ms
gemma4-profile phase=paged_regular_sdpa seq_len=16384 heads=8 163.163ms
gemma4-profile phase=paged_cache_write path=regular seq_len=16384 heads=2 0.582ms
gemma4-profile phase=layer layer=5 kind=global reduced=false 345.148ms
gemma4-profile phase=paged_regular_sdpa seq_len=16384 heads=8 7.329ms
gemma4-profile phase=paged_cache_write path=regular seq_len=16384 heads=2 0.319ms
gemma4-profile phase=layer layer=6 kind=sliding reduced=false 175.030ms
gemma4-profile phase=paged_regular_sdpa seq_len=16384 heads=8 6.805ms
gemma4-profile phase=paged_cache_write path=regular seq_len=16384 heads=2 0.303ms
gemma4-profile phase=layer layer=7 kind=sliding reduced=false 174.995ms
gemma4-profile phase=paged_regular_sdpa seq_len=16384 heads=8 6.702ms
gemma4-profile phase=paged_cache_write path=regular seq_len=16384 heads=2 0.364ms
gemma4-profile phase=layer layer=8 kind=sliding reduced=false 177.510ms
gemma4-profile phase=paged_regular_sdpa seq_len=16384 heads=8 6.761ms
gemma4-profile phase=paged_cache_write path=regular seq_len=16384 heads=2 0.310ms
gemma4-profile phase=layer layer=9 kind=sliding reduced=false 174.433ms
gemma4-profile phase=paged_regular_sdpa seq_len=16384 heads=8 6.732ms
gemma4-profile phase=paged_cache_write path=regular seq_len=16384 heads=2 0.297ms
gemma4-profile phase=layer layer=10 kind=sliding reduced=false 176.726ms
gemma4-profile phase=paged_regular_sdpa seq_len=16384 heads=8 167.303ms
gemma4-profile phase=paged_cache_write path=regular seq_len=16384 heads=2 0.577ms
gemma4-profile phase=layer layer=11 kind=global reduced=false 355.029ms
gemma4-profile phase=paged_regular_sdpa seq_len=16384 heads=8 6.328ms
gemma4-profile phase=paged_cache_write path=regular seq_len=16384 heads=2 0.302ms
gemma4-profile phase=layer layer=12 kind=sliding reduced=false 173.967ms
gemma4-profile phase=paged_regular_sdpa seq_len=16384 heads=8 6.866ms
gemma4-profile phase=paged_cache_write path=regular seq_len=16384 heads=2 0.297ms
gemma4-profile phase=layer layer=13 kind=sliding reduced=false 177.386ms
gemma4-profile phase=paged_regular_sdpa seq_len=16384 heads=8 6.981ms
gemma4-profile phase=paged_cache_write path=regular seq_len=16384 heads=2 0.309ms
gemma4-profile phase=layer layer=14 kind=sliding reduced=false 176.847ms
gemma4-profile phase=paged_regular_sdpa seq_len=16384 heads=8 6.750ms
gemma4-profile phase=paged_cache_write path=regular seq_len=16384 heads=2 0.307ms
gemma4-profile phase=layer layer=15 kind=sliding reduced=false 175.124ms
gemma4-profile phase=paged_regular_sdpa seq_len=16384 heads=8 6.744ms
gemma4-profile phase=paged_cache_write path=regular seq_len=16384 heads=2 0.303ms
gemma4-profile phase=layer layer=16 kind=sliding reduced=false 178.194ms
gemma4-profile phase=paged_regular_sdpa seq_len=16384 heads=8 167.230ms
gemma4-profile phase=paged_cache_write path=regular seq_len=16384 heads=2 0.580ms
gemma4-profile phase=layer layer=17 kind=global reduced=false 355.765ms
gemma4-profile phase=paged_regular_sdpa seq_len=16384 heads=8 5.693ms
gemma4-profile phase=paged_cache_write path=regular seq_len=16384 heads=2 0.309ms
gemma4-profile phase=layer layer=18 kind=sliding reduced=false 173.972ms
gemma4-profile phase=paged_regular_sdpa seq_len=16384 heads=8 6.924ms
gemma4-profile phase=paged_cache_write path=regular seq_len=16384 heads=2 0.295ms
gemma4-profile phase=layer layer=19 kind=sliding reduced=false 178.465ms
gemma4-profile phase=paged_regular_sdpa seq_len=16384 heads=8 6.797ms
gemma4-profile phase=paged_cache_write path=regular seq_len=16384 heads=2 0.311ms
gemma4-profile phase=layer layer=20 kind=sliding reduced=false 176.739ms
gemma4-profile phase=paged_regular_sdpa seq_len=16384 heads=8 7.421ms
gemma4-profile phase=paged_cache_write path=regular seq_len=16384 heads=2 0.309ms
gemma4-profile phase=layer layer=21 kind=sliding reduced=false 176.129ms
gemma4-profile phase=paged_regular_sdpa seq_len=16384 heads=8 7.193ms
gemma4-profile phase=paged_cache_write path=regular seq_len=16384 heads=2 0.306ms
gemma4-profile phase=layer layer=22 kind=sliding reduced=false 178.147ms
gemma4-profile phase=paged_regular_sdpa seq_len=16384 heads=8 165.903ms
gemma4-profile phase=paged_cache_write path=regular seq_len=16384 heads=2 0.576ms
gemma4-profile phase=layer layer=23 kind=global reduced=false 353.948ms
gemma4-profile phase=paged_gather seq_len=1 max_kv=16384 write_cache=false 1.653ms
gemma4-profile phase=paged_prefix_sdpa packed=true seq_len=1 max_q=1 max_k=16384 0.047ms
gemma4-profile phase=layer layer=24 kind=shared reduced=true 2.785ms
gemma4-profile phase=paged_gather seq_len=1 max_kv=16384 write_cache=false 1.497ms
gemma4-profile phase=paged_prefix_sdpa packed=true seq_len=1 max_q=1 max_k=16384 0.043ms
gemma4-profile phase=layer layer=25 kind=shared reduced=true 2.675ms
gemma4-profile phase=paged_gather seq_len=1 max_kv=16384 write_cache=false 1.471ms
gemma4-profile phase=paged_prefix_sdpa packed=true seq_len=1 max_q=1 max_k=16384 0.041ms
gemma4-profile phase=layer layer=26 kind=shared reduced=true 2.553ms
gemma4-profile phase=paged_gather seq_len=1 max_kv=16384 write_cache=false 1.562ms
gemma4-profile phase=paged_prefix_sdpa packed=true seq_len=1 max_q=1 max_k=16384 0.040ms
gemma4-profile phase=layer layer=27 kind=shared reduced=true 2.706ms
gemma4-profile phase=paged_gather seq_len=1 max_kv=16384 write_cache=false 1.469ms
gemma4-profile phase=paged_prefix_sdpa packed=true seq_len=1 max_q=1 max_k=16384 0.042ms
gemma4-profile phase=layer layer=28 kind=shared reduced=true 2.519ms
gemma4-profile phase=paged_gather seq_len=1 max_kv=16384 write_cache=false 3.022ms
gemma4-profile phase=paged_prefix_sdpa packed=true seq_len=1 max_q=1 max_k=16384 3.128ms
gemma4-profile phase=layer layer=29 kind=shared reduced=true 7.578ms
gemma4-profile phase=paged_gather seq_len=1 max_kv=16384 write_cache=false 1.532ms
gemma4-profile phase=paged_prefix_sdpa packed=true seq_len=1 max_q=1 max_k=16384 0.043ms
gemma4-profile phase=layer layer=30 kind=shared reduced=true 2.577ms
gemma4-profile phase=paged_gather seq_len=1 max_kv=16384 write_cache=false 1.543ms
gemma4-profile phase=paged_prefix_sdpa packed=true seq_len=1 max_q=1 max_k=16384 0.044ms
gemma4-profile phase=layer layer=31 kind=shared reduced=true 3.039ms
gemma4-profile phase=paged_gather seq_len=1 max_kv=16384 write_cache=false 1.709ms
gemma4-profile phase=paged_prefix_sdpa packed=true seq_len=1 max_q=1 max_k=16384 0.040ms
gemma4-profile phase=layer layer=32 kind=shared reduced=true 2.887ms
gemma4-profile phase=paged_gather seq_len=1 max_kv=16384 write_cache=false 1.448ms
gemma4-profile phase=paged_prefix_sdpa packed=true seq_len=1 max_q=1 max_k=16384 0.042ms
gemma4-profile phase=layer layer=33 kind=shared reduced=true 2.492ms
gemma4-profile phase=paged_gather seq_len=1 max_kv=16384 write_cache=false 1.445ms
gemma4-profile phase=paged_prefix_sdpa packed=true seq_len=1 max_q=1 max_k=16384 0.041ms
gemma4-profile phase=layer layer=34 kind=shared reduced=true 2.499ms
gemma4-profile phase=paged_gather seq_len=1 max_kv=16384 write_cache=false 3.018ms
gemma4-profile phase=paged_prefix_sdpa packed=true seq_len=1 max_q=1 max_k=16384 3.118ms
gemma4-profile phase=layer layer=35 kind=shared reduced=true 7.482ms
gemma4-profile phase=paged_gather seq_len=1 max_kv=16384 write_cache=false 1.551ms
gemma4-profile phase=paged_prefix_sdpa packed=true seq_len=1 max_q=1 max_k=16384 0.041ms
gemma4-profile phase=layer layer=36 kind=shared reduced=true 2.605ms
gemma4-profile phase=paged_gather seq_len=1 max_kv=16384 write_cache=false 1.670ms
gemma4-profile phase=paged_prefix_sdpa packed=true seq_len=1 max_q=1 max_k=16384 0.042ms
gemma4-profile phase=layer layer=37 kind=shared reduced=true 2.764ms
gemma4-profile phase=paged_gather seq_len=1 max_kv=16384 write_cache=false 1.567ms
gemma4-profile phase=paged_prefix_sdpa packed=true seq_len=1 max_q=1 max_k=16384 0.041ms
gemma4-profile phase=layer layer=38 kind=shared reduced=true 2.618ms
gemma4-profile phase=paged_gather seq_len=1 max_kv=16384 write_cache=false 1.456ms
gemma4-profile phase=paged_prefix_sdpa packed=true seq_len=1 max_q=1 max_k=16384 0.041ms
gemma4-profile phase=layer layer=39 kind=shared reduced=true 2.517ms
gemma4-profile phase=paged_gather seq_len=1 max_kv=16384 write_cache=false 1.458ms
gemma4-profile phase=paged_prefix_sdpa packed=true seq_len=1 max_q=1 max_k=16384 0.041ms
gemma4-profile phase=layer layer=40 kind=shared reduced=true 2.514ms
gemma4-profile phase=paged_gather seq_len=1 max_kv=16384 write_cache=false 3.016ms
gemma4-profile phase=paged_prefix_sdpa packed=true seq_len=1 max_q=1 max_k=16384 3.121ms
gemma4-profile phase=layer layer=41 kind=shared reduced=true 7.551ms
gemma4-profile phase=final_norm_logits 0.026ms
gemma4-profile phase=lm_head 3.293ms
gemma4-profile phase=softcap 0.031ms

Benchmark Results
=================

Model: google/gemma-4-E4B-it
Iterations: 1

┌────────────────────────┬──────────────┬───────────────────┐
│ Test                   ┆ T/s          ┆ Latency           │
╞════════════════════════╪══════════════╪═══════════════════╡
│ Prefill (16384 tokens) ┆ 3174.0 ± 0.0 ┆ 5162.00 ms (TTFT) │
└────────────────────────┴──────────────┴───────────────────┘

