2026-05-25T12:29:59.307351Z  INFO mistralrs::commands::quant: quant: --quant 8 -> UQFF q8_0 from `mistralrs-community/gemma-4-E4B-it-UQFF`
2026-05-25T12:29:59.307487Z  INFO mistralrs::commands::bench: Loading model for benchmarking...
2026-05-25T12:29:59.953938Z  INFO mistralrs_quant::utils::log: DType selected is BF16.
2026-05-25T12:30:00.088860Z  INFO mistralrs_core::pipeline::loaders::auto_device_map: Using automatic device mapping parameters: multimodal[max_seq_len: 20000, max_batch_size: 1, max_image_shape: (1024, 1024), max_num_images: 1].
2026-05-25T12:30:00.088892Z  INFO mistralrs_core::pipeline::loaders::auto_device_map: The following sub-models will not be device mapped and will be loaded on cuda[0]: vision, audio
2026-05-25T12:30:00.088963Z  INFO mistralrs_quant::utils::log: Model has 42 repeating layers.
2026-05-25T12:30:00.089118Z  INFO mistralrs_quant::utils::log: Loading model according to the following repeating layer mappings:
2026-05-25T12:30:00.126099Z  INFO mistralrs_quant::utils::log: Layers 0-41: cuda[0] (90 GB)
2026-05-25T12:30:00.184250Z  INFO mistralrs_quant::utils::log: FlashAttention is enabled.
2026-05-25T12:30:00.184379Z  INFO mistralrs_core::pipeline::multimodal: Loading residual weights and preparing UQFF placeholders.
2026-05-25T12:30:27.078054Z  INFO mistralrs_core::pipeline::isq: Loading UQFF artifacts into 379 quantized tensors.
2026-05-25T12:30:27.370065Z  INFO mistralrs_core::pipeline::isq: Loaded UQFF artifacts into 379 quantized tensors. Took 0.29s
2026-05-25T12:30:27.464193Z  INFO mistralrs_core::paged_attention: Allocating 1912 MB for PagedAttention KV cache per GPU
2026-05-25T12:30:27.464224Z  INFO mistralrs_core::paged_attention: PagedAttention KV cache type is BF16
2026-05-25T12:30:27.464228Z  INFO mistralrs_core::paged_attention: Using PagedAttention with block size 32 and 624 GPU blocks: available context length is 19968 tokens
2026-05-25T12:30:28.928742Z  INFO mistralrs_server_core::mistralrs_for_server_builder: Model loaded.
2026-05-25T12:30:28.928832Z  INFO mistralrs_core: git revision: b5ba77b7bb8027c0284ff07fda9c9d5c290109ce
2026-05-25T12:30:28.930391Z  INFO mistralrs_core: Pipeline input modalities are [📝 Text, 🖼️ Vision, 🎬 Video, 🔊 Audio]
2026-05-25T12:30:28.930417Z  INFO mistralrs_core: Pipeline output modalities are [📝 Text]
gemma4-profile phase=compute_ple 17.549ms
gemma4-profile phase=attn_project layer=0 shared=false seq_len=1 0.207ms
gemma4-profile phase=attn_rope_norm layer=0 shared=false sliding=true seq_len=1 0.338ms
gemma4-profile phase=paged_regular_sdpa seq_len=1 heads=8 4.656ms
gemma4-profile phase=paged_cache_write path=regular seq_len=1 heads=2 30.974ms
gemma4-profile phase=attn_o_proj layer=0 seq_len=1 0.054ms
gemma4-profile phase=ffn_mlp layer=0 seq_len=1 0.550ms
gemma4-profile phase=ple_gate layer=0 seq_len=1 0.014ms
gemma4-profile phase=ple_mul_act layer=0 seq_len=1 2.368ms
gemma4-profile phase=ple_proj layer=0 seq_len=1 0.020ms
gemma4-profile phase=layer layer=0 kind=sliding reduced=false 40.013ms
gemma4-profile phase=attn_project layer=1 shared=false seq_len=1 0.060ms
gemma4-profile phase=attn_rope_norm layer=1 shared=false sliding=true seq_len=1 0.015ms
gemma4-profile phase=paged_regular_sdpa seq_len=1 heads=8 0.023ms
gemma4-profile phase=paged_cache_write path=regular seq_len=1 heads=2 0.011ms
gemma4-profile phase=attn_o_proj layer=1 seq_len=1 0.036ms
gemma4-profile phase=ffn_mlp layer=1 seq_len=1 0.391ms
gemma4-profile phase=ple_gate layer=1 seq_len=1 0.013ms
gemma4-profile phase=ple_mul_act layer=1 seq_len=1 0.008ms
gemma4-profile phase=ple_proj layer=1 seq_len=1 0.017ms
gemma4-profile phase=layer layer=1 kind=sliding reduced=false 0.680ms
gemma4-profile phase=attn_project layer=2 shared=false seq_len=1 0.059ms
gemma4-profile phase=attn_rope_norm layer=2 shared=false sliding=true seq_len=1 0.010ms
gemma4-profile phase=paged_regular_sdpa seq_len=1 heads=8 0.013ms
gemma4-profile phase=paged_cache_write path=regular seq_len=1 heads=2 0.009ms
gemma4-profile phase=attn_o_proj layer=2 seq_len=1 0.037ms
gemma4-profile phase=ffn_mlp layer=2 seq_len=1 0.389ms
gemma4-profile phase=ple_gate layer=2 seq_len=1 0.015ms
gemma4-profile phase=ple_mul_act layer=2 seq_len=1 0.008ms
gemma4-profile phase=ple_proj layer=2 seq_len=1 0.016ms
gemma4-profile phase=layer layer=2 kind=sliding reduced=false 0.676ms
gemma4-profile phase=attn_project layer=3 shared=false seq_len=1 0.054ms
gemma4-profile phase=attn_rope_norm layer=3 shared=false sliding=true seq_len=1 0.010ms
gemma4-profile phase=paged_regular_sdpa seq_len=1 heads=8 0.012ms
gemma4-profile phase=paged_cache_write path=regular seq_len=1 heads=2 0.009ms
gemma4-profile phase=attn_o_proj layer=3 seq_len=1 0.036ms
gemma4-profile phase=ffn_mlp layer=3 seq_len=1 0.379ms
gemma4-profile phase=ple_gate layer=3 seq_len=1 0.014ms
gemma4-profile phase=ple_mul_act layer=3 seq_len=1 0.008ms
gemma4-profile phase=ple_proj layer=3 seq_len=1 0.014ms
gemma4-profile phase=layer layer=3 kind=sliding reduced=false 0.633ms
gemma4-profile phase=attn_project layer=4 shared=false seq_len=1 0.058ms
gemma4-profile phase=attn_rope_norm layer=4 shared=false sliding=true seq_len=1 0.009ms
gemma4-profile phase=paged_regular_sdpa seq_len=1 heads=8 0.012ms
gemma4-profile phase=paged_cache_write path=regular seq_len=1 heads=2 0.009ms
gemma4-profile phase=attn_o_proj layer=4 seq_len=1 0.035ms
gemma4-profile phase=ffn_mlp layer=4 seq_len=1 0.378ms
gemma4-profile phase=ple_gate layer=4 seq_len=1 0.015ms
gemma4-profile phase=ple_mul_act layer=4 seq_len=1 0.007ms
gemma4-profile phase=ple_proj layer=4 seq_len=1 0.015ms
gemma4-profile phase=layer layer=4 kind=sliding reduced=false 0.648ms
gemma4-profile phase=attn_project layer=5 shared=false seq_len=1 0.099ms
gemma4-profile phase=attn_rope_norm layer=5 shared=false sliding=false seq_len=1 0.011ms
gemma4-profile phase=paged_regular_sdpa seq_len=1 heads=8 6.976ms
gemma4-profile phase=paged_cache_write path=regular seq_len=1 heads=2 0.011ms
gemma4-profile phase=attn_o_proj layer=5 seq_len=1 0.064ms
gemma4-profile phase=ffn_mlp layer=5 seq_len=1 0.386ms
gemma4-profile phase=ple_gate layer=5 seq_len=1 0.014ms
gemma4-profile phase=ple_mul_act layer=5 seq_len=1 0.009ms
gemma4-profile phase=ple_proj layer=5 seq_len=1 0.015ms
gemma4-profile phase=layer layer=5 kind=global reduced=false 7.705ms
gemma4-profile phase=attn_project layer=6 shared=false seq_len=1 0.060ms
gemma4-profile phase=attn_rope_norm layer=6 shared=false sliding=true seq_len=1 0.013ms
gemma4-profile phase=paged_regular_sdpa seq_len=1 heads=8 0.016ms
gemma4-profile phase=paged_cache_write path=regular seq_len=1 heads=2 0.009ms
gemma4-profile phase=attn_o_proj layer=6 seq_len=1 0.037ms
gemma4-profile phase=ffn_mlp layer=6 seq_len=1 0.379ms
gemma4-profile phase=ple_gate layer=6 seq_len=1 0.014ms
gemma4-profile phase=ple_mul_act layer=6 seq_len=1 0.008ms
gemma4-profile phase=ple_proj layer=6 seq_len=1 0.016ms
gemma4-profile phase=layer layer=6 kind=sliding reduced=false 0.654ms
gemma4-profile phase=attn_project layer=7 shared=false seq_len=1 0.057ms
gemma4-profile phase=attn_rope_norm layer=7 shared=false sliding=true seq_len=1 0.009ms
gemma4-profile phase=paged_regular_sdpa seq_len=1 heads=8 0.012ms
gemma4-profile phase=paged_cache_write path=regular seq_len=1 heads=2 0.008ms
gemma4-profile phase=attn_o_proj layer=7 seq_len=1 0.038ms
gemma4-profile phase=ffn_mlp layer=7 seq_len=1 0.381ms
gemma4-profile phase=ple_gate layer=7 seq_len=1 0.014ms
gemma4-profile phase=ple_mul_act layer=7 seq_len=1 0.007ms
gemma4-profile phase=ple_proj layer=7 seq_len=1 0.013ms
gemma4-profile phase=layer layer=7 kind=sliding reduced=false 0.636ms
gemma4-profile phase=attn_project layer=8 shared=false seq_len=1 0.061ms
gemma4-profile phase=attn_rope_norm layer=8 shared=false sliding=true seq_len=1 0.009ms
gemma4-profile phase=paged_regular_sdpa seq_len=1 heads=8 0.012ms
gemma4-profile phase=paged_cache_write path=regular seq_len=1 heads=2 0.009ms
gemma4-profile phase=attn_o_proj layer=8 seq_len=1 0.035ms
gemma4-profile phase=ffn_mlp layer=8 seq_len=1 0.376ms
gemma4-profile phase=ple_gate layer=8 seq_len=1 0.013ms
gemma4-profile phase=ple_mul_act layer=8 seq_len=1 0.007ms
gemma4-profile phase=ple_proj layer=8 seq_len=1 0.016ms
gemma4-profile phase=layer layer=8 kind=sliding reduced=false 0.649ms
gemma4-profile phase=attn_project layer=9 shared=false seq_len=1 0.055ms
gemma4-profile phase=attn_rope_norm layer=9 shared=false sliding=true seq_len=1 0.009ms
gemma4-profile phase=paged_regular_sdpa seq_len=1 heads=8 0.011ms
gemma4-profile phase=paged_cache_write path=regular seq_len=1 heads=2 0.012ms
gemma4-profile phase=attn_o_proj layer=9 seq_len=1 0.035ms
gemma4-profile phase=ffn_mlp layer=9 seq_len=1 0.380ms
gemma4-profile phase=ple_gate layer=9 seq_len=1 0.013ms
gemma4-profile phase=ple_mul_act layer=9 seq_len=1 0.007ms
gemma4-profile phase=ple_proj layer=9 seq_len=1 0.015ms
gemma4-profile phase=layer layer=9 kind=sliding reduced=false 0.644ms
gemma4-profile phase=attn_project layer=10 shared=false seq_len=1 0.052ms
gemma4-profile phase=attn_rope_norm layer=10 shared=false sliding=true seq_len=1 0.009ms
gemma4-profile phase=paged_regular_sdpa seq_len=1 heads=8 0.012ms
gemma4-profile phase=paged_cache_write path=regular seq_len=1 heads=2 0.009ms
gemma4-profile phase=attn_o_proj layer=10 seq_len=1 0.037ms
gemma4-profile phase=ffn_mlp layer=10 seq_len=1 0.386ms
gemma4-profile phase=ple_gate layer=10 seq_len=1 0.018ms
gemma4-profile phase=ple_mul_act layer=10 seq_len=1 0.007ms
gemma4-profile phase=ple_proj layer=10 seq_len=1 0.016ms
gemma4-profile phase=layer layer=10 kind=sliding reduced=false 0.660ms
gemma4-profile phase=attn_project layer=11 shared=false seq_len=1 0.100ms
gemma4-profile phase=attn_rope_norm layer=11 shared=false sliding=false seq_len=1 0.011ms
gemma4-profile phase=paged_regular_sdpa seq_len=1 heads=8 0.016ms
gemma4-profile phase=paged_cache_write path=regular seq_len=1 heads=2 0.009ms
gemma4-profile phase=attn_o_proj layer=11 seq_len=1 0.060ms
gemma4-profile phase=ffn_mlp layer=11 seq_len=1 0.378ms
gemma4-profile phase=ple_gate layer=11 seq_len=1 0.014ms
gemma4-profile phase=ple_mul_act layer=11 seq_len=1 0.007ms
gemma4-profile phase=ple_proj layer=11 seq_len=1 0.016ms
gemma4-profile phase=layer layer=11 kind=global reduced=false 0.728ms
gemma4-profile phase=attn_project layer=12 shared=false seq_len=1 0.056ms
gemma4-profile phase=attn_rope_norm layer=12 shared=false sliding=true seq_len=1 0.009ms
gemma4-profile phase=paged_regular_sdpa seq_len=1 heads=8 0.012ms
gemma4-profile phase=paged_cache_write path=regular seq_len=1 heads=2 0.009ms
gemma4-profile phase=attn_o_proj layer=12 seq_len=1 0.036ms
gemma4-profile phase=ffn_mlp layer=12 seq_len=1 0.387ms
gemma4-profile phase=ple_gate layer=12 seq_len=1 0.014ms
gemma4-profile phase=ple_mul_act layer=12 seq_len=1 0.008ms
gemma4-profile phase=ple_proj layer=12 seq_len=1 0.015ms
gemma4-profile phase=layer layer=12 kind=sliding reduced=false 0.663ms
gemma4-profile phase=attn_project layer=13 shared=false seq_len=1 0.057ms
gemma4-profile phase=attn_rope_norm layer=13 shared=false sliding=true seq_len=1 0.009ms
gemma4-profile phase=paged_regular_sdpa seq_len=1 heads=8 0.012ms
gemma4-profile phase=paged_cache_write path=regular seq_len=1 heads=2 0.009ms
gemma4-profile phase=attn_o_proj layer=13 seq_len=1 0.034ms
gemma4-profile phase=ffn_mlp layer=13 seq_len=1 0.383ms
gemma4-profile phase=ple_gate layer=13 seq_len=1 0.011ms
gemma4-profile phase=ple_mul_act layer=13 seq_len=1 0.007ms
gemma4-profile phase=ple_proj layer=13 seq_len=1 0.015ms
gemma4-profile phase=layer layer=13 kind=sliding reduced=false 0.654ms
gemma4-profile phase=attn_project layer=14 shared=false seq_len=1 0.054ms
gemma4-profile phase=attn_rope_norm layer=14 shared=false sliding=true seq_len=1 0.009ms
gemma4-profile phase=paged_regular_sdpa seq_len=1 heads=8 0.012ms
gemma4-profile phase=paged_cache_write path=regular seq_len=1 heads=2 0.009ms
gemma4-profile phase=attn_o_proj layer=14 seq_len=1 0.035ms
gemma4-profile phase=ffn_mlp layer=14 seq_len=1 0.378ms
gemma4-profile phase=ple_gate layer=14 seq_len=1 0.011ms
gemma4-profile phase=ple_mul_act layer=14 seq_len=1 0.007ms
gemma4-profile phase=ple_proj layer=14 seq_len=1 0.016ms
gemma4-profile phase=layer layer=14 kind=sliding reduced=false 0.647ms
gemma4-profile phase=attn_project layer=15 shared=false seq_len=1 0.056ms
gemma4-profile phase=attn_rope_norm layer=15 shared=false sliding=true seq_len=1 0.009ms
gemma4-profile phase=paged_regular_sdpa seq_len=1 heads=8 0.011ms
gemma4-profile phase=paged_cache_write path=regular seq_len=1 heads=2 0.009ms
gemma4-profile phase=attn_o_proj layer=15 seq_len=1 0.033ms
gemma4-profile phase=ffn_mlp layer=15 seq_len=1 0.379ms
gemma4-profile phase=ple_gate layer=15 seq_len=1 0.015ms
gemma4-profile phase=ple_mul_act layer=15 seq_len=1 0.007ms
gemma4-profile phase=ple_proj layer=15 seq_len=1 0.014ms
gemma4-profile phase=layer layer=15 kind=sliding reduced=false 0.650ms
gemma4-profile phase=attn_project layer=16 shared=false seq_len=1 0.059ms
gemma4-profile phase=attn_rope_norm layer=16 shared=false sliding=true seq_len=1 0.009ms
gemma4-profile phase=paged_regular_sdpa seq_len=1 heads=8 0.012ms
gemma4-profile phase=paged_cache_write path=regular seq_len=1 heads=2 0.009ms
gemma4-profile phase=attn_o_proj layer=16 seq_len=1 0.036ms
gemma4-profile phase=ffn_mlp layer=16 seq_len=1 0.382ms
gemma4-profile phase=ple_gate layer=16 seq_len=1 0.013ms
gemma4-profile phase=ple_mul_act layer=16 seq_len=1 0.008ms
gemma4-profile phase=ple_proj layer=16 seq_len=1 0.013ms
gemma4-profile phase=layer layer=16 kind=sliding reduced=false 0.659ms
gemma4-profile phase=attn_project layer=17 shared=false seq_len=1 0.098ms
gemma4-profile phase=attn_rope_norm layer=17 shared=false sliding=false seq_len=1 0.009ms
gemma4-profile phase=paged_regular_sdpa seq_len=1 heads=8 0.015ms
gemma4-profile phase=paged_cache_write path=regular seq_len=1 heads=2 0.009ms
gemma4-profile phase=attn_o_proj layer=17 seq_len=1 0.059ms
gemma4-profile phase=ffn_mlp layer=17 seq_len=1 0.378ms
gemma4-profile phase=ple_gate layer=17 seq_len=1 0.013ms
gemma4-profile phase=ple_mul_act layer=17 seq_len=1 0.007ms
gemma4-profile phase=ple_proj layer=17 seq_len=1 0.014ms
gemma4-profile phase=layer layer=17 kind=global reduced=false 0.722ms
gemma4-profile phase=attn_project layer=18 shared=false seq_len=1 0.056ms
gemma4-profile phase=attn_rope_norm layer=18 shared=false sliding=true seq_len=1 0.009ms
gemma4-profile phase=paged_regular_sdpa seq_len=1 heads=8 0.011ms
gemma4-profile phase=paged_cache_write path=regular seq_len=1 heads=2 0.009ms
gemma4-profile phase=attn_o_proj layer=18 seq_len=1 0.036ms
gemma4-profile phase=ffn_mlp layer=18 seq_len=1 0.380ms
gemma4-profile phase=ple_gate layer=18 seq_len=1 0.014ms
gemma4-profile phase=ple_mul_act layer=18 seq_len=1 0.008ms
gemma4-profile phase=ple_proj layer=18 seq_len=1 0.016ms
gemma4-profile phase=layer layer=18 kind=sliding reduced=false 0.659ms
gemma4-profile phase=attn_project layer=19 shared=false seq_len=1 0.056ms
gemma4-profile phase=attn_rope_norm layer=19 shared=false sliding=true seq_len=1 0.009ms
gemma4-profile phase=paged_regular_sdpa seq_len=1 heads=8 0.012ms
gemma4-profile phase=paged_cache_write path=regular seq_len=1 heads=2 0.009ms
gemma4-profile phase=attn_o_proj layer=19 seq_len=1 0.036ms
gemma4-profile phase=ffn_mlp layer=19 seq_len=1 0.374ms
gemma4-profile phase=ple_gate layer=19 seq_len=1 0.014ms
gemma4-profile phase=ple_mul_act layer=19 seq_len=1 0.007ms
gemma4-profile phase=ple_proj layer=19 seq_len=1 0.015ms
gemma4-profile phase=layer layer=19 kind=sliding reduced=false 0.647ms
gemma4-profile phase=attn_project layer=20 shared=false seq_len=1 0.055ms
gemma4-profile phase=attn_rope_norm layer=20 shared=false sliding=true seq_len=1 0.009ms
gemma4-profile phase=paged_regular_sdpa seq_len=1 heads=8 0.012ms
gemma4-profile phase=paged_cache_write path=regular seq_len=1 heads=2 0.009ms
gemma4-profile phase=attn_o_proj layer=20 seq_len=1 0.036ms
gemma4-profile phase=ffn_mlp layer=20 seq_len=1 0.383ms
gemma4-profile phase=ple_gate layer=20 seq_len=1 0.013ms
gemma4-profile phase=ple_mul_act layer=20 seq_len=1 0.007ms
gemma4-profile phase=ple_proj layer=20 seq_len=1 0.016ms
gemma4-profile phase=layer layer=20 kind=sliding reduced=false 0.657ms
gemma4-profile phase=attn_project layer=21 shared=false seq_len=1 0.057ms
gemma4-profile phase=attn_rope_norm layer=21 shared=false sliding=true seq_len=1 0.009ms
gemma4-profile phase=paged_regular_sdpa seq_len=1 heads=8 0.011ms
gemma4-profile phase=paged_cache_write path=regular seq_len=1 heads=2 0.009ms
gemma4-profile phase=attn_o_proj layer=21 seq_len=1 0.035ms
gemma4-profile phase=ffn_mlp layer=21 seq_len=1 0.388ms
gemma4-profile phase=ple_gate layer=21 seq_len=1 0.011ms
gemma4-profile phase=ple_mul_act layer=21 seq_len=1 0.007ms
gemma4-profile phase=ple_proj layer=21 seq_len=1 0.015ms
gemma4-profile phase=layer layer=21 kind=sliding reduced=false 0.661ms
gemma4-profile phase=attn_project layer=22 shared=false seq_len=1 0.056ms
gemma4-profile phase=attn_rope_norm layer=22 shared=false sliding=true seq_len=1 0.009ms
gemma4-profile phase=paged_regular_sdpa seq_len=1 heads=8 0.012ms
gemma4-profile phase=paged_cache_write path=regular seq_len=1 heads=2 0.009ms
gemma4-profile phase=attn_o_proj layer=22 seq_len=1 0.033ms
gemma4-profile phase=ffn_mlp layer=22 seq_len=1 0.388ms
gemma4-profile phase=ple_gate layer=22 seq_len=1 0.013ms
gemma4-profile phase=ple_mul_act layer=22 seq_len=1 0.007ms
gemma4-profile phase=ple_proj layer=22 seq_len=1 0.013ms
gemma4-profile phase=layer layer=22 kind=sliding reduced=false 0.655ms
gemma4-profile phase=attn_project layer=23 shared=false seq_len=1 0.095ms
gemma4-profile phase=attn_rope_norm layer=23 shared=false sliding=false seq_len=1 0.009ms
gemma4-profile phase=paged_regular_sdpa seq_len=1 heads=8 0.015ms
gemma4-profile phase=paged_cache_write path=regular seq_len=1 heads=2 0.009ms
gemma4-profile phase=attn_o_proj layer=23 seq_len=1 0.062ms
gemma4-profile phase=ffn_mlp layer=23 seq_len=1 0.381ms
gemma4-profile phase=ple_gate layer=23 seq_len=1 0.011ms
gemma4-profile phase=ple_mul_act layer=23 seq_len=1 0.008ms
gemma4-profile phase=ple_proj layer=23 seq_len=1 0.016ms
gemma4-profile phase=layer layer=23 kind=global reduced=false 0.727ms
gemma4-profile phase=attn_project layer=24 shared=true seq_len=1 0.036ms
gemma4-profile phase=attn_rope_norm layer=24 shared=true sliding=true seq_len=1 0.009ms
gemma4-profile phase=paged_gather seq_len=1 max_kv=1 write_cache=false 0.083ms
gemma4-profile phase=paged_prefix_sdpa packed=true seq_len=1 max_q=1 max_k=1 0.017ms
gemma4-profile phase=attn_o_proj layer=24 seq_len=1 0.035ms
gemma4-profile phase=ffn_mlp layer=24 seq_len=1 0.385ms
gemma4-profile phase=ple_gate layer=24 seq_len=1 0.012ms
gemma4-profile phase=ple_mul_act layer=24 seq_len=1 0.008ms
gemma4-profile phase=ple_proj layer=24 seq_len=1 0.015ms
gemma4-profile phase=layer layer=24 kind=shared reduced=false 0.766ms
gemma4-profile phase=attn_project layer=25 shared=true seq_len=1 0.034ms
gemma4-profile phase=attn_rope_norm layer=25 shared=true sliding=true seq_len=1 0.008ms
gemma4-profile phase=paged_gather seq_len=1 max_kv=1 write_cache=false 0.018ms
gemma4-profile phase=paged_prefix_sdpa packed=true seq_len=1 max_q=1 max_k=1 0.012ms
gemma4-profile phase=attn_o_proj layer=25 seq_len=1 0.035ms
gemma4-profile phase=ffn_mlp layer=25 seq_len=1 0.384ms
gemma4-profile phase=ple_gate layer=25 seq_len=1 0.014ms
gemma4-profile phase=ple_mul_act layer=25 seq_len=1 0.008ms
gemma4-profile phase=ple_proj layer=25 seq_len=1 0.015ms
gemma4-profile phase=layer layer=25 kind=shared reduced=false 0.666ms
gemma4-profile phase=attn_project layer=26 shared=true seq_len=1 0.036ms
gemma4-profile phase=attn_rope_norm layer=26 shared=true sliding=true seq_len=1 0.008ms
gemma4-profile phase=paged_gather seq_len=1 max_kv=1 write_cache=false 0.018ms
gemma4-profile phase=paged_prefix_sdpa packed=true seq_len=1 max_q=1 max_k=1 0.012ms
gemma4-profile phase=attn_o_proj layer=26 seq_len=1 0.036ms
gemma4-profile phase=ffn_mlp layer=26 seq_len=1 0.385ms
gemma4-profile phase=ple_gate layer=26 seq_len=1 0.012ms
gemma4-profile phase=ple_mul_act layer=26 seq_len=1 0.007ms
gemma4-profile phase=ple_proj layer=26 seq_len=1 0.013ms
gemma4-profile phase=layer layer=26 kind=shared reduced=false 0.664ms
gemma4-profile phase=attn_project layer=27 shared=true seq_len=1 0.037ms
gemma4-profile phase=attn_rope_norm layer=27 shared=true sliding=true seq_len=1 0.008ms
gemma4-profile phase=paged_gather seq_len=1 max_kv=1 write_cache=false 0.016ms
gemma4-profile phase=paged_prefix_sdpa packed=true seq_len=1 max_q=1 max_k=1 0.012ms
gemma4-profile phase=attn_o_proj layer=27 seq_len=1 0.035ms
gemma4-profile phase=ffn_mlp layer=27 seq_len=1 0.383ms
gemma4-profile phase=ple_gate layer=27 seq_len=1 0.011ms
gemma4-profile phase=ple_mul_act layer=27 seq_len=1 0.007ms
gemma4-profile phase=ple_proj layer=27 seq_len=1 0.015ms
gemma4-profile phase=layer layer=27 kind=shared reduced=false 0.653ms
gemma4-profile phase=attn_project layer=28 shared=true seq_len=1 0.035ms
gemma4-profile phase=attn_rope_norm layer=28 shared=true sliding=true seq_len=1 0.008ms
gemma4-profile phase=paged_gather seq_len=1 max_kv=1 write_cache=false 0.017ms
gemma4-profile phase=paged_prefix_sdpa packed=true seq_len=1 max_q=1 max_k=1 0.012ms
gemma4-profile phase=attn_o_proj layer=28 seq_len=1 0.035ms
gemma4-profile phase=ffn_mlp layer=28 seq_len=1 0.385ms
gemma4-profile phase=ple_gate layer=28 seq_len=1 0.012ms
gemma4-profile phase=ple_mul_act layer=28 seq_len=1 0.007ms
gemma4-profile phase=ple_proj layer=28 seq_len=1 0.016ms
gemma4-profile phase=layer layer=28 kind=shared reduced=false 0.654ms
gemma4-profile phase=attn_project layer=29 shared=true seq_len=1 0.060ms
gemma4-profile phase=attn_rope_norm layer=29 shared=true sliding=false seq_len=1 0.009ms
gemma4-profile phase=paged_gather seq_len=1 max_kv=1 write_cache=false 0.020ms
gemma4-profile phase=paged_prefix_sdpa packed=true seq_len=1 max_q=1 max_k=1 0.016ms
gemma4-profile phase=attn_o_proj layer=29 seq_len=1 0.062ms
gemma4-profile phase=ffn_mlp layer=29 seq_len=1 0.384ms
gemma4-profile phase=ple_gate layer=29 seq_len=1 0.013ms
gemma4-profile phase=ple_mul_act layer=29 seq_len=1 0.007ms
gemma4-profile phase=ple_proj layer=29 seq_len=1 0.013ms
gemma4-profile phase=layer layer=29 kind=shared reduced=false 0.710ms
gemma4-profile phase=attn_project layer=30 shared=true seq_len=1 0.037ms
gemma4-profile phase=attn_rope_norm layer=30 shared=true sliding=true seq_len=1 0.008ms
gemma4-profile phase=paged_gather seq_len=1 max_kv=1 write_cache=false 0.017ms
gemma4-profile phase=paged_prefix_sdpa packed=true seq_len=1 max_q=1 max_k=1 0.012ms
gemma4-profile phase=attn_o_proj layer=30 seq_len=1 0.035ms
gemma4-profile phase=ffn_mlp layer=30 seq_len=1 0.366ms
gemma4-profile phase=ple_gate layer=30 seq_len=1 0.011ms
gemma4-profile phase=ple_mul_act layer=30 seq_len=1 0.008ms
gemma4-profile phase=ple_proj layer=30 seq_len=1 0.015ms
gemma4-profile phase=layer layer=30 kind=shared reduced=false 0.635ms
gemma4-profile phase=attn_project layer=31 shared=true seq_len=1 0.034ms
gemma4-profile phase=attn_rope_norm layer=31 shared=true sliding=true seq_len=1 0.008ms
gemma4-profile phase=paged_gather seq_len=1 max_kv=1 write_cache=false 0.017ms
gemma4-profile phase=paged_prefix_sdpa packed=true seq_len=1 max_q=1 max_k=1 0.012ms
gemma4-profile phase=attn_o_proj layer=31 seq_len=1 0.035ms
gemma4-profile phase=ffn_mlp layer=31 seq_len=1 0.385ms
gemma4-profile phase=ple_gate layer=31 seq_len=1 0.011ms
gemma4-profile phase=ple_mul_act layer=31 seq_len=1 0.007ms
gemma4-profile phase=ple_proj layer=31 seq_len=1 0.013ms
gemma4-profile phase=layer layer=31 kind=shared reduced=false 0.649ms
gemma4-profile phase=attn_project layer=32 shared=true seq_len=1 0.036ms
gemma4-profile phase=attn_rope_norm layer=32 shared=true sliding=true seq_len=1 0.008ms
gemma4-profile phase=paged_gather seq_len=1 max_kv=1 write_cache=false 0.017ms
gemma4-profile phase=paged_prefix_sdpa packed=true seq_len=1 max_q=1 max_k=1 0.012ms
gemma4-profile phase=attn_o_proj layer=32 seq_len=1 0.036ms
gemma4-profile phase=ffn_mlp layer=32 seq_len=1 0.381ms
gemma4-profile phase=ple_gate layer=32 seq_len=1 0.011ms
gemma4-profile phase=ple_mul_act layer=32 seq_len=1 0.007ms
gemma4-profile phase=ple_proj layer=32 seq_len=1 0.013ms
gemma4-profile phase=layer layer=32 kind=shared reduced=false 0.647ms
gemma4-profile phase=attn_project layer=33 shared=true seq_len=1 0.035ms
gemma4-profile phase=attn_rope_norm layer=33 shared=true sliding=true seq_len=1 0.008ms
gemma4-profile phase=paged_gather seq_len=1 max_kv=1 write_cache=false 0.017ms
gemma4-profile phase=paged_prefix_sdpa packed=true seq_len=1 max_q=1 max_k=1 0.012ms
gemma4-profile phase=attn_o_proj layer=33 seq_len=1 0.034ms
gemma4-profile phase=ffn_mlp layer=33 seq_len=1 0.372ms
gemma4-profile phase=ple_gate layer=33 seq_len=1 0.012ms
gemma4-profile phase=ple_mul_act layer=33 seq_len=1 0.007ms
gemma4-profile phase=ple_proj layer=33 seq_len=1 0.015ms
gemma4-profile phase=layer layer=33 kind=shared reduced=false 0.638ms
gemma4-profile phase=attn_project layer=34 shared=true seq_len=1 0.035ms
gemma4-profile phase=attn_rope_norm layer=34 shared=true sliding=true seq_len=1 0.008ms
gemma4-profile phase=paged_gather seq_len=1 max_kv=1 write_cache=false 0.017ms
gemma4-profile phase=paged_prefix_sdpa packed=true seq_len=1 max_q=1 max_k=1 0.012ms
gemma4-profile phase=attn_o_proj layer=34 seq_len=1 0.036ms
gemma4-profile phase=ffn_mlp layer=34 seq_len=1 0.372ms
gemma4-profile phase=ple_gate layer=34 seq_len=1 0.011ms
gemma4-profile phase=ple_mul_act layer=34 seq_len=1 0.008ms
gemma4-profile phase=ple_proj layer=34 seq_len=1 0.015ms
gemma4-profile phase=layer layer=34 kind=shared reduced=false 0.638ms
gemma4-profile phase=attn_project layer=35 shared=true seq_len=1 0.059ms
gemma4-profile phase=attn_rope_norm layer=35 shared=true sliding=false seq_len=1 0.008ms
gemma4-profile phase=paged_gather seq_len=1 max_kv=1 write_cache=false 0.019ms
gemma4-profile phase=paged_prefix_sdpa packed=true seq_len=1 max_q=1 max_k=1 0.015ms
gemma4-profile phase=attn_o_proj layer=35 seq_len=1 0.062ms
gemma4-profile phase=ffn_mlp layer=35 seq_len=1 0.381ms
gemma4-profile phase=ple_gate layer=35 seq_len=1 0.013ms
gemma4-profile phase=ple_mul_act layer=35 seq_len=1 0.007ms
gemma4-profile phase=ple_proj layer=35 seq_len=1 0.013ms
gemma4-profile phase=layer layer=35 kind=shared reduced=false 0.697ms
gemma4-profile phase=attn_project layer=36 shared=true seq_len=1 0.035ms
gemma4-profile phase=attn_rope_norm layer=36 shared=true sliding=true seq_len=1 0.008ms
gemma4-profile phase=paged_gather seq_len=1 max_kv=1 write_cache=false 0.017ms
gemma4-profile phase=paged_prefix_sdpa packed=true seq_len=1 max_q=1 max_k=1 0.012ms
gemma4-profile phase=attn_o_proj layer=36 seq_len=1 0.034ms
gemma4-profile phase=ffn_mlp layer=36 seq_len=1 0.378ms
gemma4-profile phase=ple_gate layer=36 seq_len=1 0.013ms
gemma4-profile phase=ple_mul_act layer=36 seq_len=1 0.007ms
gemma4-profile phase=ple_proj layer=36 seq_len=1 0.013ms
gemma4-profile phase=layer layer=36 kind=shared reduced=false 0.649ms
gemma4-profile phase=attn_project layer=37 shared=true seq_len=1 0.034ms
gemma4-profile phase=attn_rope_norm layer=37 shared=true sliding=true seq_len=1 0.009ms
gemma4-profile phase=paged_gather seq_len=1 max_kv=1 write_cache=false 0.017ms
gemma4-profile phase=paged_prefix_sdpa packed=true seq_len=1 max_q=1 max_k=1 0.012ms
gemma4-profile phase=attn_o_proj layer=37 seq_len=1 0.036ms
gemma4-profile phase=ffn_mlp layer=37 seq_len=1 0.380ms
gemma4-profile phase=ple_gate layer=37 seq_len=1 0.015ms
gemma4-profile phase=ple_mul_act layer=37 seq_len=1 0.007ms
gemma4-profile phase=ple_proj layer=37 seq_len=1 0.015ms
gemma4-profile phase=layer layer=37 kind=shared reduced=false 0.652ms
gemma4-profile phase=attn_project layer=38 shared=true seq_len=1 0.036ms
gemma4-profile phase=attn_rope_norm layer=38 shared=true sliding=true seq_len=1 0.008ms
gemma4-profile phase=paged_gather seq_len=1 max_kv=1 write_cache=false 0.017ms
gemma4-profile phase=paged_prefix_sdpa packed=true seq_len=1 max_q=1 max_k=1 0.012ms
gemma4-profile phase=attn_o_proj layer=38 seq_len=1 0.036ms
gemma4-profile phase=ffn_mlp layer=38 seq_len=1 0.370ms
gemma4-profile phase=ple_gate layer=38 seq_len=1 0.014ms
gemma4-profile phase=ple_mul_act layer=38 seq_len=1 0.007ms
gemma4-profile phase=ple_proj layer=38 seq_len=1 0.014ms
gemma4-profile phase=layer layer=38 kind=shared reduced=false 0.645ms
gemma4-profile phase=attn_project layer=39 shared=true seq_len=1 0.036ms
gemma4-profile phase=attn_rope_norm layer=39 shared=true sliding=true seq_len=1 0.008ms
gemma4-profile phase=paged_gather seq_len=1 max_kv=1 write_cache=false 0.017ms
gemma4-profile phase=paged_prefix_sdpa packed=true seq_len=1 max_q=1 max_k=1 0.012ms
gemma4-profile phase=attn_o_proj layer=39 seq_len=1 0.034ms
gemma4-profile phase=ffn_mlp layer=39 seq_len=1 0.373ms
gemma4-profile phase=ple_gate layer=39 seq_len=1 0.011ms
gemma4-profile phase=ple_mul_act layer=39 seq_len=1 0.007ms
gemma4-profile phase=ple_proj layer=39 seq_len=1 0.013ms
gemma4-profile phase=layer layer=39 kind=shared reduced=false 0.639ms
gemma4-profile phase=attn_project layer=40 shared=true seq_len=1 0.033ms
gemma4-profile phase=attn_rope_norm layer=40 shared=true sliding=true seq_len=1 0.008ms
gemma4-profile phase=paged_gather seq_len=1 max_kv=1 write_cache=false 0.017ms
gemma4-profile phase=paged_prefix_sdpa packed=true seq_len=1 max_q=1 max_k=1 0.012ms
gemma4-profile phase=attn_o_proj layer=40 seq_len=1 0.034ms
gemma4-profile phase=ffn_mlp layer=40 seq_len=1 0.379ms
gemma4-profile phase=ple_gate layer=40 seq_len=1 0.011ms
gemma4-profile phase=ple_mul_act layer=40 seq_len=1 0.007ms
gemma4-profile phase=ple_proj layer=40 seq_len=1 0.013ms
gemma4-profile phase=layer layer=40 kind=shared reduced=false 0.640ms
gemma4-profile phase=attn_project layer=41 shared=true seq_len=1 0.061ms
gemma4-profile phase=attn_rope_norm layer=41 shared=true sliding=false seq_len=1 0.009ms
gemma4-profile phase=paged_gather seq_len=1 max_kv=1 write_cache=false 0.019ms
gemma4-profile phase=paged_prefix_sdpa packed=true seq_len=1 max_q=1 max_k=1 0.015ms
gemma4-profile phase=attn_o_proj layer=41 seq_len=1 0.059ms
gemma4-profile phase=ffn_mlp layer=41 seq_len=1 0.378ms
gemma4-profile phase=ple_gate layer=41 seq_len=1 0.011ms
gemma4-profile phase=ple_mul_act layer=41 seq_len=1 0.007ms
gemma4-profile phase=ple_proj layer=41 seq_len=1 0.013ms
gemma4-profile phase=layer layer=41 kind=shared reduced=false 0.705ms
gemma4-profile phase=final_norm_logits 0.010ms
gemma4-profile phase=lm_head 3.319ms
gemma4-profile phase=softcap 0.057ms
2026-05-25T12:30:29.045118Z  INFO mistralrs::commands::bench: Model loaded.
2026-05-25T12:30:29.045144Z  INFO mistralrs::commands::bench: Running 1 iteration(s) with prompt lengths [16384], 0 generation tokens, decode depths [1]...
2026-05-25T12:30:29.045148Z  INFO mistralrs::commands::bench: Iteration 1/1...
gemma4-profile phase=compute_ple 115.182ms
gemma4-profile phase=attn_project layer=0 shared=false seq_len=16384 15.633ms
gemma4-profile phase=attn_rope_norm layer=0 shared=false sliding=true seq_len=16384 3.410ms
gemma4-profile phase=paged_regular_sdpa seq_len=16384 heads=8 14.363ms
gemma4-profile phase=paged_cache_write path=regular seq_len=16384 heads=2 0.279ms
gemma4-profile phase=attn_o_proj layer=0 seq_len=16384 15.534ms
gemma4-profile phase=ffn_mlp layer=0 seq_len=16384 127.356ms
gemma4-profile phase=ple_gate layer=0 seq_len=16384 1.027ms
gemma4-profile phase=ple_mul_act layer=0 seq_len=16384 0.121ms
gemma4-profile phase=ple_proj layer=0 seq_len=16384 11.542ms
gemma4-profile phase=layer layer=0 kind=sliding reduced=false 217.224ms
gemma4-profile phase=attn_project layer=1 shared=false seq_len=16384 15.676ms
gemma4-profile phase=attn_rope_norm layer=1 shared=false sliding=true seq_len=16384 2.347ms
gemma4-profile phase=paged_regular_sdpa seq_len=16384 heads=8 6.699ms
gemma4-profile phase=paged_cache_write path=regular seq_len=16384 heads=2 0.315ms
gemma4-profile phase=attn_o_proj layer=1 seq_len=16384 14.442ms
gemma4-profile phase=ffn_mlp layer=1 seq_len=16384 125.072ms
gemma4-profile phase=ple_gate layer=1 seq_len=16384 1.017ms
gemma4-profile phase=ple_mul_act layer=1 seq_len=16384 0.131ms
gemma4-profile phase=ple_proj layer=1 seq_len=16384 12.202ms
gemma4-profile phase=layer layer=1 kind=sliding reduced=false 207.841ms
gemma4-profile phase=attn_project layer=2 shared=false seq_len=16384 16.036ms
gemma4-profile phase=attn_rope_norm layer=2 shared=false sliding=true seq_len=16384 3.500ms
gemma4-profile phase=paged_regular_sdpa seq_len=16384 heads=8 6.822ms
gemma4-profile phase=paged_cache_write path=regular seq_len=16384 heads=2 0.307ms
gemma4-profile phase=attn_o_proj layer=2 seq_len=16384 15.583ms
gemma4-profile phase=ffn_mlp layer=2 seq_len=16384 125.485ms
gemma4-profile phase=ple_gate layer=2 seq_len=16384 1.032ms
gemma4-profile phase=ple_mul_act layer=2 seq_len=16384 0.116ms
gemma4-profile phase=ple_proj layer=2 seq_len=16384 11.755ms
gemma4-profile phase=layer layer=2 kind=sliding reduced=false 208.397ms
gemma4-profile phase=attn_project layer=3 shared=false seq_len=16384 14.662ms
gemma4-profile phase=attn_rope_norm layer=3 shared=false sliding=true seq_len=16384 3.763ms
gemma4-profile phase=paged_regular_sdpa seq_len=16384 heads=8 6.822ms
gemma4-profile phase=paged_cache_write path=regular seq_len=16384 heads=2 0.310ms
gemma4-profile phase=attn_o_proj layer=3 seq_len=16384 14.478ms
gemma4-profile phase=ffn_mlp layer=3 seq_len=16384 123.792ms
gemma4-profile phase=ple_gate layer=3 seq_len=16384 1.000ms
gemma4-profile phase=ple_mul_act layer=3 seq_len=16384 0.106ms
gemma4-profile phase=ple_proj layer=3 seq_len=16384 11.443ms
gemma4-profile phase=layer layer=3 kind=sliding reduced=false 208.603ms
gemma4-profile phase=attn_project layer=4 shared=false seq_len=16384 16.259ms
gemma4-profile phase=attn_rope_norm layer=4 shared=false sliding=true seq_len=16384 3.493ms
gemma4-profile phase=paged_regular_sdpa seq_len=16384 heads=8 6.855ms
gemma4-profile phase=paged_cache_write path=regular seq_len=16384 heads=2 0.315ms
gemma4-profile phase=attn_o_proj layer=4 seq_len=16384 15.932ms
gemma4-profile phase=ffn_mlp layer=4 seq_len=16384 125.149ms
gemma4-profile phase=ple_gate layer=4 seq_len=16384 0.996ms
gemma4-profile phase=ple_mul_act layer=4 seq_len=16384 0.116ms
gemma4-profile phase=ple_proj layer=4 seq_len=16384 12.963ms
gemma4-profile phase=layer layer=4 kind=sliding reduced=false 210.429ms
gemma4-profile phase=attn_project layer=5 shared=false seq_len=16384 30.886ms
gemma4-profile phase=attn_rope_norm layer=5 shared=false sliding=false seq_len=16384 7.800ms
gemma4-profile phase=paged_regular_sdpa seq_len=16384 heads=8 167.804ms
gemma4-profile phase=paged_cache_write path=regular seq_len=16384 heads=2 0.749ms
gemma4-profile phase=attn_o_proj layer=5 seq_len=16384 17.260ms
gemma4-profile phase=ffn_mlp layer=5 seq_len=16384 125.757ms
gemma4-profile phase=ple_gate layer=5 seq_len=16384 0.995ms
gemma4-profile phase=ple_mul_act layer=5 seq_len=16384 0.114ms
gemma4-profile phase=ple_proj layer=5 seq_len=16384 12.899ms
gemma4-profile phase=layer layer=5 kind=global reduced=false 397.347ms
gemma4-profile phase=attn_project layer=6 shared=false seq_len=16384 14.763ms
gemma4-profile phase=attn_rope_norm layer=6 shared=false sliding=true seq_len=16384 3.429ms
gemma4-profile phase=paged_regular_sdpa seq_len=16384 heads=8 7.119ms
gemma4-profile phase=paged_cache_write path=regular seq_len=16384 heads=2 0.312ms
gemma4-profile phase=attn_o_proj layer=6 seq_len=16384 14.372ms
gemma4-profile phase=ffn_mlp layer=6 seq_len=16384 124.054ms
gemma4-profile phase=ple_gate layer=6 seq_len=16384 1.000ms
gemma4-profile phase=ple_mul_act layer=6 seq_len=16384 0.111ms
gemma4-profile phase=ple_proj layer=6 seq_len=16384 11.360ms
gemma4-profile phase=layer layer=6 kind=sliding reduced=false 207.914ms
gemma4-profile phase=attn_project layer=7 shared=false seq_len=16384 15.983ms
gemma4-profile phase=attn_rope_norm layer=7 shared=false sliding=true seq_len=16384 3.512ms
gemma4-profile phase=paged_regular_sdpa seq_len=16384 heads=8 7.256ms
gemma4-profile phase=paged_cache_write path=regular seq_len=16384 heads=2 0.304ms
gemma4-profile phase=attn_o_proj layer=7 seq_len=16384 15.519ms
gemma4-profile phase=ffn_mlp layer=7 seq_len=16384 124.747ms
gemma4-profile phase=ple_gate layer=7 seq_len=16384 1.007ms
gemma4-profile phase=ple_mul_act layer=7 seq_len=16384 0.102ms
gemma4-profile phase=ple_proj layer=7 seq_len=16384 13.176ms
gemma4-profile phase=layer layer=7 kind=sliding reduced=false 209.968ms
gemma4-profile phase=attn_project layer=8 shared=false seq_len=16384 16.191ms
gemma4-profile phase=attn_rope_norm layer=8 shared=false sliding=true seq_len=16384 3.757ms
gemma4-profile phase=paged_regular_sdpa seq_len=16384 heads=8 6.800ms
gemma4-profile phase=paged_cache_write path=regular seq_len=16384 heads=2 0.308ms
gemma4-profile phase=attn_o_proj layer=8 seq_len=16384 15.664ms
gemma4-profile phase=ffn_mlp layer=8 seq_len=16384 125.986ms
gemma4-profile phase=ple_gate layer=8 seq_len=16384 1.010ms
gemma4-profile phase=ple_mul_act layer=8 seq_len=16384 0.106ms
gemma4-profile phase=ple_proj layer=8 seq_len=16384 12.410ms
gemma4-profile phase=layer layer=8 kind=sliding reduced=false 210.253ms
gemma4-profile phase=attn_project layer=9 shared=false seq_len=16384 15.028ms
gemma4-profile phase=attn_rope_norm layer=9 shared=false sliding=true seq_len=16384 3.440ms
gemma4-profile phase=paged_regular_sdpa seq_len=16384 heads=8 7.348ms
gemma4-profile phase=paged_cache_write path=regular seq_len=16384 heads=2 0.306ms
gemma4-profile phase=attn_o_proj layer=9 seq_len=16384 14.873ms
gemma4-profile phase=ffn_mlp layer=9 seq_len=16384 125.652ms
gemma4-profile phase=ple_gate layer=9 seq_len=16384 1.232ms
gemma4-profile phase=ple_mul_act layer=9 seq_len=16384 0.098ms
gemma4-profile phase=ple_proj layer=9 seq_len=16384 11.677ms
gemma4-profile phase=layer layer=9 kind=sliding reduced=false 211.467ms
gemma4-profile phase=attn_project layer=10 shared=false seq_len=16384 16.824ms
gemma4-profile phase=attn_rope_norm layer=10 shared=false sliding=true seq_len=16384 3.482ms
gemma4-profile phase=paged_regular_sdpa seq_len=16384 heads=8 6.789ms
gemma4-profile phase=paged_cache_write path=regular seq_len=16384 heads=2 0.317ms
gemma4-profile phase=attn_o_proj layer=10 seq_len=16384 15.506ms
gemma4-profile phase=ffn_mlp layer=10 seq_len=16384 125.060ms
gemma4-profile phase=ple_gate layer=10 seq_len=16384 0.996ms
gemma4-profile phase=ple_mul_act layer=10 seq_len=16384 0.125ms
gemma4-profile phase=ple_proj layer=10 seq_len=16384 13.534ms
gemma4-profile phase=layer layer=10 kind=sliding reduced=false 212.299ms
gemma4-profile phase=attn_project layer=11 shared=false seq_len=16384 30.577ms
gemma4-profile phase=attn_rope_norm layer=11 shared=false sliding=false seq_len=16384 7.561ms
gemma4-profile phase=paged_regular_sdpa seq_len=16384 heads=8 167.142ms
gemma4-profile phase=paged_cache_write path=regular seq_len=16384 heads=2 0.587ms
gemma4-profile phase=attn_o_proj layer=11 seq_len=16384 17.252ms
gemma4-profile phase=ffn_mlp layer=11 seq_len=16384 125.390ms
gemma4-profile phase=ple_gate layer=11 seq_len=16384 1.012ms
gemma4-profile phase=ple_mul_act layer=11 seq_len=16384 0.125ms
gemma4-profile phase=ple_proj layer=11 seq_len=16384 13.216ms
gemma4-profile phase=layer layer=11 kind=global reduced=false 396.119ms
gemma4-profile phase=attn_project layer=12 shared=false seq_len=16384 14.887ms
gemma4-profile phase=attn_rope_norm layer=12 shared=false sliding=true seq_len=16384 3.427ms
gemma4-profile phase=paged_regular_sdpa seq_len=16384 heads=8 6.829ms
gemma4-profile phase=paged_cache_write path=regular seq_len=16384 heads=2 0.312ms
gemma4-profile phase=attn_o_proj layer=12 seq_len=16384 14.369ms
gemma4-profile phase=ffn_mlp layer=12 seq_len=16384 124.120ms
gemma4-profile phase=ple_gate layer=12 seq_len=16384 1.016ms
gemma4-profile phase=ple_mul_act layer=12 seq_len=16384 0.108ms
gemma4-profile phase=ple_proj layer=12 seq_len=16384 11.544ms
gemma4-profile phase=layer layer=12 kind=sliding reduced=false 209.037ms
gemma4-profile phase=attn_project layer=13 shared=false seq_len=16384 15.998ms
gemma4-profile phase=attn_rope_norm layer=13 shared=false sliding=true seq_len=16384 3.510ms
gemma4-profile phase=paged_regular_sdpa seq_len=16384 heads=8 6.794ms
gemma4-profile phase=paged_cache_write path=regular seq_len=16384 heads=2 0.306ms
gemma4-profile phase=attn_o_proj layer=13 seq_len=16384 15.601ms
gemma4-profile phase=ffn_mlp layer=13 seq_len=16384 125.169ms
gemma4-profile phase=ple_gate layer=13 seq_len=16384 0.990ms
gemma4-profile phase=ple_mul_act layer=13 seq_len=16384 0.121ms
gemma4-profile phase=ple_proj layer=13 seq_len=16384 12.792ms
gemma4-profile phase=layer layer=13 kind=sliding reduced=false 210.312ms
gemma4-profile phase=attn_project layer=14 shared=false seq_len=16384 15.914ms
gemma4-profile phase=attn_rope_norm layer=14 shared=false sliding=true seq_len=16384 4.019ms
gemma4-profile phase=paged_regular_sdpa seq_len=16384 heads=8 6.815ms
gemma4-profile phase=paged_cache_write path=regular seq_len=16384 heads=2 0.319ms
gemma4-profile phase=attn_o_proj layer=14 seq_len=16384 16.570ms
gemma4-profile phase=ffn_mlp layer=14 seq_len=16384 125.638ms
gemma4-profile phase=ple_gate layer=14 seq_len=16384 1.047ms
gemma4-profile phase=ple_mul_act layer=14 seq_len=16384 0.111ms
gemma4-profile phase=ple_proj layer=14 seq_len=16384 12.428ms
gemma4-profile phase=layer layer=14 kind=sliding reduced=false 211.373ms
gemma4-profile phase=attn_project layer=15 shared=false seq_len=16384 15.151ms
gemma4-profile phase=attn_rope_norm layer=15 shared=false sliding=true seq_len=16384 3.407ms
gemma4-profile phase=paged_regular_sdpa seq_len=16384 heads=8 7.326ms
gemma4-profile phase=paged_cache_write path=regular seq_len=16384 heads=2 0.308ms
gemma4-profile phase=attn_o_proj layer=15 seq_len=16384 15.049ms
gemma4-profile phase=ffn_mlp layer=15 seq_len=16384 125.663ms
gemma4-profile phase=ple_gate layer=15 seq_len=16384 1.000ms
gemma4-profile phase=ple_mul_act layer=15 seq_len=16384 0.110ms
gemma4-profile phase=ple_proj layer=15 seq_len=16384 11.601ms
gemma4-profile phase=layer layer=15 kind=sliding reduced=false 211.416ms
gemma4-profile phase=attn_project layer=16 shared=false seq_len=16384 15.977ms
gemma4-profile phase=attn_rope_norm layer=16 shared=false sliding=true seq_len=16384 3.490ms
gemma4-profile phase=paged_regular_sdpa seq_len=16384 heads=8 6.724ms
gemma4-profile phase=paged_cache_write path=regular seq_len=16384 heads=2 0.304ms
gemma4-profile phase=attn_o_proj layer=16 seq_len=16384 15.588ms
gemma4-profile phase=ffn_mlp layer=16 seq_len=16384 125.525ms
gemma4-profile phase=ple_gate layer=16 seq_len=16384 1.019ms
gemma4-profile phase=ple_mul_act layer=16 seq_len=16384 0.120ms
gemma4-profile phase=ple_proj layer=16 seq_len=16384 12.918ms
gemma4-profile phase=layer layer=16 kind=sliding reduced=false 210.768ms
gemma4-profile phase=attn_project layer=17 shared=false seq_len=16384 31.467ms
gemma4-profile phase=attn_rope_norm layer=17 shared=false sliding=false seq_len=16384 7.198ms
gemma4-profile phase=paged_regular_sdpa seq_len=16384 heads=8 167.144ms
gemma4-profile phase=paged_cache_write path=regular seq_len=16384 heads=2 0.591ms
gemma4-profile phase=attn_o_proj layer=17 seq_len=16384 17.322ms
gemma4-profile phase=ffn_mlp layer=17 seq_len=16384 126.132ms
gemma4-profile phase=ple_gate layer=17 seq_len=16384 1.010ms
gemma4-profile phase=ple_mul_act layer=17 seq_len=16384 0.103ms
gemma4-profile phase=ple_proj layer=17 seq_len=16384 12.956ms
gemma4-profile phase=layer layer=17 kind=global reduced=false 396.515ms
gemma4-profile phase=attn_project layer=18 shared=false seq_len=16384 14.751ms
gemma4-profile phase=attn_rope_norm layer=18 shared=false sliding=true seq_len=16384 3.429ms
gemma4-profile phase=paged_regular_sdpa seq_len=16384 heads=8 7.356ms
gemma4-profile phase=paged_cache_write path=regular seq_len=16384 heads=2 0.313ms
gemma4-profile phase=attn_o_proj layer=18 seq_len=16384 14.537ms
gemma4-profile phase=ffn_mlp layer=18 seq_len=16384 125.172ms
gemma4-profile phase=ple_gate layer=18 seq_len=16384 0.998ms
gemma4-profile phase=ple_mul_act layer=18 seq_len=16384 0.107ms
gemma4-profile phase=ple_proj layer=18 seq_len=16384 11.517ms
gemma4-profile phase=layer layer=18 kind=sliding reduced=false 210.363ms
gemma4-profile phase=attn_project layer=19 shared=false seq_len=16384 15.969ms
gemma4-profile phase=attn_rope_norm layer=19 shared=false sliding=true seq_len=16384 3.528ms
gemma4-profile phase=paged_regular_sdpa seq_len=16384 heads=8 6.767ms
gemma4-profile phase=paged_cache_write path=regular seq_len=16384 heads=2 0.307ms
gemma4-profile phase=attn_o_proj layer=19 seq_len=16384 15.595ms
gemma4-profile phase=ffn_mlp layer=19 seq_len=16384 127.349ms
gemma4-profile phase=ple_gate layer=19 seq_len=16384 1.000ms
gemma4-profile phase=ple_mul_act layer=19 seq_len=16384 0.116ms
gemma4-profile phase=ple_proj layer=19 seq_len=16384 13.090ms
gemma4-profile phase=layer layer=19 kind=sliding reduced=false 212.644ms
gemma4-profile phase=attn_project layer=20 shared=false seq_len=16384 16.475ms
gemma4-profile phase=attn_rope_norm layer=20 shared=false sliding=true seq_len=16384 3.582ms
gemma4-profile phase=paged_regular_sdpa seq_len=16384 heads=8 6.847ms
gemma4-profile phase=paged_cache_write path=regular seq_len=16384 heads=2 0.314ms
gemma4-profile phase=attn_o_proj layer=20 seq_len=16384 15.821ms
gemma4-profile phase=ffn_mlp layer=20 seq_len=16384 126.045ms
gemma4-profile phase=ple_gate layer=20 seq_len=16384 1.012ms
gemma4-profile phase=ple_mul_act layer=20 seq_len=16384 0.113ms
gemma4-profile phase=ple_proj layer=20 seq_len=16384 12.282ms
gemma4-profile phase=layer layer=20 kind=sliding reduced=false 210.449ms
gemma4-profile phase=attn_project layer=21 shared=false seq_len=16384 14.812ms
gemma4-profile phase=attn_rope_norm layer=21 shared=false sliding=true seq_len=16384 3.406ms
gemma4-profile phase=paged_regular_sdpa seq_len=16384 heads=8 7.022ms
gemma4-profile phase=paged_cache_write path=regular seq_len=16384 heads=2 0.308ms
gemma4-profile phase=attn_o_proj layer=21 seq_len=16384 14.166ms
gemma4-profile phase=ffn_mlp layer=21 seq_len=16384 125.010ms
gemma4-profile phase=ple_gate layer=21 seq_len=16384 1.180ms
gemma4-profile phase=ple_mul_act layer=21 seq_len=16384 0.107ms
gemma4-profile phase=ple_proj layer=21 seq_len=16384 11.567ms
gemma4-profile phase=layer layer=21 kind=sliding reduced=false 209.351ms
gemma4-profile phase=attn_project layer=22 shared=false seq_len=16384 16.243ms
gemma4-profile phase=attn_rope_norm layer=22 shared=false sliding=true seq_len=16384 3.501ms
gemma4-profile phase=paged_regular_sdpa seq_len=16384 heads=8 6.770ms
gemma4-profile phase=paged_cache_write path=regular seq_len=16384 heads=2 0.303ms
gemma4-profile phase=attn_o_proj layer=22 seq_len=16384 15.569ms
gemma4-profile phase=ffn_mlp layer=22 seq_len=16384 126.112ms
gemma4-profile phase=ple_gate layer=22 seq_len=16384 0.991ms
gemma4-profile phase=ple_mul_act layer=22 seq_len=16384 0.108ms
gemma4-profile phase=ple_proj layer=22 seq_len=16384 13.240ms
gemma4-profile phase=layer layer=22 kind=sliding reduced=false 211.286ms
gemma4-profile phase=attn_project layer=23 shared=false seq_len=16384 31.483ms
gemma4-profile phase=attn_rope_norm layer=23 shared=false sliding=false seq_len=16384 7.191ms
gemma4-profile phase=paged_regular_sdpa seq_len=16384 heads=8 165.962ms
gemma4-profile phase=paged_cache_write path=regular seq_len=16384 heads=2 0.589ms
gemma4-profile phase=attn_o_proj layer=23 seq_len=16384 17.714ms
gemma4-profile phase=ffn_mlp layer=23 seq_len=16384 125.850ms
gemma4-profile phase=ple_gate layer=23 seq_len=16384 0.999ms
gemma4-profile phase=ple_mul_act layer=23 seq_len=16384 0.115ms
gemma4-profile phase=ple_proj layer=23 seq_len=16384 13.098ms
gemma4-profile phase=layer layer=23 kind=global reduced=false 395.328ms
gemma4-profile phase=attn_project layer=24 shared=true seq_len=1 0.050ms
gemma4-profile phase=attn_rope_norm layer=24 shared=true sliding=true seq_len=1 0.015ms
gemma4-profile phase=paged_gather seq_len=1 max_kv=16384 write_cache=false 1.624ms
gemma4-profile phase=paged_prefix_sdpa packed=true seq_len=1 max_q=1 max_k=16384 0.047ms
gemma4-profile phase=attn_o_proj layer=24 seq_len=1 0.054ms
gemma4-profile phase=ffn_mlp layer=24 seq_len=1 0.390ms
gemma4-profile phase=ple_gate layer=24 seq_len=1 0.016ms
gemma4-profile phase=ple_mul_act layer=24 seq_len=1 0.015ms
gemma4-profile phase=ple_proj layer=24 seq_len=1 0.016ms
gemma4-profile phase=layer layer=24 kind=shared reduced=true 2.877ms
gemma4-profile phase=attn_project layer=25 shared=true seq_len=1 0.040ms
gemma4-profile phase=attn_rope_norm layer=25 shared=true sliding=true seq_len=1 0.014ms
gemma4-profile phase=paged_gather seq_len=1 max_kv=16384 write_cache=false 1.609ms
gemma4-profile phase=paged_prefix_sdpa packed=true seq_len=1 max_q=1 max_k=16384 0.044ms
gemma4-profile phase=attn_o_proj layer=25 seq_len=1 0.144ms
gemma4-profile phase=ffn_mlp layer=25 seq_len=1 0.436ms
gemma4-profile phase=ple_gate layer=25 seq_len=1 0.015ms
gemma4-profile phase=ple_mul_act layer=25 seq_len=1 0.015ms
gemma4-profile phase=ple_proj layer=25 seq_len=1 0.017ms
gemma4-profile phase=layer layer=25 kind=shared reduced=true 3.240ms
gemma4-profile phase=attn_project layer=26 shared=true seq_len=1 0.037ms
gemma4-profile phase=attn_rope_norm layer=26 shared=true sliding=true seq_len=1 0.013ms
gemma4-profile phase=paged_gather seq_len=1 max_kv=16384 write_cache=false 1.654ms
gemma4-profile phase=paged_prefix_sdpa packed=true seq_len=1 max_q=1 max_k=16384 0.043ms
gemma4-profile phase=attn_o_proj layer=26 seq_len=1 0.056ms
gemma4-profile phase=ffn_mlp layer=26 seq_len=1 0.393ms
gemma4-profile phase=ple_gate layer=26 seq_len=1 0.014ms
gemma4-profile phase=ple_mul_act layer=26 seq_len=1 0.015ms
gemma4-profile phase=ple_proj layer=26 seq_len=1 0.014ms
gemma4-profile phase=layer layer=26 kind=shared reduced=true 3.009ms
gemma4-profile phase=attn_project layer=27 shared=true seq_len=1 0.036ms
gemma4-profile phase=attn_rope_norm layer=27 shared=true sliding=true seq_len=1 0.013ms
gemma4-profile phase=paged_gather seq_len=1 max_kv=16384 write_cache=false 1.481ms
gemma4-profile phase=paged_prefix_sdpa packed=true seq_len=1 max_q=1 max_k=16384 0.042ms
gemma4-profile phase=attn_o_proj layer=27 seq_len=1 0.055ms
gemma4-profile phase=ffn_mlp layer=27 seq_len=1 0.385ms
gemma4-profile phase=ple_gate layer=27 seq_len=1 0.014ms
gemma4-profile phase=ple_mul_act layer=27 seq_len=1 0.015ms
gemma4-profile phase=ple_proj layer=27 seq_len=1 0.016ms
gemma4-profile phase=layer layer=27 kind=shared reduced=true 2.698ms
gemma4-profile phase=attn_project layer=28 shared=true seq_len=1 0.038ms
gemma4-profile phase=attn_rope_norm layer=28 shared=true sliding=true seq_len=1 0.011ms
gemma4-profile phase=paged_gather seq_len=1 max_kv=16384 write_cache=false 1.486ms
gemma4-profile phase=paged_prefix_sdpa packed=true seq_len=1 max_q=1 max_k=16384 0.041ms
gemma4-profile phase=attn_o_proj layer=28 seq_len=1 0.054ms
gemma4-profile phase=ffn_mlp layer=28 seq_len=1 0.383ms
gemma4-profile phase=ple_gate layer=28 seq_len=1 0.014ms
gemma4-profile phase=ple_mul_act layer=28 seq_len=1 0.014ms
gemma4-profile phase=ple_proj layer=28 seq_len=1 0.015ms
gemma4-profile phase=layer layer=28 kind=shared reduced=true 2.673ms
gemma4-profile phase=attn_project layer=29 shared=true seq_len=1 0.062ms
gemma4-profile phase=attn_rope_norm layer=29 shared=true sliding=false seq_len=1 0.014ms
gemma4-profile phase=paged_gather seq_len=1 max_kv=16384 write_cache=false 3.049ms
gemma4-profile phase=paged_prefix_sdpa packed=true seq_len=1 max_q=1 max_k=16384 3.124ms
gemma4-profile phase=attn_o_proj layer=29 seq_len=1 0.084ms
gemma4-profile phase=ffn_mlp layer=29 seq_len=1 0.387ms
gemma4-profile phase=ple_gate layer=29 seq_len=1 0.013ms
gemma4-profile phase=ple_mul_act layer=29 seq_len=1 0.015ms
gemma4-profile phase=ple_proj layer=29 seq_len=1 0.016ms
gemma4-profile phase=layer layer=29 kind=shared reduced=true 7.749ms
gemma4-profile phase=attn_project layer=30 shared=true seq_len=1 0.037ms
gemma4-profile phase=attn_rope_norm layer=30 shared=true sliding=true seq_len=1 0.012ms
gemma4-profile phase=paged_gather seq_len=1 max_kv=16384 write_cache=false 1.571ms
gemma4-profile phase=paged_prefix_sdpa packed=true seq_len=1 max_q=1 max_k=16384 0.043ms
gemma4-profile phase=attn_o_proj layer=30 seq_len=1 0.053ms
gemma4-profile phase=ffn_mlp layer=30 seq_len=1 0.376ms
gemma4-profile phase=ple_gate layer=30 seq_len=1 0.012ms
gemma4-profile phase=ple_mul_act layer=30 seq_len=1 0.014ms
gemma4-profile phase=ple_proj layer=30 seq_len=1 0.016ms
gemma4-profile phase=layer layer=30 kind=shared reduced=true 2.752ms
gemma4-profile phase=attn_project layer=31 shared=true seq_len=1 0.034ms
gemma4-profile phase=attn_rope_norm layer=31 shared=true sliding=true seq_len=1 0.012ms
gemma4-profile phase=paged_gather seq_len=1 max_kv=16384 write_cache=false 1.478ms
gemma4-profile phase=paged_prefix_sdpa packed=true seq_len=1 max_q=1 max_k=16384 0.041ms
gemma4-profile phase=attn_o_proj layer=31 seq_len=1 0.053ms
gemma4-profile phase=ffn_mlp layer=31 seq_len=1 0.392ms
gemma4-profile phase=ple_gate layer=31 seq_len=1 0.014ms
gemma4-profile phase=ple_mul_act layer=31 seq_len=1 0.014ms
gemma4-profile phase=ple_proj layer=31 seq_len=1 0.015ms
gemma4-profile phase=layer layer=31 kind=shared reduced=true 2.657ms
gemma4-profile phase=attn_project layer=32 shared=true seq_len=1 0.037ms
gemma4-profile phase=attn_rope_norm layer=32 shared=true sliding=true seq_len=1 0.012ms
gemma4-profile phase=paged_gather seq_len=1 max_kv=16384 write_cache=false 1.467ms
gemma4-profile phase=paged_prefix_sdpa packed=true seq_len=1 max_q=1 max_k=16384 0.044ms
gemma4-profile phase=attn_o_proj layer=32 seq_len=1 0.054ms
gemma4-profile phase=ffn_mlp layer=32 seq_len=1 0.383ms
gemma4-profile phase=ple_gate layer=32 seq_len=1 0.014ms
gemma4-profile phase=ple_mul_act layer=32 seq_len=1 0.013ms
gemma4-profile phase=ple_proj layer=32 seq_len=1 0.014ms
gemma4-profile phase=layer layer=32 kind=shared reduced=true 2.653ms
gemma4-profile phase=attn_project layer=33 shared=true seq_len=1 0.037ms
gemma4-profile phase=attn_rope_norm layer=33 shared=true sliding=true seq_len=1 0.012ms
gemma4-profile phase=paged_gather seq_len=1 max_kv=16384 write_cache=false 1.476ms
gemma4-profile phase=paged_prefix_sdpa packed=true seq_len=1 max_q=1 max_k=16384 0.040ms
gemma4-profile phase=attn_o_proj layer=33 seq_len=1 0.052ms
gemma4-profile phase=ffn_mlp layer=33 seq_len=1 0.377ms
gemma4-profile phase=ple_gate layer=33 seq_len=1 0.014ms
gemma4-profile phase=ple_mul_act layer=33 seq_len=1 0.013ms
gemma4-profile phase=ple_proj layer=33 seq_len=1 0.015ms
gemma4-profile phase=layer layer=33 kind=shared reduced=true 2.664ms
gemma4-profile phase=attn_project layer=34 shared=true seq_len=1 0.037ms
gemma4-profile phase=attn_rope_norm layer=34 shared=true sliding=true seq_len=1 0.012ms
gemma4-profile phase=paged_gather seq_len=1 max_kv=16384 write_cache=false 1.456ms
gemma4-profile phase=paged_prefix_sdpa packed=true seq_len=1 max_q=1 max_k=16384 0.041ms
gemma4-profile phase=attn_o_proj layer=34 seq_len=1 0.053ms
gemma4-profile phase=ffn_mlp layer=34 seq_len=1 0.374ms
gemma4-profile phase=ple_gate layer=34 seq_len=1 0.014ms
gemma4-profile phase=ple_mul_act layer=34 seq_len=1 0.014ms
gemma4-profile phase=ple_proj layer=34 seq_len=1 0.015ms
gemma4-profile phase=layer layer=34 kind=shared reduced=true 2.632ms
gemma4-profile phase=attn_project layer=35 shared=true seq_len=1 0.062ms
gemma4-profile phase=attn_rope_norm layer=35 shared=true sliding=false seq_len=1 0.014ms
gemma4-profile phase=paged_gather seq_len=1 max_kv=16384 write_cache=false 3.040ms
gemma4-profile phase=paged_prefix_sdpa packed=true seq_len=1 max_q=1 max_k=16384 3.122ms
gemma4-profile phase=attn_o_proj layer=35 seq_len=1 0.082ms
gemma4-profile phase=ffn_mlp layer=35 seq_len=1 0.375ms
gemma4-profile phase=ple_gate layer=35 seq_len=1 0.014ms
gemma4-profile phase=ple_mul_act layer=35 seq_len=1 0.015ms
gemma4-profile phase=ple_proj layer=35 seq_len=1 0.015ms
gemma4-profile phase=layer layer=35 kind=shared reduced=true 7.707ms
gemma4-profile phase=attn_project layer=36 shared=true seq_len=1 0.037ms
gemma4-profile phase=attn_rope_norm layer=36 shared=true sliding=true seq_len=1 0.012ms
gemma4-profile phase=paged_gather seq_len=1 max_kv=16384 write_cache=false 1.584ms
gemma4-profile phase=paged_prefix_sdpa packed=true seq_len=1 max_q=1 max_k=16384 0.042ms
gemma4-profile phase=attn_o_proj layer=36 seq_len=1 0.053ms
gemma4-profile phase=ffn_mlp layer=36 seq_len=1 0.380ms
gemma4-profile phase=ple_gate layer=36 seq_len=1 0.015ms
gemma4-profile phase=ple_mul_act layer=36 seq_len=1 0.013ms
gemma4-profile phase=ple_proj layer=36 seq_len=1 0.016ms
gemma4-profile phase=layer layer=36 kind=shared reduced=true 2.783ms
gemma4-profile phase=attn_project layer=37 shared=true seq_len=1 0.035ms
gemma4-profile phase=attn_rope_norm layer=37 shared=true sliding=true seq_len=1 0.011ms
gemma4-profile phase=paged_gather seq_len=1 max_kv=16384 write_cache=false 1.471ms
gemma4-profile phase=paged_prefix_sdpa packed=true seq_len=1 max_q=1 max_k=16384 0.042ms
gemma4-profile phase=attn_o_proj layer=37 seq_len=1 0.052ms
gemma4-profile phase=ffn_mlp layer=37 seq_len=1 0.385ms
gemma4-profile phase=ple_gate layer=37 seq_len=1 0.015ms
gemma4-profile phase=ple_mul_act layer=37 seq_len=1 0.012ms
gemma4-profile phase=ple_proj layer=37 seq_len=1 0.016ms
gemma4-profile phase=layer layer=37 kind=shared reduced=true 2.663ms
gemma4-profile phase=attn_project layer=38 shared=true seq_len=1 0.036ms
gemma4-profile phase=attn_rope_norm layer=38 shared=true sliding=true seq_len=1 0.012ms
gemma4-profile phase=paged_gather seq_len=1 max_kv=16384 write_cache=false 1.464ms
gemma4-profile phase=paged_prefix_sdpa packed=true seq_len=1 max_q=1 max_k=16384 0.041ms
gemma4-profile phase=attn_o_proj layer=38 seq_len=1 0.053ms
gemma4-profile phase=ffn_mlp layer=38 seq_len=1 0.372ms
gemma4-profile phase=ple_gate layer=38 seq_len=1 0.015ms
gemma4-profile phase=ple_mul_act layer=38 seq_len=1 0.013ms
gemma4-profile phase=ple_proj layer=38 seq_len=1 0.016ms
gemma4-profile phase=layer layer=38 kind=shared reduced=true 2.637ms
gemma4-profile phase=attn_project layer=39 shared=true seq_len=1 0.038ms
gemma4-profile phase=attn_rope_norm layer=39 shared=true sliding=true seq_len=1 0.012ms
gemma4-profile phase=paged_gather seq_len=1 max_kv=16384 write_cache=false 1.542ms
gemma4-profile phase=paged_prefix_sdpa packed=true seq_len=1 max_q=1 max_k=16384 0.042ms
gemma4-profile phase=attn_o_proj layer=39 seq_len=1 0.054ms
gemma4-profile phase=ffn_mlp layer=39 seq_len=1 0.374ms
gemma4-profile phase=ple_gate layer=39 seq_len=1 0.014ms
gemma4-profile phase=ple_mul_act layer=39 seq_len=1 0.013ms
gemma4-profile phase=ple_proj layer=39 seq_len=1 0.016ms
gemma4-profile phase=layer layer=39 kind=shared reduced=true 2.743ms
gemma4-profile phase=attn_project layer=40 shared=true seq_len=1 0.033ms
gemma4-profile phase=attn_rope_norm layer=40 shared=true sliding=true seq_len=1 0.012ms
gemma4-profile phase=paged_gather seq_len=1 max_kv=16384 write_cache=false 1.463ms
gemma4-profile phase=paged_prefix_sdpa packed=true seq_len=1 max_q=1 max_k=16384 0.040ms
gemma4-profile phase=attn_o_proj layer=40 seq_len=1 0.053ms
gemma4-profile phase=ffn_mlp layer=40 seq_len=1 0.381ms
gemma4-profile phase=ple_gate layer=40 seq_len=1 0.014ms
gemma4-profile phase=ple_mul_act layer=40 seq_len=1 0.012ms
gemma4-profile phase=ple_proj layer=40 seq_len=1 0.016ms
gemma4-profile phase=layer layer=40 kind=shared reduced=true 2.652ms
gemma4-profile phase=attn_project layer=41 shared=true seq_len=1 0.062ms
gemma4-profile phase=attn_rope_norm layer=41 shared=true sliding=false seq_len=1 0.013ms
gemma4-profile phase=paged_gather seq_len=1 max_kv=16384 write_cache=false 3.047ms
gemma4-profile phase=paged_prefix_sdpa packed=true seq_len=1 max_q=1 max_k=16384 3.121ms
gemma4-profile phase=attn_o_proj layer=41 seq_len=1 0.084ms
gemma4-profile phase=ffn_mlp layer=41 seq_len=1 0.381ms
gemma4-profile phase=ple_gate layer=41 seq_len=1 0.015ms
gemma4-profile phase=ple_mul_act layer=41 seq_len=1 0.014ms
gemma4-profile phase=ple_proj layer=41 seq_len=1 0.016ms
gemma4-profile phase=layer layer=41 kind=shared reduced=true 7.715ms
gemma4-profile phase=final_norm_logits 0.010ms
gemma4-profile phase=lm_head 3.329ms
gemma4-profile phase=softcap 0.030ms

Benchmark Results
=================

Model: google/gemma-4-E4B-it
Iterations: 1

┌────────────────────────┬──────────────┬───────────────────┐
│ Test                   ┆ T/s          ┆ Latency           │
╞════════════════════════╪══════════════╪═══════════════════╡
│ Prefill (16384 tokens) ┆ 2719.3 ± 0.0 ┆ 6025.00 ms (TTFT) │
└────────────────────────┴──────────────┴───────────────────┘

