2026-05-25T12:40:53.760740Z  INFO mistralrs::commands::quant: quant: --quant 8 -> UQFF q8_0 from `mistralrs-community/gemma-4-E4B-it-UQFF`
2026-05-25T12:40:53.760816Z  INFO mistralrs::commands::bench: Loading model for benchmarking...
2026-05-25T12:40:54.414997Z  INFO mistralrs_quant::utils::log: DType selected is BF16.
2026-05-25T12:40:54.545649Z  INFO mistralrs_core::pipeline::loaders::auto_device_map: Using automatic device mapping parameters: multimodal[max_seq_len: 4096, max_batch_size: 1, max_image_shape: (1024, 1024), max_num_images: 1].
2026-05-25T12:40:54.545687Z  INFO mistralrs_core::pipeline::loaders::auto_device_map: The following sub-models will not be device mapped and will be loaded on cuda[0]: vision, audio
2026-05-25T12:40:54.545768Z  INFO mistralrs_quant::utils::log: Model has 42 repeating layers.
2026-05-25T12:40:54.545778Z  INFO mistralrs_quant::utils::log: Loading model according to the following repeating layer mappings:
2026-05-25T12:40:54.584917Z  INFO mistralrs_quant::utils::log: Layers 0-41: cuda[0] (90 GB)
2026-05-25T12:40:54.643341Z  INFO mistralrs_quant::utils::log: FlashAttention is enabled.
2026-05-25T12:40:54.643389Z  INFO mistralrs_core::pipeline::multimodal: Loading residual weights and preparing UQFF placeholders.
2026-05-25T12:41:21.628136Z  INFO mistralrs_core::pipeline::isq: Loading UQFF artifacts into 379 quantized tensors.
2026-05-25T12:41:21.912990Z  INFO mistralrs_core::pipeline::isq: Loaded UQFF artifacts into 379 quantized tensors. Took 0.28s
2026-05-25T12:41:22.016218Z  INFO mistralrs_core::paged_attention: Allocating 391 MB for PagedAttention KV cache per GPU
2026-05-25T12:41:22.016240Z  INFO mistralrs_core::paged_attention: PagedAttention KV cache type is BF16
2026-05-25T12:41:22.016243Z  INFO mistralrs_core::paged_attention: Using PagedAttention with block size 32 and 127 GPU blocks: available context length is 4064 tokens
2026-05-25T12:41:23.436199Z  INFO mistralrs_server_core::mistralrs_for_server_builder: Model loaded.
2026-05-25T12:41:23.436245Z  INFO mistralrs_core: git revision: b5ba77b7bb8027c0284ff07fda9c9d5c290109ce
2026-05-25T12:41:23.437722Z  INFO mistralrs_core: Pipeline input modalities are [📝 Text, 🖼️ Vision, 🎬 Video, 🔊 Audio]
2026-05-25T12:41:23.437747Z  INFO mistralrs_core: Pipeline output modalities are [📝 Text]
2026-05-25T12:41:23.525639Z  INFO mistralrs::commands::bench: Model loaded.
2026-05-25T12:41:23.525674Z  INFO mistralrs::commands::bench: Running 1 iteration(s) with prompt lengths [2048], 0 generation tokens, decode depths [1]...
2026-05-25T12:41:23.525678Z  INFO mistralrs::commands::bench: Iteration 1/1...

Benchmark Results
=================

Model: google/gemma-4-E4B-it
Iterations: 1

┌───────────────────────┬──────────────┬──────────────────┐
│ Test                  ┆ T/s          ┆ Latency          │
╞═══════════════════════╪══════════════╪══════════════════╡
│ Prefill (2048 tokens) ┆ 7111.1 ± 0.0 ┆ 288.00 ms (TTFT) │
└───────────────────────┴──────────────┴──────────────────┘

