2026-05-25T12:43:41.819187Z  INFO mistralrs::commands::quant: quant: --quant 8 -> UQFF q8_0 from `mistralrs-community/gemma-4-E4B-it-UQFF`
2026-05-25T12:43:41.819257Z  INFO mistralrs::commands::bench: Loading model for benchmarking...
2026-05-25T12:43:42.605167Z  INFO mistralrs_quant::utils::log: DType selected is BF16.
2026-05-25T12:43:42.731814Z  INFO mistralrs_core::pipeline::loaders::auto_device_map: Using automatic device mapping parameters: multimodal[max_seq_len: 10000, max_batch_size: 1, max_image_shape: (1024, 1024), max_num_images: 1].
2026-05-25T12:43:42.731856Z  INFO mistralrs_core::pipeline::loaders::auto_device_map: The following sub-models will not be device mapped and will be loaded on cuda[0]: vision, audio
2026-05-25T12:43:42.731899Z  INFO mistralrs_quant::utils::log: Model has 42 repeating layers.
2026-05-25T12:43:42.731953Z  INFO mistralrs_quant::utils::log: Loading model according to the following repeating layer mappings:
2026-05-25T12:43:42.774725Z  INFO mistralrs_quant::utils::log: Layers 0-41: cuda[0] (90 GB)
2026-05-25T12:43:42.833529Z  INFO mistralrs_quant::utils::log: FlashAttention is enabled.
2026-05-25T12:43:42.833586Z  INFO mistralrs_core::pipeline::multimodal: Loading residual weights and preparing UQFF placeholders.
2026-05-25T12:44:09.658291Z  INFO mistralrs_core::pipeline::isq: Loading UQFF artifacts into 379 quantized tensors.
2026-05-25T12:44:09.950998Z  INFO mistralrs_core::pipeline::isq: Loaded UQFF artifacts into 379 quantized tensors. Took 0.29s
2026-05-25T12:44:10.027792Z  INFO mistralrs_core::paged_attention: Allocating 956 MB for PagedAttention KV cache per GPU
2026-05-25T12:44:10.027814Z  INFO mistralrs_core::paged_attention: PagedAttention KV cache type is BF16
2026-05-25T12:44:10.027817Z  INFO mistralrs_core::paged_attention: Using PagedAttention with block size 32 and 312 GPU blocks: available context length is 9984 tokens
2026-05-25T12:44:11.445519Z  INFO mistralrs_server_core::mistralrs_for_server_builder: Model loaded.
2026-05-25T12:44:11.445569Z  INFO mistralrs_core: git revision: b5ba77b7bb8027c0284ff07fda9c9d5c290109ce
2026-05-25T12:44:11.447024Z  INFO mistralrs_core: Pipeline input modalities are [📝 Text, 🖼️ Vision, 🎬 Video, 🔊 Audio]
2026-05-25T12:44:11.447046Z  INFO mistralrs_core: Pipeline output modalities are [📝 Text]
2026-05-25T12:44:11.546708Z  INFO mistralrs::commands::bench: Model loaded.
2026-05-25T12:44:11.546747Z  INFO mistralrs::commands::bench: Running 1 iteration(s) with prompt lengths [8192], 0 generation tokens, decode depths [1]...
2026-05-25T12:44:11.546751Z  INFO mistralrs::commands::bench: Iteration 1/1...

Benchmark Results
=================

Model: google/gemma-4-E4B-it
Iterations: 1

┌───────────────────────┬──────────────┬───────────────────┐
│ Test                  ┆ T/s          ┆ Latency           │
╞═══════════════════════╪══════════════╪═══════════════════╡
│ Prefill (8192 tokens) ┆ 5595.6 ± 0.0 ┆ 1464.00 ms (TTFT) │
└───────────────────────┴──────────────┴───────────────────┘

