2026-05-25T12:30:42.655721Z  INFO mistralrs::commands::quant: quant: --quant 8 -> UQFF q8_0 from `mistralrs-community/gemma-4-E4B-it-UQFF`
2026-05-25T12:30:42.655855Z  INFO mistralrs::commands::bench: Loading model for benchmarking...
2026-05-25T12:30:43.299990Z  INFO mistralrs_quant::utils::log: DType selected is BF16.
2026-05-25T12:30:43.434169Z  INFO mistralrs_core::pipeline::loaders::auto_device_map: Using automatic device mapping parameters: multimodal[max_seq_len: 20000, max_batch_size: 1, max_image_shape: (1024, 1024), max_num_images: 1].
2026-05-25T12:30:43.434200Z  INFO mistralrs_core::pipeline::loaders::auto_device_map: The following sub-models will not be device mapped and will be loaded on cuda[0]: vision, audio
2026-05-25T12:30:43.434233Z  INFO mistralrs_quant::utils::log: Model has 42 repeating layers.
2026-05-25T12:30:43.434355Z  INFO mistralrs_quant::utils::log: Loading model according to the following repeating layer mappings:
2026-05-25T12:30:43.471895Z  INFO mistralrs_quant::utils::log: Layers 0-41: cuda[0] (90 GB)
2026-05-25T12:30:43.525449Z  INFO mistralrs_quant::utils::log: FlashAttention is enabled.
2026-05-25T12:30:43.525490Z  INFO mistralrs_core::pipeline::multimodal: Loading residual weights and preparing UQFF placeholders.
2026-05-25T12:31:10.652507Z  INFO mistralrs_core::pipeline::isq: Loading UQFF artifacts into 379 quantized tensors.
2026-05-25T12:31:10.951022Z  INFO mistralrs_core::pipeline::isq: Loaded UQFF artifacts into 379 quantized tensors. Took 0.30s
2026-05-25T12:31:11.045434Z  INFO mistralrs_core::paged_attention: Allocating 1912 MB for PagedAttention KV cache per GPU
2026-05-25T12:31:11.045454Z  INFO mistralrs_core::paged_attention: PagedAttention KV cache type is BF16
2026-05-25T12:31:11.045457Z  INFO mistralrs_core::paged_attention: Using PagedAttention with block size 32 and 624 GPU blocks: available context length is 19968 tokens
2026-05-25T12:31:12.494576Z  INFO mistralrs_server_core::mistralrs_for_server_builder: Model loaded.
2026-05-25T12:31:12.494628Z  INFO mistralrs_core: git revision: b5ba77b7bb8027c0284ff07fda9c9d5c290109ce
2026-05-25T12:31:12.496068Z  INFO mistralrs_core: Pipeline input modalities are [📝 Text, 🖼️ Vision, 🎬 Video, 🔊 Audio]
2026-05-25T12:31:12.496089Z  INFO mistralrs_core: Pipeline output modalities are [📝 Text]
gemma4-profile phase=compute_ple 15.169ms
gemma4-profile phase=attn_project layer=0 shared=false seq_len=1 0.168ms
gemma4-profile phase=attn_rope_norm layer=0 shared=false sliding=true seq_len=1 0.142ms
gemma4-profile phase=paged_regular_sdpa seq_len=1 heads=8 2.900ms
gemma4-profile phase=paged_cache_write path=regular seq_len=1 heads=2 30.693ms
gemma4-profile phase=attn_o_proj layer=0 seq_len=1 0.052ms
gemma4-profile phase=ffn_mlp layer=0 seq_len=1 0.492ms
gemma4-profile phase=ple_gate layer=0 seq_len=1 0.013ms
gemma4-profile phase=ple_mul_act layer=0 seq_len=1 1.904ms
gemma4-profile phase=ple_proj layer=0 seq_len=1 0.022ms
gemma4-profile phase=layer layer=0 kind=sliding reduced=false 37.020ms
gemma4-profile phase=attn_project layer=1 shared=false seq_len=1 0.061ms
gemma4-profile phase=attn_rope_norm layer=1 shared=false sliding=true seq_len=1 0.016ms
gemma4-profile phase=paged_regular_sdpa seq_len=1 heads=8 0.025ms
gemma4-profile phase=paged_cache_write path=regular seq_len=1 heads=2 0.012ms
gemma4-profile phase=attn_o_proj layer=1 seq_len=1 0.036ms
gemma4-profile phase=ffn_mlp layer=1 seq_len=1 0.383ms
gemma4-profile phase=ple_gate layer=1 seq_len=1 0.013ms
gemma4-profile phase=ple_mul_act layer=1 seq_len=1 0.008ms
gemma4-profile phase=ple_proj layer=1 seq_len=1 0.015ms
gemma4-profile phase=layer layer=1 kind=sliding reduced=false 0.682ms
gemma4-profile phase=attn_project layer=2 shared=false seq_len=1 0.054ms
gemma4-profile phase=attn_rope_norm layer=2 shared=false sliding=true seq_len=1 0.010ms
gemma4-profile phase=paged_regular_sdpa seq_len=1 heads=8 0.012ms
gemma4-profile phase=paged_cache_write path=regular seq_len=1 heads=2 0.009ms
gemma4-profile phase=attn_o_proj layer=2 seq_len=1 0.034ms
gemma4-profile phase=ffn_mlp layer=2 seq_len=1 0.382ms
gemma4-profile phase=ple_gate layer=2 seq_len=1 0.013ms
gemma4-profile phase=ple_mul_act layer=2 seq_len=1 0.008ms
gemma4-profile phase=ple_proj layer=2 seq_len=1 0.014ms
gemma4-profile phase=layer layer=2 kind=sliding reduced=false 0.654ms
gemma4-profile phase=attn_project layer=3 shared=false seq_len=1 0.056ms
gemma4-profile phase=attn_rope_norm layer=3 shared=false sliding=true seq_len=1 0.009ms
gemma4-profile phase=paged_regular_sdpa seq_len=1 heads=8 0.012ms
gemma4-profile phase=paged_cache_write path=regular seq_len=1 heads=2 0.009ms
gemma4-profile phase=attn_o_proj layer=3 seq_len=1 0.035ms
gemma4-profile phase=ffn_mlp layer=3 seq_len=1 0.379ms
gemma4-profile phase=ple_gate layer=3 seq_len=1 0.014ms
gemma4-profile phase=ple_mul_act layer=3 seq_len=1 0.008ms
gemma4-profile phase=ple_proj layer=3 seq_len=1 0.014ms
gemma4-profile phase=layer layer=3 kind=sliding reduced=false 0.653ms
gemma4-profile phase=attn_project layer=4 shared=false seq_len=1 0.057ms
gemma4-profile phase=attn_rope_norm layer=4 shared=false sliding=true seq_len=1 0.009ms
gemma4-profile phase=paged_regular_sdpa seq_len=1 heads=8 0.014ms
gemma4-profile phase=paged_cache_write path=regular seq_len=1 heads=2 0.009ms
gemma4-profile phase=attn_o_proj layer=4 seq_len=1 0.037ms
gemma4-profile phase=ffn_mlp layer=4 seq_len=1 0.387ms
gemma4-profile phase=ple_gate layer=4 seq_len=1 0.013ms
gemma4-profile phase=ple_mul_act layer=4 seq_len=1 0.007ms
gemma4-profile phase=ple_proj layer=4 seq_len=1 0.015ms
gemma4-profile phase=layer layer=4 kind=sliding reduced=false 0.667ms
gemma4-profile phase=attn_project layer=5 shared=false seq_len=1 0.100ms
gemma4-profile phase=attn_rope_norm layer=5 shared=false sliding=false seq_len=1 0.011ms
gemma4-profile phase=paged_regular_sdpa seq_len=1 heads=8 5.102ms
gemma4-profile phase=paged_cache_write path=regular seq_len=1 heads=2 0.011ms
gemma4-profile phase=attn_o_proj layer=5 seq_len=1 0.073ms
gemma4-profile phase=ffn_mlp layer=5 seq_len=1 0.393ms
gemma4-profile phase=ple_gate layer=5 seq_len=1 0.015ms
gemma4-profile phase=ple_mul_act layer=5 seq_len=1 0.011ms
gemma4-profile phase=ple_proj layer=5 seq_len=1 0.018ms
gemma4-profile phase=layer layer=5 kind=global reduced=false 5.884ms
gemma4-profile phase=attn_project layer=6 shared=false seq_len=1 0.061ms
gemma4-profile phase=attn_rope_norm layer=6 shared=false sliding=true seq_len=1 0.014ms
gemma4-profile phase=paged_regular_sdpa seq_len=1 heads=8 0.018ms
gemma4-profile phase=paged_cache_write path=regular seq_len=1 heads=2 0.010ms
gemma4-profile phase=attn_o_proj layer=6 seq_len=1 0.036ms
gemma4-profile phase=ffn_mlp layer=6 seq_len=1 0.389ms
gemma4-profile phase=ple_gate layer=6 seq_len=1 0.014ms
gemma4-profile phase=ple_mul_act layer=6 seq_len=1 0.008ms
gemma4-profile phase=ple_proj layer=6 seq_len=1 0.014ms
gemma4-profile phase=layer layer=6 kind=sliding reduced=false 0.696ms
gemma4-profile phase=attn_project layer=7 shared=false seq_len=1 0.056ms
gemma4-profile phase=attn_rope_norm layer=7 shared=false sliding=true seq_len=1 0.009ms
gemma4-profile phase=paged_regular_sdpa seq_len=1 heads=8 0.012ms
gemma4-profile phase=paged_cache_write path=regular seq_len=1 heads=2 0.009ms
gemma4-profile phase=attn_o_proj layer=7 seq_len=1 0.037ms
gemma4-profile phase=ffn_mlp layer=7 seq_len=1 0.379ms
gemma4-profile phase=ple_gate layer=7 seq_len=1 0.013ms
gemma4-profile phase=ple_mul_act layer=7 seq_len=1 0.008ms
gemma4-profile phase=ple_proj layer=7 seq_len=1 0.014ms
gemma4-profile phase=layer layer=7 kind=sliding reduced=false 0.668ms
gemma4-profile phase=attn_project layer=8 shared=false seq_len=1 0.057ms
gemma4-profile phase=attn_rope_norm layer=8 shared=false sliding=true seq_len=1 0.009ms
gemma4-profile phase=paged_regular_sdpa seq_len=1 heads=8 0.012ms
gemma4-profile phase=paged_cache_write path=regular seq_len=1 heads=2 0.009ms
gemma4-profile phase=attn_o_proj layer=8 seq_len=1 0.038ms
gemma4-profile phase=ffn_mlp layer=8 seq_len=1 0.389ms
gemma4-profile phase=ple_gate layer=8 seq_len=1 0.011ms
gemma4-profile phase=ple_mul_act layer=8 seq_len=1 0.007ms
gemma4-profile phase=ple_proj layer=8 seq_len=1 0.015ms
gemma4-profile phase=layer layer=8 kind=sliding reduced=false 0.687ms
gemma4-profile phase=attn_project layer=9 shared=false seq_len=1 0.056ms
gemma4-profile phase=attn_rope_norm layer=9 shared=false sliding=true seq_len=1 0.009ms
gemma4-profile phase=paged_regular_sdpa seq_len=1 heads=8 0.012ms
gemma4-profile phase=paged_cache_write path=regular seq_len=1 heads=2 0.009ms
gemma4-profile phase=attn_o_proj layer=9 seq_len=1 0.037ms
gemma4-profile phase=ffn_mlp layer=9 seq_len=1 0.386ms
gemma4-profile phase=ple_gate layer=9 seq_len=1 0.011ms
gemma4-profile phase=ple_mul_act layer=9 seq_len=1 0.007ms
gemma4-profile phase=ple_proj layer=9 seq_len=1 0.014ms
gemma4-profile phase=layer layer=9 kind=sliding reduced=false 0.662ms
gemma4-profile phase=attn_project layer=10 shared=false seq_len=1 0.055ms
gemma4-profile phase=attn_rope_norm layer=10 shared=false sliding=true seq_len=1 0.009ms
gemma4-profile phase=paged_regular_sdpa seq_len=1 heads=8 0.012ms
gemma4-profile phase=paged_cache_write path=regular seq_len=1 heads=2 0.009ms
gemma4-profile phase=attn_o_proj layer=10 seq_len=1 0.034ms
gemma4-profile phase=ffn_mlp layer=10 seq_len=1 0.382ms
gemma4-profile phase=ple_gate layer=10 seq_len=1 0.011ms
gemma4-profile phase=ple_mul_act layer=10 seq_len=1 0.007ms
gemma4-profile phase=ple_proj layer=10 seq_len=1 0.013ms
gemma4-profile phase=layer layer=10 kind=sliding reduced=false 0.651ms
gemma4-profile phase=attn_project layer=11 shared=false seq_len=1 0.099ms
gemma4-profile phase=attn_rope_norm layer=11 shared=false sliding=false seq_len=1 0.011ms
gemma4-profile phase=paged_regular_sdpa seq_len=1 heads=8 0.015ms
gemma4-profile phase=paged_cache_write path=regular seq_len=1 heads=2 0.009ms
gemma4-profile phase=attn_o_proj layer=11 seq_len=1 0.060ms
gemma4-profile phase=ffn_mlp layer=11 seq_len=1 0.384ms
gemma4-profile phase=ple_gate layer=11 seq_len=1 0.014ms
gemma4-profile phase=ple_mul_act layer=11 seq_len=1 0.007ms
gemma4-profile phase=ple_proj layer=11 seq_len=1 0.015ms
gemma4-profile phase=layer layer=11 kind=global reduced=false 0.734ms
gemma4-profile phase=attn_project layer=12 shared=false seq_len=1 0.055ms
gemma4-profile phase=attn_rope_norm layer=12 shared=false sliding=true seq_len=1 0.009ms
gemma4-profile phase=paged_regular_sdpa seq_len=1 heads=8 0.012ms
gemma4-profile phase=paged_cache_write path=regular seq_len=1 heads=2 0.009ms
gemma4-profile phase=attn_o_proj layer=12 seq_len=1 0.037ms
gemma4-profile phase=ffn_mlp layer=12 seq_len=1 0.380ms
gemma4-profile phase=ple_gate layer=12 seq_len=1 0.013ms
gemma4-profile phase=ple_mul_act layer=12 seq_len=1 0.007ms
gemma4-profile phase=ple_proj layer=12 seq_len=1 0.016ms
gemma4-profile phase=layer layer=12 kind=sliding reduced=false 0.653ms
gemma4-profile phase=attn_project layer=13 shared=false seq_len=1 0.056ms
gemma4-profile phase=attn_rope_norm layer=13 shared=false sliding=true seq_len=1 0.009ms
gemma4-profile phase=paged_regular_sdpa seq_len=1 heads=8 0.012ms
gemma4-profile phase=paged_cache_write path=regular seq_len=1 heads=2 0.009ms
gemma4-profile phase=attn_o_proj layer=13 seq_len=1 0.035ms
gemma4-profile phase=ffn_mlp layer=13 seq_len=1 0.383ms
gemma4-profile phase=ple_gate layer=13 seq_len=1 0.014ms
gemma4-profile phase=ple_mul_act layer=13 seq_len=1 0.007ms
gemma4-profile phase=ple_proj layer=13 seq_len=1 0.016ms
gemma4-profile phase=layer layer=13 kind=sliding reduced=false 0.657ms
gemma4-profile phase=attn_project layer=14 shared=false seq_len=1 0.057ms
gemma4-profile phase=attn_rope_norm layer=14 shared=false sliding=true seq_len=1 0.009ms
gemma4-profile phase=paged_regular_sdpa seq_len=1 heads=8 0.012ms
gemma4-profile phase=paged_cache_write path=regular seq_len=1 heads=2 0.009ms
gemma4-profile phase=attn_o_proj layer=14 seq_len=1 0.039ms
gemma4-profile phase=ffn_mlp layer=14 seq_len=1 0.379ms
gemma4-profile phase=ple_gate layer=14 seq_len=1 0.014ms
gemma4-profile phase=ple_mul_act layer=14 seq_len=1 0.007ms
gemma4-profile phase=ple_proj layer=14 seq_len=1 0.016ms
gemma4-profile phase=layer layer=14 kind=sliding reduced=false 0.657ms
gemma4-profile phase=attn_project layer=15 shared=false seq_len=1 0.057ms
gemma4-profile phase=attn_rope_norm layer=15 shared=false sliding=true seq_len=1 0.009ms
gemma4-profile phase=paged_regular_sdpa seq_len=1 heads=8 0.012ms
gemma4-profile phase=paged_cache_write path=regular seq_len=1 heads=2 0.009ms
gemma4-profile phase=attn_o_proj layer=15 seq_len=1 0.034ms
gemma4-profile phase=ffn_mlp layer=15 seq_len=1 0.384ms
gemma4-profile phase=ple_gate layer=15 seq_len=1 0.014ms
gemma4-profile phase=ple_mul_act layer=15 seq_len=1 0.008ms
gemma4-profile phase=ple_proj layer=15 seq_len=1 0.015ms
gemma4-profile phase=layer layer=15 kind=sliding reduced=false 0.660ms
gemma4-profile phase=attn_project layer=16 shared=false seq_len=1 0.056ms
gemma4-profile phase=attn_rope_norm layer=16 shared=false sliding=true seq_len=1 0.009ms
gemma4-profile phase=paged_regular_sdpa seq_len=1 heads=8 0.012ms
gemma4-profile phase=paged_cache_write path=regular seq_len=1 heads=2 0.009ms
gemma4-profile phase=attn_o_proj layer=16 seq_len=1 0.036ms
gemma4-profile phase=ffn_mlp layer=16 seq_len=1 0.374ms
gemma4-profile phase=ple_gate layer=16 seq_len=1 0.011ms
gemma4-profile phase=ple_mul_act layer=16 seq_len=1 0.007ms
gemma4-profile phase=ple_proj layer=16 seq_len=1 0.015ms
gemma4-profile phase=layer layer=16 kind=sliding reduced=false 0.643ms
gemma4-profile phase=attn_project layer=17 shared=false seq_len=1 0.101ms
gemma4-profile phase=attn_rope_norm layer=17 shared=false sliding=false seq_len=1 0.009ms
gemma4-profile phase=paged_regular_sdpa seq_len=1 heads=8 0.016ms
gemma4-profile phase=paged_cache_write path=regular seq_len=1 heads=2 0.009ms
gemma4-profile phase=attn_o_proj layer=17 seq_len=1 0.057ms
gemma4-profile phase=ffn_mlp layer=17 seq_len=1 0.384ms
gemma4-profile phase=ple_gate layer=17 seq_len=1 0.011ms
gemma4-profile phase=ple_mul_act layer=17 seq_len=1 0.008ms
gemma4-profile phase=ple_proj layer=17 seq_len=1 0.013ms
gemma4-profile phase=layer layer=17 kind=global reduced=false 0.724ms
gemma4-profile phase=attn_project layer=18 shared=false seq_len=1 0.056ms
gemma4-profile phase=attn_rope_norm layer=18 shared=false sliding=true seq_len=1 0.009ms
gemma4-profile phase=paged_regular_sdpa seq_len=1 heads=8 0.012ms
gemma4-profile phase=paged_cache_write path=regular seq_len=1 heads=2 0.009ms
gemma4-profile phase=attn_o_proj layer=18 seq_len=1 0.037ms
gemma4-profile phase=ffn_mlp layer=18 seq_len=1 0.386ms
gemma4-profile phase=ple_gate layer=18 seq_len=1 0.012ms
gemma4-profile phase=ple_mul_act layer=18 seq_len=1 0.007ms
gemma4-profile phase=ple_proj layer=18 seq_len=1 0.015ms
gemma4-profile phase=layer layer=18 kind=sliding reduced=false 0.662ms
gemma4-profile phase=attn_project layer=19 shared=false seq_len=1 0.054ms
gemma4-profile phase=attn_rope_norm layer=19 shared=false sliding=true seq_len=1 0.009ms
gemma4-profile phase=paged_regular_sdpa seq_len=1 heads=8 0.012ms
gemma4-profile phase=paged_cache_write path=regular seq_len=1 heads=2 0.009ms
gemma4-profile phase=attn_o_proj layer=19 seq_len=1 0.035ms
gemma4-profile phase=ffn_mlp layer=19 seq_len=1 0.381ms
gemma4-profile phase=ple_gate layer=19 seq_len=1 0.013ms
gemma4-profile phase=ple_mul_act layer=19 seq_len=1 0.007ms
gemma4-profile phase=ple_proj layer=19 seq_len=1 0.015ms
gemma4-profile phase=layer layer=19 kind=sliding reduced=false 0.651ms
gemma4-profile phase=attn_project layer=20 shared=false seq_len=1 0.053ms
gemma4-profile phase=attn_rope_norm layer=20 shared=false sliding=true seq_len=1 0.010ms
gemma4-profile phase=paged_regular_sdpa seq_len=1 heads=8 0.012ms
gemma4-profile phase=paged_cache_write path=regular seq_len=1 heads=2 0.009ms
gemma4-profile phase=attn_o_proj layer=20 seq_len=1 0.037ms
gemma4-profile phase=ffn_mlp layer=20 seq_len=1 0.379ms
gemma4-profile phase=ple_gate layer=20 seq_len=1 0.014ms
gemma4-profile phase=ple_mul_act layer=20 seq_len=1 0.007ms
gemma4-profile phase=ple_proj layer=20 seq_len=1 0.015ms
gemma4-profile phase=layer layer=20 kind=sliding reduced=false 0.651ms
gemma4-profile phase=attn_project layer=21 shared=false seq_len=1 0.058ms
gemma4-profile phase=attn_rope_norm layer=21 shared=false sliding=true seq_len=1 0.009ms
gemma4-profile phase=paged_regular_sdpa seq_len=1 heads=8 0.012ms
gemma4-profile phase=paged_cache_write path=regular seq_len=1 heads=2 0.008ms
gemma4-profile phase=attn_o_proj layer=21 seq_len=1 0.033ms
gemma4-profile phase=ffn_mlp layer=21 seq_len=1 0.378ms
gemma4-profile phase=ple_gate layer=21 seq_len=1 0.011ms
gemma4-profile phase=ple_mul_act layer=21 seq_len=1 0.008ms
gemma4-profile phase=ple_proj layer=21 seq_len=1 0.013ms
gemma4-profile phase=layer layer=21 kind=sliding reduced=false 0.651ms
gemma4-profile phase=attn_project layer=22 shared=false seq_len=1 0.053ms
gemma4-profile phase=attn_rope_norm layer=22 shared=false sliding=true seq_len=1 0.009ms
gemma4-profile phase=paged_regular_sdpa seq_len=1 heads=8 0.012ms
gemma4-profile phase=paged_cache_write path=regular seq_len=1 heads=2 0.009ms
gemma4-profile phase=attn_o_proj layer=22 seq_len=1 0.037ms
gemma4-profile phase=ffn_mlp layer=22 seq_len=1 0.381ms
gemma4-profile phase=ple_gate layer=22 seq_len=1 0.011ms
gemma4-profile phase=ple_mul_act layer=22 seq_len=1 0.007ms
gemma4-profile phase=ple_proj layer=22 seq_len=1 0.016ms
gemma4-profile phase=layer layer=22 kind=sliding reduced=false 0.652ms
gemma4-profile phase=attn_project layer=23 shared=false seq_len=1 0.097ms
gemma4-profile phase=attn_rope_norm layer=23 shared=false sliding=false seq_len=1 0.009ms
gemma4-profile phase=paged_regular_sdpa seq_len=1 heads=8 0.017ms
gemma4-profile phase=paged_cache_write path=regular seq_len=1 heads=2 0.009ms
gemma4-profile phase=attn_o_proj layer=23 seq_len=1 0.059ms
gemma4-profile phase=ffn_mlp layer=23 seq_len=1 0.373ms
gemma4-profile phase=ple_gate layer=23 seq_len=1 0.013ms
gemma4-profile phase=ple_mul_act layer=23 seq_len=1 0.008ms
gemma4-profile phase=ple_proj layer=23 seq_len=1 0.014ms
gemma4-profile phase=layer layer=23 kind=global reduced=false 0.715ms
gemma4-profile phase=attn_project layer=24 shared=true seq_len=1 0.036ms
gemma4-profile phase=attn_rope_norm layer=24 shared=true sliding=true seq_len=1 0.009ms
gemma4-profile phase=paged_gather seq_len=1 max_kv=1 write_cache=false 0.078ms
gemma4-profile phase=paged_prefix_sdpa packed=true seq_len=1 max_q=1 max_k=1 0.013ms
gemma4-profile phase=attn_o_proj layer=24 seq_len=1 0.036ms
gemma4-profile phase=ffn_mlp layer=24 seq_len=1 0.374ms
gemma4-profile phase=ple_gate layer=24 seq_len=1 0.013ms
gemma4-profile phase=ple_mul_act layer=24 seq_len=1 0.008ms
gemma4-profile phase=ple_proj layer=24 seq_len=1 0.016ms
gemma4-profile phase=layer layer=24 kind=shared reduced=false 0.739ms
gemma4-profile phase=attn_project layer=25 shared=true seq_len=1 0.036ms
gemma4-profile phase=attn_rope_norm layer=25 shared=true sliding=true seq_len=1 0.009ms
gemma4-profile phase=paged_gather seq_len=1 max_kv=1 write_cache=false 0.017ms
gemma4-profile phase=paged_prefix_sdpa packed=true seq_len=1 max_q=1 max_k=1 0.012ms
gemma4-profile phase=attn_o_proj layer=25 seq_len=1 0.035ms
gemma4-profile phase=ffn_mlp layer=25 seq_len=1 0.382ms
gemma4-profile phase=ple_gate layer=25 seq_len=1 0.014ms
gemma4-profile phase=ple_mul_act layer=25 seq_len=1 0.007ms
gemma4-profile phase=ple_proj layer=25 seq_len=1 0.015ms
gemma4-profile phase=layer layer=25 kind=shared reduced=false 0.654ms
gemma4-profile phase=attn_project layer=26 shared=true seq_len=1 0.036ms
gemma4-profile phase=attn_rope_norm layer=26 shared=true sliding=true seq_len=1 0.009ms
gemma4-profile phase=paged_gather seq_len=1 max_kv=1 write_cache=false 0.018ms
gemma4-profile phase=paged_prefix_sdpa packed=true seq_len=1 max_q=1 max_k=1 0.012ms
gemma4-profile phase=attn_o_proj layer=26 seq_len=1 0.034ms
gemma4-profile phase=ffn_mlp layer=26 seq_len=1 0.381ms
gemma4-profile phase=ple_gate layer=26 seq_len=1 0.014ms
gemma4-profile phase=ple_mul_act layer=26 seq_len=1 0.007ms
gemma4-profile phase=ple_proj layer=26 seq_len=1 0.013ms
gemma4-profile phase=layer layer=26 kind=shared reduced=false 0.651ms
gemma4-profile phase=attn_project layer=27 shared=true seq_len=1 0.036ms
gemma4-profile phase=attn_rope_norm layer=27 shared=true sliding=true seq_len=1 0.008ms
gemma4-profile phase=paged_gather seq_len=1 max_kv=1 write_cache=false 0.017ms
gemma4-profile phase=paged_prefix_sdpa packed=true seq_len=1 max_q=1 max_k=1 0.012ms
gemma4-profile phase=attn_o_proj layer=27 seq_len=1 0.035ms
gemma4-profile phase=ffn_mlp layer=27 seq_len=1 0.380ms
gemma4-profile phase=ple_gate layer=27 seq_len=1 0.011ms
gemma4-profile phase=ple_mul_act layer=27 seq_len=1 0.007ms
gemma4-profile phase=ple_proj layer=27 seq_len=1 0.015ms
gemma4-profile phase=layer layer=27 kind=shared reduced=false 0.650ms
gemma4-profile phase=attn_project layer=28 shared=true seq_len=1 0.036ms
gemma4-profile phase=attn_rope_norm layer=28 shared=true sliding=true seq_len=1 0.008ms
gemma4-profile phase=paged_gather seq_len=1 max_kv=1 write_cache=false 0.017ms
gemma4-profile phase=paged_prefix_sdpa packed=true seq_len=1 max_q=1 max_k=1 0.012ms
gemma4-profile phase=attn_o_proj layer=28 seq_len=1 0.036ms
gemma4-profile phase=ffn_mlp layer=28 seq_len=1 0.377ms
gemma4-profile phase=ple_gate layer=28 seq_len=1 0.011ms
gemma4-profile phase=ple_mul_act layer=28 seq_len=1 0.008ms
gemma4-profile phase=ple_proj layer=28 seq_len=1 0.016ms
gemma4-profile phase=layer layer=28 kind=shared reduced=false 0.647ms
gemma4-profile phase=attn_project layer=29 shared=true seq_len=1 0.063ms
gemma4-profile phase=attn_rope_norm layer=29 shared=true sliding=false seq_len=1 0.008ms
gemma4-profile phase=paged_gather seq_len=1 max_kv=1 write_cache=false 0.018ms
gemma4-profile phase=paged_prefix_sdpa packed=true seq_len=1 max_q=1 max_k=1 0.016ms
gemma4-profile phase=attn_o_proj layer=29 seq_len=1 0.062ms
gemma4-profile phase=ffn_mlp layer=29 seq_len=1 0.381ms
gemma4-profile phase=ple_gate layer=29 seq_len=1 0.013ms
gemma4-profile phase=ple_mul_act layer=29 seq_len=1 0.007ms
gemma4-profile phase=ple_proj layer=29 seq_len=1 0.015ms
gemma4-profile phase=layer layer=29 kind=shared reduced=false 0.707ms
gemma4-profile phase=attn_project layer=30 shared=true seq_len=1 0.036ms
gemma4-profile phase=attn_rope_norm layer=30 shared=true sliding=true seq_len=1 0.008ms
gemma4-profile phase=paged_gather seq_len=1 max_kv=1 write_cache=false 0.017ms
gemma4-profile phase=paged_prefix_sdpa packed=true seq_len=1 max_q=1 max_k=1 0.012ms
gemma4-profile phase=attn_o_proj layer=30 seq_len=1 0.035ms
gemma4-profile phase=ffn_mlp layer=30 seq_len=1 0.382ms
gemma4-profile phase=ple_gate layer=30 seq_len=1 0.011ms
gemma4-profile phase=ple_mul_act layer=30 seq_len=1 0.007ms
gemma4-profile phase=ple_proj layer=30 seq_len=1 0.015ms
gemma4-profile phase=layer layer=30 kind=shared reduced=false 0.651ms
gemma4-profile phase=attn_project layer=31 shared=true seq_len=1 0.037ms
gemma4-profile phase=attn_rope_norm layer=31 shared=true sliding=true seq_len=1 0.007ms
gemma4-profile phase=paged_gather seq_len=1 max_kv=1 write_cache=false 0.017ms
gemma4-profile phase=paged_prefix_sdpa packed=true seq_len=1 max_q=1 max_k=1 0.012ms
gemma4-profile phase=attn_o_proj layer=31 seq_len=1 0.035ms
gemma4-profile phase=ffn_mlp layer=31 seq_len=1 0.384ms
gemma4-profile phase=ple_gate layer=31 seq_len=1 0.012ms
gemma4-profile phase=ple_mul_act layer=31 seq_len=1 0.007ms
gemma4-profile phase=ple_proj layer=31 seq_len=1 0.013ms
gemma4-profile phase=layer layer=31 kind=shared reduced=false 0.644ms
gemma4-profile phase=attn_project layer=32 shared=true seq_len=1 0.036ms
gemma4-profile phase=attn_rope_norm layer=32 shared=true sliding=true seq_len=1 0.008ms
gemma4-profile phase=paged_gather seq_len=1 max_kv=1 write_cache=false 0.016ms
gemma4-profile phase=paged_prefix_sdpa packed=true seq_len=1 max_q=1 max_k=1 0.012ms
gemma4-profile phase=attn_o_proj layer=32 seq_len=1 0.035ms
gemma4-profile phase=ffn_mlp layer=32 seq_len=1 0.373ms
gemma4-profile phase=ple_gate layer=32 seq_len=1 0.013ms
gemma4-profile phase=ple_mul_act layer=32 seq_len=1 0.007ms
gemma4-profile phase=ple_proj layer=32 seq_len=1 0.016ms
gemma4-profile phase=layer layer=32 kind=shared reduced=false 0.640ms
gemma4-profile phase=attn_project layer=33 shared=true seq_len=1 0.038ms
gemma4-profile phase=attn_rope_norm layer=33 shared=true sliding=true seq_len=1 0.008ms
gemma4-profile phase=paged_gather seq_len=1 max_kv=1 write_cache=false 0.016ms
gemma4-profile phase=paged_prefix_sdpa packed=true seq_len=1 max_q=1 max_k=1 0.012ms
gemma4-profile phase=attn_o_proj layer=33 seq_len=1 0.036ms
gemma4-profile phase=ffn_mlp layer=33 seq_len=1 0.379ms
gemma4-profile phase=ple_gate layer=33 seq_len=1 0.012ms
gemma4-profile phase=ple_mul_act layer=33 seq_len=1 0.008ms
gemma4-profile phase=ple_proj layer=33 seq_len=1 0.016ms
gemma4-profile phase=layer layer=33 kind=shared reduced=false 0.656ms
gemma4-profile phase=attn_project layer=34 shared=true seq_len=1 0.037ms
gemma4-profile phase=attn_rope_norm layer=34 shared=true sliding=true seq_len=1 0.007ms
gemma4-profile phase=paged_gather seq_len=1 max_kv=1 write_cache=false 0.016ms
gemma4-profile phase=paged_prefix_sdpa packed=true seq_len=1 max_q=1 max_k=1 0.012ms
gemma4-profile phase=attn_o_proj layer=34 seq_len=1 0.038ms
gemma4-profile phase=ffn_mlp layer=34 seq_len=1 0.384ms
gemma4-profile phase=ple_gate layer=34 seq_len=1 0.013ms
gemma4-profile phase=ple_mul_act layer=34 seq_len=1 0.008ms
gemma4-profile phase=ple_proj layer=34 seq_len=1 0.014ms
gemma4-profile phase=layer layer=34 kind=shared reduced=false 0.651ms
gemma4-profile phase=attn_project layer=35 shared=true seq_len=1 0.061ms
gemma4-profile phase=attn_rope_norm layer=35 shared=true sliding=false seq_len=1 0.008ms
gemma4-profile phase=paged_gather seq_len=1 max_kv=1 write_cache=false 0.015ms
gemma4-profile phase=paged_prefix_sdpa packed=true seq_len=1 max_q=1 max_k=1 0.015ms
gemma4-profile phase=attn_o_proj layer=35 seq_len=1 0.058ms
gemma4-profile phase=ffn_mlp layer=35 seq_len=1 0.384ms
gemma4-profile phase=ple_gate layer=35 seq_len=1 0.012ms
gemma4-profile phase=ple_mul_act layer=35 seq_len=1 0.008ms
gemma4-profile phase=ple_proj layer=35 seq_len=1 0.017ms
gemma4-profile phase=layer layer=35 kind=shared reduced=false 0.697ms
gemma4-profile phase=attn_project layer=36 shared=true seq_len=1 0.036ms
gemma4-profile phase=attn_rope_norm layer=36 shared=true sliding=true seq_len=1 0.007ms
gemma4-profile phase=paged_gather seq_len=1 max_kv=1 write_cache=false 0.014ms
gemma4-profile phase=paged_prefix_sdpa packed=true seq_len=1 max_q=1 max_k=1 0.012ms
gemma4-profile phase=attn_o_proj layer=36 seq_len=1 0.034ms
gemma4-profile phase=ffn_mlp layer=36 seq_len=1 0.377ms
gemma4-profile phase=ple_gate layer=36 seq_len=1 0.013ms
gemma4-profile phase=ple_mul_act layer=36 seq_len=1 0.007ms
gemma4-profile phase=ple_proj layer=36 seq_len=1 0.013ms
gemma4-profile phase=layer layer=36 kind=shared reduced=false 0.632ms
gemma4-profile phase=attn_project layer=37 shared=true seq_len=1 0.036ms
gemma4-profile phase=attn_rope_norm layer=37 shared=true sliding=true seq_len=1 0.007ms
gemma4-profile phase=paged_gather seq_len=1 max_kv=1 write_cache=false 0.014ms
gemma4-profile phase=paged_prefix_sdpa packed=true seq_len=1 max_q=1 max_k=1 0.012ms
gemma4-profile phase=attn_o_proj layer=37 seq_len=1 0.034ms
gemma4-profile phase=ffn_mlp layer=37 seq_len=1 0.380ms
gemma4-profile phase=ple_gate layer=37 seq_len=1 0.015ms
gemma4-profile phase=ple_mul_act layer=37 seq_len=1 0.008ms
gemma4-profile phase=ple_proj layer=37 seq_len=1 0.016ms
gemma4-profile phase=layer layer=37 kind=shared reduced=false 0.641ms
gemma4-profile phase=attn_project layer=38 shared=true seq_len=1 0.036ms
gemma4-profile phase=attn_rope_norm layer=38 shared=true sliding=true seq_len=1 0.008ms
gemma4-profile phase=paged_gather seq_len=1 max_kv=1 write_cache=false 0.015ms
gemma4-profile phase=paged_prefix_sdpa packed=true seq_len=1 max_q=1 max_k=1 0.012ms
gemma4-profile phase=attn_o_proj layer=38 seq_len=1 0.034ms
gemma4-profile phase=ffn_mlp layer=38 seq_len=1 0.378ms
gemma4-profile phase=ple_gate layer=38 seq_len=1 0.011ms
gemma4-profile phase=ple_mul_act layer=38 seq_len=1 0.008ms
gemma4-profile phase=ple_proj layer=38 seq_len=1 0.013ms
gemma4-profile phase=layer layer=38 kind=shared reduced=false 0.637ms
gemma4-profile phase=attn_project layer=39 shared=true seq_len=1 0.035ms
gemma4-profile phase=attn_rope_norm layer=39 shared=true sliding=true seq_len=1 0.008ms
gemma4-profile phase=paged_gather seq_len=1 max_kv=1 write_cache=false 0.016ms
gemma4-profile phase=paged_prefix_sdpa packed=true seq_len=1 max_q=1 max_k=1 0.012ms
gemma4-profile phase=attn_o_proj layer=39 seq_len=1 0.036ms
gemma4-profile phase=ffn_mlp layer=39 seq_len=1 0.381ms
gemma4-profile phase=ple_gate layer=39 seq_len=1 0.013ms
gemma4-profile phase=ple_mul_act layer=39 seq_len=1 0.011ms
gemma4-profile phase=ple_proj layer=39 seq_len=1 0.031ms
gemma4-profile phase=layer layer=39 kind=shared reduced=false 0.667ms
gemma4-profile phase=attn_project layer=40 shared=true seq_len=1 0.076ms
gemma4-profile phase=attn_rope_norm layer=40 shared=true sliding=true seq_len=1 0.008ms
gemma4-profile phase=paged_gather seq_len=1 max_kv=1 write_cache=false 0.018ms
gemma4-profile phase=paged_prefix_sdpa packed=true seq_len=1 max_q=1 max_k=1 0.012ms
gemma4-profile phase=attn_o_proj layer=40 seq_len=1 0.036ms
gemma4-profile phase=ffn_mlp layer=40 seq_len=1 0.377ms
gemma4-profile phase=ple_gate layer=40 seq_len=1 0.012ms
gemma4-profile phase=ple_mul_act layer=40 seq_len=1 0.014ms
gemma4-profile phase=ple_proj layer=40 seq_len=1 0.013ms
gemma4-profile phase=layer layer=40 kind=shared reduced=false 0.697ms
gemma4-profile phase=attn_project layer=41 shared=true seq_len=1 0.062ms
gemma4-profile phase=attn_rope_norm layer=41 shared=true sliding=false seq_len=1 0.009ms
gemma4-profile phase=paged_gather seq_len=1 max_kv=1 write_cache=false 0.018ms
gemma4-profile phase=paged_prefix_sdpa packed=true seq_len=1 max_q=1 max_k=1 0.036ms
gemma4-profile phase=attn_o_proj layer=41 seq_len=1 0.116ms
gemma4-profile phase=ffn_mlp layer=41 seq_len=1 0.438ms
gemma4-profile phase=ple_gate layer=41 seq_len=1 0.023ms
gemma4-profile phase=ple_mul_act layer=41 seq_len=1 0.016ms
gemma4-profile phase=ple_proj layer=41 seq_len=1 0.014ms
gemma4-profile phase=layer layer=41 kind=shared reduced=false 0.907ms
gemma4-profile phase=final_norm_logits 0.030ms
gemma4-profile phase=lm_head 3.504ms
gemma4-profile phase=softcap 0.121ms
2026-05-25T12:31:12.603231Z  INFO mistralrs::commands::bench: Model loaded.
2026-05-25T12:31:12.603255Z  INFO mistralrs::commands::bench: Running 1 iteration(s) with prompt lengths [2048], 0 generation tokens, decode depths [1]...
2026-05-25T12:31:12.603259Z  INFO mistralrs::commands::bench: Iteration 1/1...
gemma4-profile phase=compute_ple 14.835ms
gemma4-profile phase=attn_project layer=0 shared=false seq_len=2048 2.495ms
gemma4-profile phase=attn_rope_norm layer=0 shared=false sliding=true seq_len=2048 1.203ms
gemma4-profile phase=paged_regular_sdpa seq_len=2048 heads=8 5.450ms
gemma4-profile phase=paged_cache_write path=regular seq_len=2048 heads=2 0.035ms
gemma4-profile phase=attn_o_proj layer=0 seq_len=2048 1.425ms
gemma4-profile phase=ffn_mlp layer=0 seq_len=2048 9.746ms
gemma4-profile phase=ple_gate layer=0 seq_len=2048 0.113ms
gemma4-profile phase=ple_mul_act layer=0 seq_len=2048 0.025ms
gemma4-profile phase=ple_proj layer=0 seq_len=2048 0.246ms
gemma4-profile phase=layer layer=0 kind=sliding reduced=false 22.701ms
gemma4-profile phase=attn_project layer=1 shared=false seq_len=2048 0.812ms
gemma4-profile phase=attn_rope_norm layer=1 shared=false sliding=true seq_len=2048 0.144ms
gemma4-profile phase=paged_regular_sdpa seq_len=2048 heads=8 0.178ms
gemma4-profile phase=paged_cache_write path=regular seq_len=2048 heads=2 0.033ms
gemma4-profile phase=attn_o_proj layer=1 seq_len=2048 0.525ms
gemma4-profile phase=ffn_mlp layer=1 seq_len=2048 10.434ms
gemma4-profile phase=ple_gate layer=1 seq_len=2048 0.109ms
gemma4-profile phase=ple_mul_act layer=1 seq_len=2048 0.020ms
gemma4-profile phase=ple_proj layer=1 seq_len=2048 1.678ms
gemma4-profile phase=layer layer=1 kind=sliding reduced=false 15.880ms
gemma4-profile phase=attn_project layer=2 shared=false seq_len=2048 0.902ms
gemma4-profile phase=attn_rope_norm layer=2 shared=false sliding=true seq_len=2048 0.170ms
gemma4-profile phase=paged_regular_sdpa seq_len=2048 heads=8 0.197ms
gemma4-profile phase=paged_cache_write path=regular seq_len=2048 heads=2 0.035ms
gemma4-profile phase=attn_o_proj layer=2 seq_len=2048 1.990ms
gemma4-profile phase=ffn_mlp layer=2 seq_len=2048 10.423ms
gemma4-profile phase=ple_gate layer=2 seq_len=2048 0.108ms
gemma4-profile phase=ple_mul_act layer=2 seq_len=2048 0.022ms
gemma4-profile phase=ple_proj layer=2 seq_len=2048 1.725ms
gemma4-profile phase=layer layer=2 kind=sliding reduced=false 17.320ms
gemma4-profile phase=attn_project layer=3 shared=false seq_len=2048 0.900ms
gemma4-profile phase=attn_rope_norm layer=3 shared=false sliding=true seq_len=2048 0.150ms
gemma4-profile phase=paged_regular_sdpa seq_len=2048 heads=8 0.183ms
gemma4-profile phase=paged_cache_write path=regular seq_len=2048 heads=2 0.034ms
gemma4-profile phase=attn_o_proj layer=3 seq_len=2048 1.383ms
gemma4-profile phase=ffn_mlp layer=3 seq_len=2048 11.462ms
gemma4-profile phase=ple_gate layer=3 seq_len=2048 0.139ms
gemma4-profile phase=ple_mul_act layer=3 seq_len=2048 0.020ms
gemma4-profile phase=ple_proj layer=3 seq_len=2048 0.226ms
gemma4-profile phase=layer layer=3 kind=sliding reduced=false 16.308ms
gemma4-profile phase=attn_project layer=4 shared=false seq_len=2048 0.807ms
gemma4-profile phase=attn_rope_norm layer=4 shared=false sliding=true seq_len=2048 0.140ms
gemma4-profile phase=paged_regular_sdpa seq_len=2048 heads=8 0.170ms
gemma4-profile phase=paged_cache_write path=regular seq_len=2048 heads=2 0.036ms
gemma4-profile phase=attn_o_proj layer=4 seq_len=2048 0.519ms
gemma4-profile phase=ffn_mlp layer=4 seq_len=2048 11.419ms
gemma4-profile phase=ple_gate layer=4 seq_len=2048 0.139ms
gemma4-profile phase=ple_mul_act layer=4 seq_len=2048 0.021ms
gemma4-profile phase=ple_proj layer=4 seq_len=2048 1.800ms
gemma4-profile phase=layer layer=4 kind=sliding reduced=false 16.569ms
gemma4-profile phase=attn_project layer=5 shared=false seq_len=2048 3.061ms
gemma4-profile phase=attn_rope_norm layer=5 shared=false sliding=false seq_len=2048 1.373ms
gemma4-profile phase=paged_regular_sdpa seq_len=2048 heads=8 2.742ms
gemma4-profile phase=paged_cache_write path=regular seq_len=2048 heads=2 0.052ms
gemma4-profile phase=attn_o_proj layer=5 seq_len=2048 1.439ms
gemma4-profile phase=ffn_mlp layer=5 seq_len=2048 11.832ms
gemma4-profile phase=ple_gate layer=5 seq_len=2048 0.140ms
gemma4-profile phase=ple_mul_act layer=5 seq_len=2048 0.019ms
gemma4-profile phase=ple_proj layer=5 seq_len=2048 0.228ms
gemma4-profile phase=layer layer=5 kind=global reduced=false 23.087ms
gemma4-profile phase=attn_project layer=6 shared=false seq_len=2048 0.818ms
gemma4-profile phase=attn_rope_norm layer=6 shared=false sliding=true seq_len=2048 0.142ms
gemma4-profile phase=paged_regular_sdpa seq_len=2048 heads=8 0.176ms
gemma4-profile phase=paged_cache_write path=regular seq_len=2048 heads=2 0.032ms
gemma4-profile phase=attn_o_proj layer=6 seq_len=2048 0.516ms
gemma4-profile phase=ffn_mlp layer=6 seq_len=2048 11.892ms
gemma4-profile phase=ple_gate layer=6 seq_len=2048 0.137ms
gemma4-profile phase=ple_mul_act layer=6 seq_len=2048 0.022ms
gemma4-profile phase=ple_proj layer=6 seq_len=2048 0.230ms
gemma4-profile phase=layer layer=6 kind=sliding reduced=false 15.470ms
gemma4-profile phase=attn_project layer=7 shared=false seq_len=2048 0.813ms
gemma4-profile phase=attn_rope_norm layer=7 shared=false sliding=true seq_len=2048 0.141ms
gemma4-profile phase=paged_regular_sdpa seq_len=2048 heads=8 0.174ms
gemma4-profile phase=paged_cache_write path=regular seq_len=2048 heads=2 0.033ms
gemma4-profile phase=attn_o_proj layer=7 seq_len=2048 0.518ms
gemma4-profile phase=ffn_mlp layer=7 seq_len=2048 11.274ms
gemma4-profile phase=ple_gate layer=7 seq_len=2048 0.109ms
gemma4-profile phase=ple_mul_act layer=7 seq_len=2048 0.019ms
gemma4-profile phase=ple_proj layer=7 seq_len=2048 1.290ms
gemma4-profile phase=layer layer=7 kind=sliding reduced=false 16.270ms
gemma4-profile phase=attn_project layer=8 shared=false seq_len=2048 0.827ms
gemma4-profile phase=attn_rope_norm layer=8 shared=false sliding=true seq_len=2048 0.139ms
gemma4-profile phase=paged_regular_sdpa seq_len=2048 heads=8 0.174ms
gemma4-profile phase=paged_cache_write path=regular seq_len=2048 heads=2 0.033ms
gemma4-profile phase=attn_o_proj layer=8 seq_len=2048 1.985ms
gemma4-profile phase=ffn_mlp layer=8 seq_len=2048 10.399ms
gemma4-profile phase=ple_gate layer=8 seq_len=2048 0.110ms
gemma4-profile phase=ple_mul_act layer=8 seq_len=2048 0.024ms
gemma4-profile phase=ple_proj layer=8 seq_len=2048 1.781ms
gemma4-profile phase=layer layer=8 kind=sliding reduced=false 17.115ms
gemma4-profile phase=attn_project layer=9 shared=false seq_len=2048 0.815ms
gemma4-profile phase=attn_rope_norm layer=9 shared=false sliding=true seq_len=2048 0.141ms
gemma4-profile phase=paged_regular_sdpa seq_len=2048 heads=8 0.178ms
gemma4-profile phase=paged_cache_write path=regular seq_len=2048 heads=2 0.034ms
gemma4-profile phase=attn_o_proj layer=9 seq_len=2048 1.374ms
gemma4-profile phase=ffn_mlp layer=9 seq_len=2048 11.295ms
gemma4-profile phase=ple_gate layer=9 seq_len=2048 0.178ms
gemma4-profile phase=ple_mul_act layer=9 seq_len=2048 0.021ms
gemma4-profile phase=ple_proj layer=9 seq_len=2048 0.244ms
gemma4-profile phase=layer layer=9 kind=sliding reduced=false 15.843ms
gemma4-profile phase=attn_project layer=10 shared=false seq_len=2048 1.084ms
gemma4-profile phase=attn_rope_norm layer=10 shared=false sliding=true seq_len=2048 0.139ms
gemma4-profile phase=paged_regular_sdpa seq_len=2048 heads=8 0.171ms
gemma4-profile phase=paged_cache_write path=regular seq_len=2048 heads=2 0.033ms
gemma4-profile phase=attn_o_proj layer=10 seq_len=2048 0.725ms
gemma4-profile phase=ffn_mlp layer=10 seq_len=2048 11.361ms
gemma4-profile phase=ple_gate layer=10 seq_len=2048 0.136ms
gemma4-profile phase=ple_mul_act layer=10 seq_len=2048 0.020ms
gemma4-profile phase=ple_proj layer=10 seq_len=2048 1.788ms
gemma4-profile phase=layer layer=10 kind=sliding reduced=false 17.052ms
gemma4-profile phase=attn_project layer=11 shared=false seq_len=2048 3.051ms
gemma4-profile phase=attn_rope_norm layer=11 shared=false sliding=false seq_len=2048 1.372ms
gemma4-profile phase=paged_regular_sdpa seq_len=2048 heads=8 2.745ms
gemma4-profile phase=paged_cache_write path=regular seq_len=2048 heads=2 0.054ms
gemma4-profile phase=attn_o_proj layer=11 seq_len=2048 1.452ms
gemma4-profile phase=ffn_mlp layer=11 seq_len=2048 11.813ms
gemma4-profile phase=ple_gate layer=11 seq_len=2048 0.273ms
gemma4-profile phase=ple_mul_act layer=11 seq_len=2048 0.020ms
gemma4-profile phase=ple_proj layer=11 seq_len=2048 0.241ms
gemma4-profile phase=layer layer=11 kind=global reduced=false 23.454ms
gemma4-profile phase=attn_project layer=12 shared=false seq_len=2048 1.033ms
gemma4-profile phase=attn_rope_norm layer=12 shared=false sliding=true seq_len=2048 0.141ms
gemma4-profile phase=paged_regular_sdpa seq_len=2048 heads=8 0.197ms
gemma4-profile phase=paged_cache_write path=regular seq_len=2048 heads=2 0.032ms
gemma4-profile phase=attn_o_proj layer=12 seq_len=2048 0.519ms
gemma4-profile phase=ffn_mlp layer=12 seq_len=2048 11.587ms
gemma4-profile phase=ple_gate layer=12 seq_len=2048 0.137ms
gemma4-profile phase=ple_mul_act layer=12 seq_len=2048 0.020ms
gemma4-profile phase=ple_proj layer=12 seq_len=2048 0.250ms
gemma4-profile phase=layer layer=12 kind=sliding reduced=false 15.491ms
gemma4-profile phase=attn_project layer=13 shared=false seq_len=2048 0.806ms
gemma4-profile phase=attn_rope_norm layer=13 shared=false sliding=true seq_len=2048 0.144ms
gemma4-profile phase=paged_regular_sdpa seq_len=2048 heads=8 0.178ms
gemma4-profile phase=paged_cache_write path=regular seq_len=2048 heads=2 0.033ms
gemma4-profile phase=attn_o_proj layer=13 seq_len=2048 0.518ms
gemma4-profile phase=ffn_mlp layer=13 seq_len=2048 10.503ms
gemma4-profile phase=ple_gate layer=13 seq_len=2048 0.107ms
gemma4-profile phase=ple_mul_act layer=13 seq_len=2048 0.020ms
gemma4-profile phase=ple_proj layer=13 seq_len=2048 1.292ms
gemma4-profile phase=layer layer=13 kind=sliding reduced=false 15.504ms
gemma4-profile phase=attn_project layer=14 shared=false seq_len=2048 0.820ms
gemma4-profile phase=attn_rope_norm layer=14 shared=false sliding=true seq_len=2048 0.140ms
gemma4-profile phase=paged_regular_sdpa seq_len=2048 heads=8 0.175ms
gemma4-profile phase=paged_cache_write path=regular seq_len=2048 heads=2 0.034ms
gemma4-profile phase=attn_o_proj layer=14 seq_len=2048 1.977ms
gemma4-profile phase=ffn_mlp layer=14 seq_len=2048 10.463ms
gemma4-profile phase=ple_gate layer=14 seq_len=2048 0.111ms
gemma4-profile phase=ple_mul_act layer=14 seq_len=2048 0.023ms
gemma4-profile phase=ple_proj layer=14 seq_len=2048 1.760ms
gemma4-profile phase=layer layer=14 kind=sliding reduced=false 17.140ms
gemma4-profile phase=attn_project layer=15 shared=false seq_len=2048 0.823ms
gemma4-profile phase=attn_rope_norm layer=15 shared=false sliding=true seq_len=2048 0.141ms
gemma4-profile phase=paged_regular_sdpa seq_len=2048 heads=8 0.176ms
gemma4-profile phase=paged_cache_write path=regular seq_len=2048 heads=2 0.031ms
gemma4-profile phase=attn_o_proj layer=15 seq_len=2048 1.361ms
gemma4-profile phase=ffn_mlp layer=15 seq_len=2048 12.236ms
gemma4-profile phase=ple_gate layer=15 seq_len=2048 0.137ms
gemma4-profile phase=ple_mul_act layer=15 seq_len=2048 0.020ms
gemma4-profile phase=ple_proj layer=15 seq_len=2048 0.227ms
gemma4-profile phase=layer layer=15 kind=sliding reduced=false 16.651ms
gemma4-profile phase=attn_project layer=16 shared=false seq_len=2048 0.813ms
gemma4-profile phase=attn_rope_norm layer=16 shared=false sliding=true seq_len=2048 0.139ms
gemma4-profile phase=paged_regular_sdpa seq_len=2048 heads=8 0.171ms
gemma4-profile phase=paged_cache_write path=regular seq_len=2048 heads=2 0.035ms
gemma4-profile phase=attn_o_proj layer=16 seq_len=2048 0.518ms
gemma4-profile phase=ffn_mlp layer=16 seq_len=2048 11.455ms
gemma4-profile phase=ple_gate layer=16 seq_len=2048 0.141ms
gemma4-profile phase=ple_mul_act layer=16 seq_len=2048 0.020ms
gemma4-profile phase=ple_proj layer=16 seq_len=2048 1.949ms
gemma4-profile phase=layer layer=16 kind=sliding reduced=false 17.074ms
gemma4-profile phase=attn_project layer=17 shared=false seq_len=2048 3.674ms
gemma4-profile phase=attn_rope_norm layer=17 shared=false sliding=false seq_len=2048 1.369ms
gemma4-profile phase=paged_regular_sdpa seq_len=2048 heads=8 2.743ms
gemma4-profile phase=paged_cache_write path=regular seq_len=2048 heads=2 0.054ms
gemma4-profile phase=attn_o_proj layer=17 seq_len=2048 1.445ms
gemma4-profile phase=ffn_mlp layer=17 seq_len=2048 12.673ms
gemma4-profile phase=ple_gate layer=17 seq_len=2048 0.140ms
gemma4-profile phase=ple_mul_act layer=17 seq_len=2048 0.020ms
gemma4-profile phase=ple_proj layer=17 seq_len=2048 0.221ms
gemma4-profile phase=layer layer=17 kind=global reduced=false 24.563ms
gemma4-profile phase=attn_project layer=18 shared=false seq_len=2048 0.822ms
gemma4-profile phase=attn_rope_norm layer=18 shared=false sliding=true seq_len=2048 0.141ms
gemma4-profile phase=paged_regular_sdpa seq_len=2048 heads=8 0.175ms
gemma4-profile phase=paged_cache_write path=regular seq_len=2048 heads=2 0.036ms
gemma4-profile phase=attn_o_proj layer=18 seq_len=2048 0.513ms
gemma4-profile phase=ffn_mlp layer=18 seq_len=2048 12.206ms
gemma4-profile phase=ple_gate layer=18 seq_len=2048 0.133ms
gemma4-profile phase=ple_mul_act layer=18 seq_len=2048 0.021ms
gemma4-profile phase=ple_proj layer=18 seq_len=2048 0.238ms
gemma4-profile phase=layer layer=18 kind=sliding reduced=false 15.826ms
gemma4-profile phase=attn_project layer=19 shared=false seq_len=2048 0.821ms
gemma4-profile phase=attn_rope_norm layer=19 shared=false sliding=true seq_len=2048 0.144ms
gemma4-profile phase=paged_regular_sdpa seq_len=2048 heads=8 0.176ms
gemma4-profile phase=paged_cache_write path=regular seq_len=2048 heads=2 0.032ms
gemma4-profile phase=attn_o_proj layer=19 seq_len=2048 0.519ms
gemma4-profile phase=ffn_mlp layer=19 seq_len=2048 10.450ms
gemma4-profile phase=ple_gate layer=19 seq_len=2048 0.105ms
gemma4-profile phase=ple_mul_act layer=19 seq_len=2048 0.019ms
gemma4-profile phase=ple_proj layer=19 seq_len=2048 1.286ms
gemma4-profile phase=layer layer=19 kind=sliding reduced=false 15.862ms
gemma4-profile phase=attn_project layer=20 shared=false seq_len=2048 0.828ms
gemma4-profile phase=attn_rope_norm layer=20 shared=false sliding=true seq_len=2048 0.145ms
gemma4-profile phase=paged_regular_sdpa seq_len=2048 heads=8 0.176ms
gemma4-profile phase=paged_cache_write path=regular seq_len=2048 heads=2 0.049ms
gemma4-profile phase=attn_o_proj layer=20 seq_len=2048 1.997ms
gemma4-profile phase=ffn_mlp layer=20 seq_len=2048 10.420ms
gemma4-profile phase=ple_gate layer=20 seq_len=2048 0.108ms
gemma4-profile phase=ple_mul_act layer=20 seq_len=2048 0.024ms
gemma4-profile phase=ple_proj layer=20 seq_len=2048 1.782ms
gemma4-profile phase=layer layer=20 kind=sliding reduced=false 17.333ms
gemma4-profile phase=attn_project layer=21 shared=false seq_len=2048 0.814ms
gemma4-profile phase=attn_rope_norm layer=21 shared=false sliding=true seq_len=2048 0.140ms
gemma4-profile phase=paged_regular_sdpa seq_len=2048 heads=8 0.178ms
gemma4-profile phase=paged_cache_write path=regular seq_len=2048 heads=2 0.033ms
gemma4-profile phase=attn_o_proj layer=21 seq_len=2048 1.363ms
gemma4-profile phase=ffn_mlp layer=21 seq_len=2048 11.388ms
gemma4-profile phase=ple_gate layer=21 seq_len=2048 0.142ms
gemma4-profile phase=ple_mul_act layer=21 seq_len=2048 0.020ms
gemma4-profile phase=ple_proj layer=21 seq_len=2048 0.233ms
gemma4-profile phase=layer layer=21 kind=sliding reduced=false 15.807ms
gemma4-profile phase=attn_project layer=22 shared=false seq_len=2048 0.806ms
gemma4-profile phase=attn_rope_norm layer=22 shared=false sliding=true seq_len=2048 0.139ms
gemma4-profile phase=paged_regular_sdpa seq_len=2048 heads=8 0.170ms
gemma4-profile phase=paged_cache_write path=regular seq_len=2048 heads=2 0.033ms
gemma4-profile phase=attn_o_proj layer=22 seq_len=2048 0.518ms
gemma4-profile phase=ffn_mlp layer=22 seq_len=2048 11.906ms
gemma4-profile phase=ple_gate layer=22 seq_len=2048 0.138ms
gemma4-profile phase=ple_mul_act layer=22 seq_len=2048 0.020ms
gemma4-profile phase=ple_proj layer=22 seq_len=2048 1.812ms
gemma4-profile phase=layer layer=22 kind=sliding reduced=false 17.077ms
gemma4-profile phase=attn_project layer=23 shared=false seq_len=2048 3.034ms
gemma4-profile phase=attn_rope_norm layer=23 shared=false sliding=false seq_len=2048 1.364ms
gemma4-profile phase=paged_regular_sdpa seq_len=2048 heads=8 2.737ms
gemma4-profile phase=paged_cache_write path=regular seq_len=2048 heads=2 0.052ms
gemma4-profile phase=attn_o_proj layer=23 seq_len=2048 1.445ms
gemma4-profile phase=ffn_mlp layer=23 seq_len=2048 11.788ms
gemma4-profile phase=ple_gate layer=23 seq_len=2048 0.141ms
gemma4-profile phase=ple_mul_act layer=23 seq_len=2048 0.020ms
gemma4-profile phase=ple_proj layer=23 seq_len=2048 0.224ms
gemma4-profile phase=layer layer=23 kind=global reduced=false 23.025ms
gemma4-profile phase=attn_project layer=24 shared=true seq_len=1 0.045ms
gemma4-profile phase=attn_rope_norm layer=24 shared=true sliding=true seq_len=1 0.014ms
gemma4-profile phase=paged_gather seq_len=1 max_kv=2048 write_cache=false 0.054ms
gemma4-profile phase=paged_prefix_sdpa packed=true seq_len=1 max_q=1 max_k=2048 0.041ms
gemma4-profile phase=attn_o_proj layer=24 seq_len=1 0.037ms
gemma4-profile phase=ffn_mlp layer=24 seq_len=1 0.401ms
gemma4-profile phase=ple_gate layer=24 seq_len=1 0.013ms
gemma4-profile phase=ple_mul_act layer=24 seq_len=1 0.010ms
gemma4-profile phase=ple_proj layer=24 seq_len=1 0.013ms
gemma4-profile phase=layer layer=24 kind=shared reduced=true 0.805ms
gemma4-profile phase=attn_project layer=25 shared=true seq_len=1 0.037ms
gemma4-profile phase=attn_rope_norm layer=25 shared=true sliding=true seq_len=1 0.012ms
gemma4-profile phase=paged_gather seq_len=1 max_kv=2048 write_cache=false 0.045ms
gemma4-profile phase=paged_prefix_sdpa packed=true seq_len=1 max_q=1 max_k=2048 0.032ms
gemma4-profile phase=attn_o_proj layer=25 seq_len=1 0.038ms
gemma4-profile phase=ffn_mlp layer=25 seq_len=1 0.400ms
gemma4-profile phase=ple_gate layer=25 seq_len=1 0.015ms
gemma4-profile phase=ple_mul_act layer=25 seq_len=1 0.010ms
gemma4-profile phase=ple_proj layer=25 seq_len=1 0.016ms
gemma4-profile phase=layer layer=25 kind=shared reduced=true 0.782ms
gemma4-profile phase=attn_project layer=26 shared=true seq_len=1 0.037ms
gemma4-profile phase=attn_rope_norm layer=26 shared=true sliding=true seq_len=1 0.009ms
gemma4-profile phase=paged_gather seq_len=1 max_kv=2048 write_cache=false 0.039ms
gemma4-profile phase=paged_prefix_sdpa packed=true seq_len=1 max_q=1 max_k=2048 0.030ms
gemma4-profile phase=attn_o_proj layer=26 seq_len=1 0.036ms
gemma4-profile phase=ffn_mlp layer=26 seq_len=1 0.402ms
gemma4-profile phase=ple_gate layer=26 seq_len=1 0.015ms
gemma4-profile phase=ple_mul_act layer=26 seq_len=1 0.009ms
gemma4-profile phase=ple_proj layer=26 seq_len=1 0.016ms
gemma4-profile phase=layer layer=26 kind=shared reduced=true 0.727ms
gemma4-profile phase=attn_project layer=27 shared=true seq_len=1 0.037ms
gemma4-profile phase=attn_rope_norm layer=27 shared=true sliding=true seq_len=1 0.009ms
gemma4-profile phase=paged_gather seq_len=1 max_kv=2048 write_cache=false 0.039ms
gemma4-profile phase=paged_prefix_sdpa packed=true seq_len=1 max_q=1 max_k=2048 0.030ms
gemma4-profile phase=attn_o_proj layer=27 seq_len=1 0.039ms
gemma4-profile phase=ffn_mlp layer=27 seq_len=1 0.398ms
gemma4-profile phase=ple_gate layer=27 seq_len=1 0.015ms
gemma4-profile phase=ple_mul_act layer=27 seq_len=1 0.009ms
gemma4-profile phase=ple_proj layer=27 seq_len=1 0.016ms
gemma4-profile phase=layer layer=27 kind=shared reduced=true 0.727ms
gemma4-profile phase=attn_project layer=28 shared=true seq_len=1 0.037ms
gemma4-profile phase=attn_rope_norm layer=28 shared=true sliding=true seq_len=1 0.009ms
gemma4-profile phase=paged_gather seq_len=1 max_kv=2048 write_cache=false 0.038ms
gemma4-profile phase=paged_prefix_sdpa packed=true seq_len=1 max_q=1 max_k=2048 0.030ms
gemma4-profile phase=attn_o_proj layer=28 seq_len=1 0.037ms
gemma4-profile phase=ffn_mlp layer=28 seq_len=1 0.397ms
gemma4-profile phase=ple_gate layer=28 seq_len=1 0.013ms
gemma4-profile phase=ple_mul_act layer=28 seq_len=1 0.008ms
gemma4-profile phase=ple_proj layer=28 seq_len=1 0.014ms
gemma4-profile phase=layer layer=28 kind=shared reduced=true 0.718ms
gemma4-profile phase=attn_project layer=29 shared=true seq_len=1 0.062ms
gemma4-profile phase=attn_rope_norm layer=29 shared=true sliding=false seq_len=1 0.011ms
gemma4-profile phase=paged_gather seq_len=1 max_kv=2048 write_cache=false 0.077ms
gemma4-profile phase=paged_prefix_sdpa packed=true seq_len=1 max_q=1 max_k=2048 0.408ms
gemma4-profile phase=attn_o_proj layer=29 seq_len=1 0.065ms
gemma4-profile phase=ffn_mlp layer=29 seq_len=1 0.415ms
gemma4-profile phase=ple_gate layer=29 seq_len=1 0.013ms
gemma4-profile phase=ple_mul_act layer=29 seq_len=1 0.009ms
gemma4-profile phase=ple_proj layer=29 seq_len=1 0.015ms
gemma4-profile phase=layer layer=29 kind=shared reduced=true 1.212ms
gemma4-profile phase=attn_project layer=30 shared=true seq_len=1 0.036ms
gemma4-profile phase=attn_rope_norm layer=30 shared=true sliding=true seq_len=1 0.008ms
gemma4-profile phase=paged_gather seq_len=1 max_kv=2048 write_cache=false 0.038ms
gemma4-profile phase=paged_prefix_sdpa packed=true seq_len=1 max_q=1 max_k=2048 0.030ms
gemma4-profile phase=attn_o_proj layer=30 seq_len=1 0.036ms
gemma4-profile phase=ffn_mlp layer=30 seq_len=1 0.401ms
gemma4-profile phase=ple_gate layer=30 seq_len=1 0.012ms
gemma4-profile phase=ple_mul_act layer=30 seq_len=1 0.008ms
gemma4-profile phase=ple_proj layer=30 seq_len=1 0.017ms
gemma4-profile phase=layer layer=30 kind=shared reduced=true 0.723ms
gemma4-profile phase=attn_project layer=31 shared=true seq_len=1 0.037ms
gemma4-profile phase=attn_rope_norm layer=31 shared=true sliding=true seq_len=1 0.009ms
gemma4-profile phase=paged_gather seq_len=1 max_kv=2048 write_cache=false 0.038ms
gemma4-profile phase=paged_prefix_sdpa packed=true seq_len=1 max_q=1 max_k=2048 0.029ms
gemma4-profile phase=attn_o_proj layer=31 seq_len=1 0.035ms
gemma4-profile phase=ffn_mlp layer=31 seq_len=1 0.405ms
gemma4-profile phase=ple_gate layer=31 seq_len=1 0.014ms
gemma4-profile phase=ple_mul_act layer=31 seq_len=1 0.008ms
gemma4-profile phase=ple_proj layer=31 seq_len=1 0.016ms
gemma4-profile phase=layer layer=31 kind=shared reduced=true 0.732ms
gemma4-profile phase=attn_project layer=32 shared=true seq_len=1 0.039ms
gemma4-profile phase=attn_rope_norm layer=32 shared=true sliding=true seq_len=1 0.009ms
gemma4-profile phase=paged_gather seq_len=1 max_kv=2048 write_cache=false 0.039ms
gemma4-profile phase=paged_prefix_sdpa packed=true seq_len=1 max_q=1 max_k=2048 0.029ms
gemma4-profile phase=attn_o_proj layer=32 seq_len=1 0.036ms
gemma4-profile phase=ffn_mlp layer=32 seq_len=1 0.392ms
gemma4-profile phase=ple_gate layer=32 seq_len=1 0.013ms
gemma4-profile phase=ple_mul_act layer=32 seq_len=1 0.008ms
gemma4-profile phase=ple_proj layer=32 seq_len=1 0.016ms
gemma4-profile phase=layer layer=32 kind=shared reduced=true 0.710ms
gemma4-profile phase=attn_project layer=33 shared=true seq_len=1 0.037ms
gemma4-profile phase=attn_rope_norm layer=33 shared=true sliding=true seq_len=1 0.009ms
gemma4-profile phase=paged_gather seq_len=1 max_kv=2048 write_cache=false 0.038ms
gemma4-profile phase=paged_prefix_sdpa packed=true seq_len=1 max_q=1 max_k=2048 0.030ms
gemma4-profile phase=attn_o_proj layer=33 seq_len=1 0.036ms
gemma4-profile phase=ffn_mlp layer=33 seq_len=1 0.399ms
gemma4-profile phase=ple_gate layer=33 seq_len=1 0.012ms
gemma4-profile phase=ple_mul_act layer=33 seq_len=1 0.009ms
gemma4-profile phase=ple_proj layer=33 seq_len=1 0.016ms
gemma4-profile phase=layer layer=33 kind=shared reduced=true 0.715ms
gemma4-profile phase=attn_project layer=34 shared=true seq_len=1 0.036ms
gemma4-profile phase=attn_rope_norm layer=34 shared=true sliding=true seq_len=1 0.009ms
gemma4-profile phase=paged_gather seq_len=1 max_kv=2048 write_cache=false 0.038ms
gemma4-profile phase=paged_prefix_sdpa packed=true seq_len=1 max_q=1 max_k=2048 0.030ms
gemma4-profile phase=attn_o_proj layer=34 seq_len=1 0.037ms
gemma4-profile phase=ffn_mlp layer=34 seq_len=1 0.402ms
gemma4-profile phase=ple_gate layer=34 seq_len=1 0.013ms
gemma4-profile phase=ple_mul_act layer=34 seq_len=1 0.009ms
gemma4-profile phase=ple_proj layer=34 seq_len=1 0.013ms
gemma4-profile phase=layer layer=34 kind=shared reduced=true 0.716ms
gemma4-profile phase=attn_project layer=35 shared=true seq_len=1 0.060ms
gemma4-profile phase=attn_rope_norm layer=35 shared=true sliding=false seq_len=1 0.009ms
gemma4-profile phase=paged_gather seq_len=1 max_kv=2048 write_cache=false 0.070ms
gemma4-profile phase=paged_prefix_sdpa packed=true seq_len=1 max_q=1 max_k=2048 0.403ms
gemma4-profile phase=attn_o_proj layer=35 seq_len=1 0.062ms
gemma4-profile phase=ffn_mlp layer=35 seq_len=1 0.419ms
gemma4-profile phase=ple_gate layer=35 seq_len=1 0.012ms
gemma4-profile phase=ple_mul_act layer=35 seq_len=1 0.009ms
gemma4-profile phase=ple_proj layer=35 seq_len=1 0.016ms
gemma4-profile phase=layer layer=35 kind=shared reduced=true 1.188ms
gemma4-profile phase=attn_project layer=36 shared=true seq_len=1 0.036ms
gemma4-profile phase=attn_rope_norm layer=36 shared=true sliding=true seq_len=1 0.008ms
gemma4-profile phase=paged_gather seq_len=1 max_kv=2048 write_cache=false 0.039ms
gemma4-profile phase=paged_prefix_sdpa packed=true seq_len=1 max_q=1 max_k=2048 0.030ms
gemma4-profile phase=attn_o_proj layer=36 seq_len=1 0.036ms
gemma4-profile phase=ffn_mlp layer=36 seq_len=1 0.394ms
gemma4-profile phase=ple_gate layer=36 seq_len=1 0.014ms
gemma4-profile phase=ple_mul_act layer=36 seq_len=1 0.009ms
gemma4-profile phase=ple_proj layer=36 seq_len=1 0.015ms
gemma4-profile phase=layer layer=36 kind=shared reduced=true 0.706ms
gemma4-profile phase=attn_project layer=37 shared=true seq_len=1 0.037ms
gemma4-profile phase=attn_rope_norm layer=37 shared=true sliding=true seq_len=1 0.008ms
gemma4-profile phase=paged_gather seq_len=1 max_kv=2048 write_cache=false 0.038ms
gemma4-profile phase=paged_prefix_sdpa packed=true seq_len=1 max_q=1 max_k=2048 0.030ms
gemma4-profile phase=attn_o_proj layer=37 seq_len=1 0.034ms
gemma4-profile phase=ffn_mlp layer=37 seq_len=1 0.403ms
gemma4-profile phase=ple_gate layer=37 seq_len=1 0.012ms
gemma4-profile phase=ple_mul_act layer=37 seq_len=1 0.008ms
gemma4-profile phase=ple_proj layer=37 seq_len=1 0.016ms
gemma4-profile phase=layer layer=37 kind=shared reduced=true 0.719ms
gemma4-profile phase=attn_project layer=38 shared=true seq_len=1 0.036ms
gemma4-profile phase=attn_rope_norm layer=38 shared=true sliding=true seq_len=1 0.008ms
gemma4-profile phase=paged_gather seq_len=1 max_kv=2048 write_cache=false 0.038ms
gemma4-profile phase=paged_prefix_sdpa packed=true seq_len=1 max_q=1 max_k=2048 0.031ms
gemma4-profile phase=attn_o_proj layer=38 seq_len=1 0.035ms
gemma4-profile phase=ffn_mlp layer=38 seq_len=1 0.397ms
gemma4-profile phase=ple_gate layer=38 seq_len=1 0.011ms
gemma4-profile phase=ple_mul_act layer=38 seq_len=1 0.008ms
gemma4-profile phase=ple_proj layer=38 seq_len=1 0.013ms
gemma4-profile phase=layer layer=38 kind=shared reduced=true 0.708ms
gemma4-profile phase=attn_project layer=39 shared=true seq_len=1 0.036ms
gemma4-profile phase=attn_rope_norm layer=39 shared=true sliding=true seq_len=1 0.009ms
gemma4-profile phase=paged_gather seq_len=1 max_kv=2048 write_cache=false 0.038ms
gemma4-profile phase=paged_prefix_sdpa packed=true seq_len=1 max_q=1 max_k=2048 0.030ms
gemma4-profile phase=attn_o_proj layer=39 seq_len=1 0.035ms
gemma4-profile phase=ffn_mlp layer=39 seq_len=1 0.399ms
gemma4-profile phase=ple_gate layer=39 seq_len=1 0.012ms
gemma4-profile phase=ple_mul_act layer=39 seq_len=1 0.008ms
gemma4-profile phase=ple_proj layer=39 seq_len=1 0.013ms
gemma4-profile phase=layer layer=39 kind=shared reduced=true 0.711ms
gemma4-profile phase=attn_project layer=40 shared=true seq_len=1 0.036ms
gemma4-profile phase=attn_rope_norm layer=40 shared=true sliding=true seq_len=1 0.008ms
gemma4-profile phase=paged_gather seq_len=1 max_kv=2048 write_cache=false 0.039ms
gemma4-profile phase=paged_prefix_sdpa packed=true seq_len=1 max_q=1 max_k=2048 0.029ms
gemma4-profile phase=attn_o_proj layer=40 seq_len=1 0.040ms
gemma4-profile phase=ffn_mlp layer=40 seq_len=1 0.395ms
gemma4-profile phase=ple_gate layer=40 seq_len=1 0.013ms
gemma4-profile phase=ple_mul_act layer=40 seq_len=1 0.009ms
gemma4-profile phase=ple_proj layer=40 seq_len=1 0.013ms
gemma4-profile phase=layer layer=40 kind=shared reduced=true 0.715ms
gemma4-profile phase=attn_project layer=41 shared=true seq_len=1 0.063ms
gemma4-profile phase=attn_rope_norm layer=41 shared=true sliding=false seq_len=1 0.009ms
gemma4-profile phase=paged_gather seq_len=1 max_kv=2048 write_cache=false 0.070ms
gemma4-profile phase=paged_prefix_sdpa packed=true seq_len=1 max_q=1 max_k=2048 0.401ms
gemma4-profile phase=attn_o_proj layer=41 seq_len=1 0.059ms
gemma4-profile phase=ffn_mlp layer=41 seq_len=1 0.420ms
gemma4-profile phase=ple_gate layer=41 seq_len=1 0.011ms
gemma4-profile phase=ple_mul_act layer=41 seq_len=1 0.009ms
gemma4-profile phase=ple_proj layer=41 seq_len=1 0.013ms
gemma4-profile phase=layer layer=41 kind=shared reduced=true 1.183ms
gemma4-profile phase=final_norm_logits 0.009ms
gemma4-profile phase=lm_head 3.301ms
gemma4-profile phase=softcap 0.019ms

Benchmark Results
=================

Model: google/gemma-4-E4B-it
Iterations: 1

┌───────────────────────┬──────────────┬──────────────────┐
│ Test                  ┆ T/s          ┆ Latency          │
╞═══════════════════════╪══════════════╪══════════════════╡
│ Prefill (2048 tokens) ┆ 4404.3 ± 0.0 ┆ 465.00 ms (TTFT) │
└───────────────────────┴──────────────┴──────────────────┘

