2026-05-25T12:25:01.119022Z  INFO mistralrs::commands::quant: quant: --quant 8 -> UQFF q8_0 from `mistralrs-community/gemma-4-E4B-it-UQFF`
2026-05-25T12:25:01.119308Z  INFO mistralrs::commands::bench: Loading model for benchmarking...
2026-05-25T12:25:01.780664Z  INFO mistralrs_quant::utils::log: DType selected is BF16.
2026-05-25T12:25:01.916196Z  INFO mistralrs_core::pipeline::loaders::auto_device_map: Using automatic device mapping parameters: multimodal[max_seq_len: 20000, max_batch_size: 1, max_image_shape: (1024, 1024), max_num_images: 1].
2026-05-25T12:25:01.916235Z  INFO mistralrs_core::pipeline::loaders::auto_device_map: The following sub-models will not be device mapped and will be loaded on cuda[0]: vision, audio
2026-05-25T12:25:01.916446Z  INFO mistralrs_quant::utils::log: Model has 42 repeating layers.
2026-05-25T12:25:01.916544Z  INFO mistralrs_quant::utils::log: Loading model according to the following repeating layer mappings:
2026-05-25T12:25:01.957216Z  INFO mistralrs_quant::utils::log: Layers 0-41: cuda[0] (90 GB)
2026-05-25T12:25:02.015581Z  INFO mistralrs_quant::utils::log: FlashAttention is enabled.
2026-05-25T12:25:02.015701Z  INFO mistralrs_core::pipeline::multimodal: Loading residual weights and preparing UQFF placeholders.
2026-05-25T12:25:29.078729Z  INFO mistralrs_core::pipeline::isq: Loading UQFF artifacts into 379 quantized tensors.
2026-05-25T12:25:29.367998Z  INFO mistralrs_core::pipeline::isq: Loaded UQFF artifacts into 379 quantized tensors. Took 0.29s
2026-05-25T12:25:29.460858Z  INFO mistralrs_core::paged_attention: Allocating 1912 MB for PagedAttention KV cache per GPU
2026-05-25T12:25:29.460878Z  INFO mistralrs_core::paged_attention: PagedAttention KV cache type is BF16
2026-05-25T12:25:29.460881Z  INFO mistralrs_core::paged_attention: Using PagedAttention with block size 32 and 624 GPU blocks: available context length is 19968 tokens
2026-05-25T12:25:30.949503Z  INFO mistralrs_server_core::mistralrs_for_server_builder: Model loaded.
2026-05-25T12:25:30.949540Z  INFO mistralrs_core: git revision: b5ba77b7bb8027c0284ff07fda9c9d5c290109ce
2026-05-25T12:25:30.951101Z  INFO mistralrs_core: Pipeline input modalities are [📝 Text, 🖼️ Vision, 🎬 Video, 🔊 Audio]
2026-05-25T12:25:30.951123Z  INFO mistralrs_core: Pipeline output modalities are [📝 Text]
gemma4-profile phase=compute_ple 20.030ms
gemma4-profile phase=paged_regular_sdpa seq_len=1 heads=8 4.777ms
gemma4-profile phase=paged_cache_write path=regular seq_len=1 heads=2 31.234ms
gemma4-profile phase=layer layer=0 kind=sliding reduced=false 39.466ms
gemma4-profile phase=paged_regular_sdpa seq_len=1 heads=8 0.027ms
gemma4-profile phase=paged_cache_write path=regular seq_len=1 heads=2 0.011ms
gemma4-profile phase=layer layer=1 kind=sliding reduced=false 0.587ms
gemma4-profile phase=paged_regular_sdpa seq_len=1 heads=8 0.013ms
gemma4-profile phase=paged_cache_write path=regular seq_len=1 heads=2 0.009ms
gemma4-profile phase=layer layer=2 kind=sliding reduced=false 0.557ms
gemma4-profile phase=paged_regular_sdpa seq_len=1 heads=8 0.012ms
gemma4-profile phase=paged_cache_write path=regular seq_len=1 heads=2 0.010ms
gemma4-profile phase=layer layer=3 kind=sliding reduced=false 0.554ms
gemma4-profile phase=paged_regular_sdpa seq_len=1 heads=8 0.012ms
gemma4-profile phase=paged_cache_write path=regular seq_len=1 heads=2 0.009ms
gemma4-profile phase=layer layer=4 kind=sliding reduced=false 0.560ms
gemma4-profile phase=paged_regular_sdpa seq_len=1 heads=8 8.210ms
gemma4-profile phase=paged_cache_write path=regular seq_len=1 heads=2 0.011ms
gemma4-profile phase=layer layer=5 kind=global reduced=false 8.849ms
gemma4-profile phase=paged_regular_sdpa seq_len=1 heads=8 0.017ms
gemma4-profile phase=paged_cache_write path=regular seq_len=1 heads=2 0.009ms
gemma4-profile phase=layer layer=6 kind=sliding reduced=false 0.568ms
gemma4-profile phase=paged_regular_sdpa seq_len=1 heads=8 0.013ms
gemma4-profile phase=paged_cache_write path=regular seq_len=1 heads=2 0.011ms
gemma4-profile phase=layer layer=7 kind=sliding reduced=false 0.546ms
gemma4-profile phase=paged_regular_sdpa seq_len=1 heads=8 0.013ms
gemma4-profile phase=paged_cache_write path=regular seq_len=1 heads=2 0.009ms
gemma4-profile phase=layer layer=8 kind=sliding reduced=false 0.556ms
gemma4-profile phase=paged_regular_sdpa seq_len=1 heads=8 0.012ms
gemma4-profile phase=paged_cache_write path=regular seq_len=1 heads=2 0.009ms
gemma4-profile phase=layer layer=9 kind=sliding reduced=false 0.548ms
gemma4-profile phase=paged_regular_sdpa seq_len=1 heads=8 0.012ms
gemma4-profile phase=paged_cache_write path=regular seq_len=1 heads=2 0.009ms
gemma4-profile phase=layer layer=10 kind=sliding reduced=false 0.557ms
gemma4-profile phase=paged_regular_sdpa seq_len=1 heads=8 0.017ms
gemma4-profile phase=paged_cache_write path=regular seq_len=1 heads=2 0.009ms
gemma4-profile phase=layer layer=11 kind=global reduced=false 0.629ms
gemma4-profile phase=paged_regular_sdpa seq_len=1 heads=8 0.012ms
gemma4-profile phase=paged_cache_write path=regular seq_len=1 heads=2 0.009ms
gemma4-profile phase=layer layer=12 kind=sliding reduced=false 0.538ms
gemma4-profile phase=paged_regular_sdpa seq_len=1 heads=8 0.012ms
gemma4-profile phase=paged_cache_write path=regular seq_len=1 heads=2 0.009ms
gemma4-profile phase=layer layer=13 kind=sliding reduced=false 0.549ms
gemma4-profile phase=paged_regular_sdpa seq_len=1 heads=8 0.012ms
gemma4-profile phase=paged_cache_write path=regular seq_len=1 heads=2 0.009ms
gemma4-profile phase=layer layer=14 kind=sliding reduced=false 0.535ms
gemma4-profile phase=paged_regular_sdpa seq_len=1 heads=8 0.012ms
gemma4-profile phase=paged_cache_write path=regular seq_len=1 heads=2 0.010ms
gemma4-profile phase=layer layer=15 kind=sliding reduced=false 0.549ms
gemma4-profile phase=paged_regular_sdpa seq_len=1 heads=8 0.012ms
gemma4-profile phase=paged_cache_write path=regular seq_len=1 heads=2 0.010ms
gemma4-profile phase=layer layer=16 kind=sliding reduced=false 0.538ms
gemma4-profile phase=paged_regular_sdpa seq_len=1 heads=8 0.016ms
gemma4-profile phase=paged_cache_write path=regular seq_len=1 heads=2 0.009ms
gemma4-profile phase=layer layer=17 kind=global reduced=false 0.616ms
gemma4-profile phase=paged_regular_sdpa seq_len=1 heads=8 0.012ms
gemma4-profile phase=paged_cache_write path=regular seq_len=1 heads=2 0.009ms
gemma4-profile phase=layer layer=18 kind=sliding reduced=false 0.553ms
gemma4-profile phase=paged_regular_sdpa seq_len=1 heads=8 0.012ms
gemma4-profile phase=paged_cache_write path=regular seq_len=1 heads=2 0.009ms
gemma4-profile phase=layer layer=19 kind=sliding reduced=false 0.548ms
gemma4-profile phase=paged_regular_sdpa seq_len=1 heads=8 0.012ms
gemma4-profile phase=paged_cache_write path=regular seq_len=1 heads=2 0.010ms
gemma4-profile phase=layer layer=20 kind=sliding reduced=false 0.551ms
gemma4-profile phase=paged_regular_sdpa seq_len=1 heads=8 0.012ms
gemma4-profile phase=paged_cache_write path=regular seq_len=1 heads=2 0.009ms
gemma4-profile phase=layer layer=21 kind=sliding reduced=false 0.542ms
gemma4-profile phase=paged_regular_sdpa seq_len=1 heads=8 0.012ms
gemma4-profile phase=paged_cache_write path=regular seq_len=1 heads=2 0.009ms
gemma4-profile phase=layer layer=22 kind=sliding reduced=false 0.544ms
gemma4-profile phase=paged_regular_sdpa seq_len=1 heads=8 0.015ms
gemma4-profile phase=paged_cache_write path=regular seq_len=1 heads=2 0.009ms
gemma4-profile phase=layer layer=23 kind=global reduced=false 0.627ms
gemma4-profile phase=paged_gather seq_len=1 max_kv=1 write_cache=false 0.104ms
gemma4-profile phase=paged_prefix_sdpa packed=true seq_len=1 max_q=1 max_k=1 0.014ms
gemma4-profile phase=layer layer=24 kind=shared reduced=false 0.659ms
gemma4-profile phase=paged_gather seq_len=1 max_kv=1 write_cache=false 0.019ms
gemma4-profile phase=paged_prefix_sdpa packed=true seq_len=1 max_q=1 max_k=1 0.012ms
gemma4-profile phase=layer layer=25 kind=shared reduced=false 0.551ms
gemma4-profile phase=paged_gather seq_len=1 max_kv=1 write_cache=false 0.017ms
gemma4-profile phase=paged_prefix_sdpa packed=true seq_len=1 max_q=1 max_k=1 0.012ms
gemma4-profile phase=layer layer=26 kind=shared reduced=false 0.560ms
gemma4-profile phase=paged_gather seq_len=1 max_kv=1 write_cache=false 0.020ms
gemma4-profile phase=paged_prefix_sdpa packed=true seq_len=1 max_q=1 max_k=1 0.012ms
gemma4-profile phase=layer layer=27 kind=shared reduced=false 0.561ms
gemma4-profile phase=paged_gather seq_len=1 max_kv=1 write_cache=false 0.017ms
gemma4-profile phase=paged_prefix_sdpa packed=true seq_len=1 max_q=1 max_k=1 0.012ms
gemma4-profile phase=layer layer=28 kind=shared reduced=false 0.557ms
gemma4-profile phase=paged_gather seq_len=1 max_kv=1 write_cache=false 0.019ms
gemma4-profile phase=paged_prefix_sdpa packed=true seq_len=1 max_q=1 max_k=1 0.016ms
gemma4-profile phase=layer layer=29 kind=shared reduced=false 0.608ms
gemma4-profile phase=paged_gather seq_len=1 max_kv=1 write_cache=false 0.017ms
gemma4-profile phase=paged_prefix_sdpa packed=true seq_len=1 max_q=1 max_k=1 0.012ms
gemma4-profile phase=layer layer=30 kind=shared reduced=false 0.546ms
gemma4-profile phase=paged_gather seq_len=1 max_kv=1 write_cache=false 0.017ms
gemma4-profile phase=paged_prefix_sdpa packed=true seq_len=1 max_q=1 max_k=1 0.012ms
gemma4-profile phase=layer layer=31 kind=shared reduced=false 0.546ms
gemma4-profile phase=paged_gather seq_len=1 max_kv=1 write_cache=false 0.017ms
gemma4-profile phase=paged_prefix_sdpa packed=true seq_len=1 max_q=1 max_k=1 0.012ms
gemma4-profile phase=layer layer=32 kind=shared reduced=false 0.558ms
gemma4-profile phase=paged_gather seq_len=1 max_kv=1 write_cache=false 0.017ms
gemma4-profile phase=paged_prefix_sdpa packed=true seq_len=1 max_q=1 max_k=1 0.012ms
gemma4-profile phase=layer layer=33 kind=shared reduced=false 0.551ms
gemma4-profile phase=paged_gather seq_len=1 max_kv=1 write_cache=false 0.018ms
gemma4-profile phase=paged_prefix_sdpa packed=true seq_len=1 max_q=1 max_k=1 0.012ms
gemma4-profile phase=layer layer=34 kind=shared reduced=false 0.559ms
gemma4-profile phase=paged_gather seq_len=1 max_kv=1 write_cache=false 0.018ms
gemma4-profile phase=paged_prefix_sdpa packed=true seq_len=1 max_q=1 max_k=1 0.015ms
gemma4-profile phase=layer layer=35 kind=shared reduced=false 0.602ms
gemma4-profile phase=paged_gather seq_len=1 max_kv=1 write_cache=false 0.017ms
gemma4-profile phase=paged_prefix_sdpa packed=true seq_len=1 max_q=1 max_k=1 0.012ms
gemma4-profile phase=layer layer=36 kind=shared reduced=false 0.547ms
gemma4-profile phase=paged_gather seq_len=1 max_kv=1 write_cache=false 0.017ms
gemma4-profile phase=paged_prefix_sdpa packed=true seq_len=1 max_q=1 max_k=1 0.012ms
gemma4-profile phase=layer layer=37 kind=shared reduced=false 0.542ms
gemma4-profile phase=paged_gather seq_len=1 max_kv=1 write_cache=false 0.017ms
gemma4-profile phase=paged_prefix_sdpa packed=true seq_len=1 max_q=1 max_k=1 0.012ms
gemma4-profile phase=layer layer=38 kind=shared reduced=false 0.540ms
gemma4-profile phase=paged_gather seq_len=1 max_kv=1 write_cache=false 0.019ms
gemma4-profile phase=paged_prefix_sdpa packed=true seq_len=1 max_q=1 max_k=1 0.012ms
gemma4-profile phase=layer layer=39 kind=shared reduced=false 0.548ms
gemma4-profile phase=paged_gather seq_len=1 max_kv=1 write_cache=false 0.018ms
gemma4-profile phase=paged_prefix_sdpa packed=true seq_len=1 max_q=1 max_k=1 0.013ms
gemma4-profile phase=layer layer=40 kind=shared reduced=false 0.546ms
gemma4-profile phase=paged_gather seq_len=1 max_kv=1 write_cache=false 0.019ms
gemma4-profile phase=paged_prefix_sdpa packed=true seq_len=1 max_q=1 max_k=1 0.016ms
gemma4-profile phase=layer layer=41 kind=shared reduced=false 0.610ms
gemma4-profile phase=final_norm_logits 0.010ms
gemma4-profile phase=lm_head 3.292ms
gemma4-profile phase=softcap 0.098ms
2026-05-25T12:25:31.065888Z  INFO mistralrs::commands::bench: Model loaded.
2026-05-25T12:25:31.065916Z  INFO mistralrs::commands::bench: Running 1 iteration(s) with prompt lengths [2048], 0 generation tokens, decode depths [1]...
2026-05-25T12:25:31.065919Z  INFO mistralrs::commands::bench: Iteration 1/1...
gemma4-profile phase=compute_ple 16.745ms
gemma4-profile phase=paged_regular_sdpa seq_len=2048 heads=8 8.639ms
gemma4-profile phase=paged_cache_write path=regular seq_len=2048 heads=2 0.046ms
gemma4-profile phase=layer layer=0 kind=sliding reduced=false 23.739ms
gemma4-profile phase=paged_regular_sdpa seq_len=2048 heads=8 0.190ms
gemma4-profile phase=paged_cache_write path=regular seq_len=2048 heads=2 0.032ms
gemma4-profile phase=layer layer=1 kind=sliding reduced=false 15.822ms
gemma4-profile phase=paged_regular_sdpa seq_len=2048 heads=8 0.181ms
gemma4-profile phase=paged_cache_write path=regular seq_len=2048 heads=2 0.030ms
gemma4-profile phase=layer layer=2 kind=sliding reduced=false 14.226ms
gemma4-profile phase=paged_regular_sdpa seq_len=2048 heads=8 0.179ms
gemma4-profile phase=paged_cache_write path=regular seq_len=2048 heads=2 0.033ms
gemma4-profile phase=layer layer=3 kind=sliding reduced=false 13.898ms
gemma4-profile phase=paged_regular_sdpa seq_len=2048 heads=8 0.182ms
gemma4-profile phase=paged_cache_write path=regular seq_len=2048 heads=2 0.033ms
gemma4-profile phase=layer layer=4 kind=sliding reduced=false 13.844ms
gemma4-profile phase=paged_regular_sdpa seq_len=2048 heads=8 3.044ms
gemma4-profile phase=paged_cache_write path=regular seq_len=2048 heads=2 0.051ms
gemma4-profile phase=layer layer=5 kind=global reduced=false 20.071ms
gemma4-profile phase=paged_regular_sdpa seq_len=2048 heads=8 0.177ms
gemma4-profile phase=paged_cache_write path=regular seq_len=2048 heads=2 0.032ms
gemma4-profile phase=layer layer=6 kind=sliding reduced=false 16.399ms
gemma4-profile phase=paged_regular_sdpa seq_len=2048 heads=8 0.185ms
gemma4-profile phase=paged_cache_write path=regular seq_len=2048 heads=2 0.030ms
gemma4-profile phase=layer layer=7 kind=sliding reduced=false 14.758ms
gemma4-profile phase=paged_regular_sdpa seq_len=2048 heads=8 0.179ms
gemma4-profile phase=paged_cache_write path=regular seq_len=2048 heads=2 0.031ms
gemma4-profile phase=layer layer=8 kind=sliding reduced=false 14.226ms
gemma4-profile phase=paged_regular_sdpa seq_len=2048 heads=8 0.313ms
gemma4-profile phase=paged_cache_write path=regular seq_len=2048 heads=2 0.034ms
gemma4-profile phase=layer layer=9 kind=sliding reduced=false 14.002ms
gemma4-profile phase=paged_regular_sdpa seq_len=2048 heads=8 0.179ms
gemma4-profile phase=paged_cache_write path=regular seq_len=2048 heads=2 0.033ms
gemma4-profile phase=layer layer=10 kind=sliding reduced=false 14.391ms
gemma4-profile phase=paged_regular_sdpa seq_len=2048 heads=8 2.767ms
gemma4-profile phase=paged_cache_write path=regular seq_len=2048 heads=2 0.050ms
gemma4-profile phase=layer layer=11 kind=global reduced=false 20.182ms
gemma4-profile phase=paged_regular_sdpa seq_len=2048 heads=8 0.179ms
gemma4-profile phase=paged_cache_write path=regular seq_len=2048 heads=2 0.033ms
gemma4-profile phase=layer layer=12 kind=sliding reduced=false 16.864ms
gemma4-profile phase=paged_regular_sdpa seq_len=2048 heads=8 0.187ms
gemma4-profile phase=paged_cache_write path=regular seq_len=2048 heads=2 0.031ms
gemma4-profile phase=layer layer=13 kind=sliding reduced=false 14.508ms
gemma4-profile phase=paged_regular_sdpa seq_len=2048 heads=8 0.178ms
gemma4-profile phase=paged_cache_write path=regular seq_len=2048 heads=2 0.033ms
gemma4-profile phase=layer layer=14 kind=sliding reduced=false 14.002ms
gemma4-profile phase=paged_regular_sdpa seq_len=2048 heads=8 0.173ms
gemma4-profile phase=paged_cache_write path=regular seq_len=2048 heads=2 0.033ms
gemma4-profile phase=layer layer=15 kind=sliding reduced=false 14.050ms
gemma4-profile phase=paged_regular_sdpa seq_len=2048 heads=8 0.188ms
gemma4-profile phase=paged_cache_write path=regular seq_len=2048 heads=2 0.034ms
gemma4-profile phase=layer layer=16 kind=sliding reduced=false 14.672ms
gemma4-profile phase=paged_regular_sdpa seq_len=2048 heads=8 2.745ms
gemma4-profile phase=paged_cache_write path=regular seq_len=2048 heads=2 0.052ms
gemma4-profile phase=layer layer=17 kind=global reduced=false 20.592ms
gemma4-profile phase=paged_regular_sdpa seq_len=2048 heads=8 0.178ms
gemma4-profile phase=paged_cache_write path=regular seq_len=2048 heads=2 0.037ms
gemma4-profile phase=layer layer=18 kind=sliding reduced=false 16.872ms
gemma4-profile phase=paged_regular_sdpa seq_len=2048 heads=8 0.184ms
gemma4-profile phase=paged_cache_write path=regular seq_len=2048 heads=2 0.032ms
gemma4-profile phase=layer layer=19 kind=sliding reduced=false 13.903ms
gemma4-profile phase=paged_regular_sdpa seq_len=2048 heads=8 0.186ms
gemma4-profile phase=paged_cache_write path=regular seq_len=2048 heads=2 0.031ms
gemma4-profile phase=layer layer=20 kind=sliding reduced=false 13.980ms
gemma4-profile phase=paged_regular_sdpa seq_len=2048 heads=8 0.176ms
gemma4-profile phase=paged_cache_write path=regular seq_len=2048 heads=2 0.032ms
gemma4-profile phase=layer layer=21 kind=sliding reduced=false 14.397ms
gemma4-profile phase=paged_regular_sdpa seq_len=2048 heads=8 0.179ms
gemma4-profile phase=paged_cache_write path=regular seq_len=2048 heads=2 0.030ms
gemma4-profile phase=layer layer=22 kind=sliding reduced=false 14.549ms
gemma4-profile phase=paged_regular_sdpa seq_len=2048 heads=8 2.758ms
gemma4-profile phase=paged_cache_write path=regular seq_len=2048 heads=2 0.051ms
gemma4-profile phase=layer layer=23 kind=global reduced=false 20.593ms
gemma4-profile phase=paged_gather seq_len=1 max_kv=2048 write_cache=false 0.055ms
gemma4-profile phase=paged_prefix_sdpa packed=true seq_len=1 max_q=1 max_k=2048 0.043ms
gemma4-profile phase=layer layer=24 kind=shared reduced=true 0.692ms
gemma4-profile phase=paged_gather seq_len=1 max_kv=2048 write_cache=false 0.042ms
gemma4-profile phase=paged_prefix_sdpa packed=true seq_len=1 max_q=1 max_k=2048 0.031ms
gemma4-profile phase=layer layer=25 kind=shared reduced=true 0.621ms
gemma4-profile phase=paged_gather seq_len=1 max_kv=2048 write_cache=false 0.038ms
gemma4-profile phase=paged_prefix_sdpa packed=true seq_len=1 max_q=1 max_k=2048 0.030ms
gemma4-profile phase=layer layer=26 kind=shared reduced=true 0.620ms
gemma4-profile phase=paged_gather seq_len=1 max_kv=2048 write_cache=false 0.040ms
gemma4-profile phase=paged_prefix_sdpa packed=true seq_len=1 max_q=1 max_k=2048 0.030ms
gemma4-profile phase=layer layer=27 kind=shared reduced=true 0.624ms
gemma4-profile phase=paged_gather seq_len=1 max_kv=2048 write_cache=false 0.038ms
gemma4-profile phase=paged_prefix_sdpa packed=true seq_len=1 max_q=1 max_k=2048 0.029ms
gemma4-profile phase=layer layer=28 kind=shared reduced=true 0.608ms
gemma4-profile phase=paged_gather seq_len=1 max_kv=2048 write_cache=false 0.076ms
gemma4-profile phase=paged_prefix_sdpa packed=true seq_len=1 max_q=1 max_k=2048 0.406ms
gemma4-profile phase=layer layer=29 kind=shared reduced=true 1.092ms
gemma4-profile phase=paged_gather seq_len=1 max_kv=2048 write_cache=false 0.040ms
gemma4-profile phase=paged_prefix_sdpa packed=true seq_len=1 max_q=1 max_k=2048 0.030ms
gemma4-profile phase=layer layer=30 kind=shared reduced=true 0.603ms
gemma4-profile phase=paged_gather seq_len=1 max_kv=2048 write_cache=false 0.039ms
gemma4-profile phase=paged_prefix_sdpa packed=true seq_len=1 max_q=1 max_k=2048 0.030ms
gemma4-profile phase=layer layer=31 kind=shared reduced=true 0.606ms
gemma4-profile phase=paged_gather seq_len=1 max_kv=2048 write_cache=false 0.038ms
gemma4-profile phase=paged_prefix_sdpa packed=true seq_len=1 max_q=1 max_k=2048 0.030ms
gemma4-profile phase=layer layer=32 kind=shared reduced=true 0.618ms
gemma4-profile phase=paged_gather seq_len=1 max_kv=2048 write_cache=false 0.038ms
gemma4-profile phase=paged_prefix_sdpa packed=true seq_len=1 max_q=1 max_k=2048 0.032ms
gemma4-profile phase=layer layer=33 kind=shared reduced=true 0.615ms
gemma4-profile phase=paged_gather seq_len=1 max_kv=2048 write_cache=false 0.038ms
gemma4-profile phase=paged_prefix_sdpa packed=true seq_len=1 max_q=1 max_k=2048 0.029ms
gemma4-profile phase=layer layer=34 kind=shared reduced=true 0.616ms
gemma4-profile phase=paged_gather seq_len=1 max_kv=2048 write_cache=false 0.068ms
gemma4-profile phase=paged_prefix_sdpa packed=true seq_len=1 max_q=1 max_k=2048 0.401ms
gemma4-profile phase=layer layer=35 kind=shared reduced=true 1.082ms
gemma4-profile phase=paged_gather seq_len=1 max_kv=2048 write_cache=false 0.040ms
gemma4-profile phase=paged_prefix_sdpa packed=true seq_len=1 max_q=1 max_k=2048 0.030ms
gemma4-profile phase=layer layer=36 kind=shared reduced=true 0.626ms
gemma4-profile phase=paged_gather seq_len=1 max_kv=2048 write_cache=false 0.037ms
gemma4-profile phase=paged_prefix_sdpa packed=true seq_len=1 max_q=1 max_k=2048 0.030ms
gemma4-profile phase=layer layer=37 kind=shared reduced=true 0.604ms
gemma4-profile phase=paged_gather seq_len=1 max_kv=2048 write_cache=false 0.038ms
gemma4-profile phase=paged_prefix_sdpa packed=true seq_len=1 max_q=1 max_k=2048 0.030ms
gemma4-profile phase=layer layer=38 kind=shared reduced=true 0.603ms
gemma4-profile phase=paged_gather seq_len=1 max_kv=2048 write_cache=false 0.039ms
gemma4-profile phase=paged_prefix_sdpa packed=true seq_len=1 max_q=1 max_k=2048 0.030ms
gemma4-profile phase=layer layer=39 kind=shared reduced=true 0.613ms
gemma4-profile phase=paged_gather seq_len=1 max_kv=2048 write_cache=false 0.038ms
gemma4-profile phase=paged_prefix_sdpa packed=true seq_len=1 max_q=1 max_k=2048 0.029ms
gemma4-profile phase=layer layer=40 kind=shared reduced=true 0.601ms
gemma4-profile phase=paged_gather seq_len=1 max_kv=2048 write_cache=false 0.068ms
gemma4-profile phase=paged_prefix_sdpa packed=true seq_len=1 max_q=1 max_k=2048 0.400ms
gemma4-profile phase=layer layer=41 kind=shared reduced=true 1.076ms
gemma4-profile phase=final_norm_logits 0.010ms
gemma4-profile phase=lm_head 3.302ms
gemma4-profile phase=softcap 0.020ms

Benchmark Results
=================

Model: google/gemma-4-E4B-it
Iterations: 1

┌───────────────────────┬──────────────┬──────────────────┐
│ Test                  ┆ T/s          ┆ Latency          │
╞═══════════════════════╪══════════════╪══════════════════╡
│ Prefill (2048 tokens) ┆ 4807.5 ± 0.0 ┆ 426.00 ms (TTFT) │
└───────────────────────┴──────────────┴──────────────────┘

