2026-05-25T12:46:37.838816Z  INFO mistralrs::commands::quant: quant: --quant 8 -> UQFF q8_0 from `mistralrs-community/gemma-4-E4B-it-UQFF`
2026-05-25T12:46:37.838996Z  INFO mistralrs::commands::bench: Loading model for benchmarking...
2026-05-25T12:46:38.498119Z  INFO mistralrs_quant::utils::log: DType selected is BF16.
2026-05-25T12:46:38.623826Z  INFO mistralrs_core::pipeline::loaders::auto_device_map: Using automatic device mapping parameters: multimodal[max_seq_len: 10000, max_batch_size: 1, max_image_shape: (1024, 1024), max_num_images: 1].
2026-05-25T12:46:38.623909Z  INFO mistralrs_core::pipeline::loaders::auto_device_map: The following sub-models will not be device mapped and will be loaded on cuda[0]: vision, audio
2026-05-25T12:46:38.624056Z  INFO mistralrs_quant::utils::log: Model has 42 repeating layers.
2026-05-25T12:46:38.624107Z  INFO mistralrs_quant::utils::log: Loading model according to the following repeating layer mappings:
2026-05-25T12:46:38.660064Z  INFO mistralrs_quant::utils::log: Layers 0-41: cuda[0] (90 GB)
2026-05-25T12:46:38.714194Z  INFO mistralrs_quant::utils::log: FlashAttention is enabled.
2026-05-25T12:46:38.714417Z  INFO mistralrs_core::pipeline::multimodal: Loading residual weights and preparing UQFF placeholders.
2026-05-25T12:47:05.871022Z  INFO mistralrs_core::pipeline::isq: Loading UQFF artifacts into 379 quantized tensors.
2026-05-25T12:47:06.178863Z  INFO mistralrs_core::pipeline::isq: Loaded UQFF artifacts into 379 quantized tensors. Took 0.31s
2026-05-25T12:47:06.256206Z  INFO mistralrs_core::paged_attention: Allocating 956 MB for PagedAttention KV cache per GPU
2026-05-25T12:47:06.256230Z  INFO mistralrs_core::paged_attention: PagedAttention KV cache type is BF16
2026-05-25T12:47:06.256233Z  INFO mistralrs_core::paged_attention: Using PagedAttention with block size 32 and 312 GPU blocks: available context length is 9984 tokens
2026-05-25T12:47:07.690743Z  INFO mistralrs_server_core::mistralrs_for_server_builder: Model loaded.
2026-05-25T12:47:07.690793Z  INFO mistralrs_core: git revision: b5ba77b7bb8027c0284ff07fda9c9d5c290109ce
2026-05-25T12:47:07.692602Z  INFO mistralrs_core: Pipeline input modalities are [📝 Text, 🖼️ Vision, 🎬 Video, 🔊 Audio]
2026-05-25T12:47:07.692668Z  INFO mistralrs_core: Pipeline output modalities are [📝 Text]
2026-05-25T12:47:07.805582Z  INFO mistralrs::commands::bench: Model loaded.
2026-05-25T12:47:07.805623Z  INFO mistralrs::commands::bench: Running 1 iteration(s) with prompt lengths [8192], 0 generation tokens, decode depths [1]...
2026-05-25T12:47:07.805627Z  INFO mistralrs::commands::bench: Iteration 1/1...

Benchmark Results
=================

Model: google/gemma-4-E4B-it
Iterations: 1

┌───────────────────────┬──────────────┬───────────────────┐
│ Test                  ┆ T/s          ┆ Latency           │
╞═══════════════════════╪══════════════╪═══════════════════╡
│ Prefill (8192 tokens) ┆ 5653.6 ± 0.0 ┆ 1449.00 ms (TTFT) │
└───────────────────────┴──────────────┴───────────────────┘

